Sender: LSF System <ibm003@juronc03>
Subject: Job 8784: <nvprof --metrics achieved_occupancy,dram_read_throughput,dram_utilization,dram_write_throughput,l2_read_throughput,l2_write_throughput,issued_ipc ./../bin/saxpy_many 10 10> in cluster <cluster_lsf_hbp> Done

Job <nvprof --metrics achieved_occupancy,dram_read_throughput,dram_utilization,dram_write_throughput,l2_read_throughput,l2_write_throughput,issued_ipc ./../bin/saxpy_many 10 10> was submitted from host <juronb1> by user <padc005> in cluster <cluster_lsf_hbp>.
Job was executed on host(s) <juronc03>, in queue <normal>, as user <padc005> in cluster <cluster_lsf_hbp>.
</gpfs/homeb/zam/padc005> was used as the home directory.
</gpfs/homeb/zam/padc005/test/saxpy/SAXPY/src> was used as the working directory.
Started at Tue Jan  3 09:39:24 2017
Results reported on Tue Jan  3 09:39:39 2017

Your job looked like:

------------------------------------------------------------
# LSBATCH: User input
nvprof --metrics achieved_occupancy,dram_read_throughput,dram_utilization,dram_write_throughput,l2_read_throughput,l2_write_throughput,issued_ipc ./../bin/saxpy_many 10 10
------------------------------------------------------------

Successfully completed.

Resource usage summary:

    CPU time :                                   2.45 sec.
    Max Memory :                                 66 MB
    Average Memory :                             39.50 MB
    Total Requested Memory :                     -
    Delta Memory :                               -
    Max Swap :                                   -
    Max Processes :                              4
    Max Threads :                                13
    Run time :                                   15 sec.
    Turnaround time :                            16 sec.

The output (if any) follows:

==144541== NVPROF is profiling process 144541, command: ./../bin/saxpy_many 10 10
==144541== Some kernel(s) will be replayed on device 0 in order to collect all events/metrics.
==144541== Profiling application: ./../bin/saxpy_many 10 10
N = 1024
Max error: 0.000000
Max error: 0.000000
Max error: 0.000000
Max error: 0.000000
Max error: 0.000000
Max error: 0.000000
Max error: 0.000000
Max error: 0.000000
Max error: 0.000000
Max error: 0.000000
Average time of execution: 1186.298242
Maximum time of execution: 1414.406128
Mininum time of execution: 943.149170
Average Bandwidth: 0.000010
Maximum Bandwidth: 0.000013
Mininum Bandwidth: 0.000009
==144541== Profiling result:
==144541== Metric result:
Invocations                               Metric Name                        Metric Description         Min         Max         Avg
Device "Tesla P100-SXM2-16GB (0)"
    Kernel: saxpy(int, float, float*, float*)
         10                        achieved_occupancy                        Achieved Occupancy    0.122743    0.123252    0.122942
         10                      dram_read_throughput             Device Memory Read Throughput  2.2408GB/s  4.3074GB/s  3.1497GB/s
         10                          dram_utilization                 Device Memory Utilization     Low (1)     Low (1)     Low (1)
         10                     dram_write_throughput            Device Memory Write Throughput  174.99MB/s  1.5716GB/s  528.34MB/s
         10                        l2_read_throughput                     L2 Throughput (Reads)  3.9304GB/s  6.6103GB/s  4.9397GB/s
         10                       l2_write_throughput                    L2 Throughput (Writes)  1.1777GB/s  2.0518GB/s  1.4938GB/s
         10                                issued_ipc                                Issued IPC    0.073075    0.093881    0.087060
