Sender: LSF System <ibm003@juronc03>
Subject: Job 8786: <nvprof --metrics achieved_occupancy,dram_read_throughput,dram_utilization,dram_write_throughput,l2_read_throughput,l2_write_throughput,issued_ipc ./../bin/saxpy_many 11 10> in cluster <cluster_lsf_hbp> Done

Job <nvprof --metrics achieved_occupancy,dram_read_throughput,dram_utilization,dram_write_throughput,l2_read_throughput,l2_write_throughput,issued_ipc ./../bin/saxpy_many 11 10> was submitted from host <juronb1> by user <padc005> in cluster <cluster_lsf_hbp>.
Job was executed on host(s) <juronc03>, in queue <normal>, as user <padc005> in cluster <cluster_lsf_hbp>.
</gpfs/homeb/zam/padc005> was used as the home directory.
</gpfs/homeb/zam/padc005/test/saxpy/SAXPY/src> was used as the working directory.
Started at Tue Jan  3 09:39:24 2017
Results reported on Tue Jan  3 09:39:39 2017

Your job looked like:

------------------------------------------------------------
# LSBATCH: User input
nvprof --metrics achieved_occupancy,dram_read_throughput,dram_utilization,dram_write_throughput,l2_read_throughput,l2_write_throughput,issued_ipc ./../bin/saxpy_many 11 10
------------------------------------------------------------

Successfully completed.

Resource usage summary:

    CPU time :                                   2.31 sec.
    Max Memory :                                 69 MB
    Average Memory :                             40.00 MB
    Total Requested Memory :                     -
    Delta Memory :                               -
    Max Swap :                                   -
    Max Processes :                              4
    Max Threads :                                13
    Run time :                                   15 sec.
    Turnaround time :                            16 sec.

The output (if any) follows:

==144536== NVPROF is profiling process 144536, command: ./../bin/saxpy_many 11 10
==144536== Some kernel(s) will be replayed on device 0 in order to collect all events/metrics.
==144536== Profiling application: ./../bin/saxpy_many 11 10
N = 2048
Max error: 0.000000
Max error: 0.000000
Max error: 0.000000
Max error: 0.000000
Max error: 0.000000
Max error: 0.000000
Max error: 0.000000
Max error: 0.000000
Max error: 0.000000
Max error: 0.000000
Average time of execution: 1143.987488
Maximum time of execution: 1449.410278
Mininum time of execution: 993.609619
Average Bandwidth: 0.000022
Maximum Bandwidth: 0.000025
Mininum Bandwidth: 0.000017
==144536== Profiling result:
==144536== Metric result:
Invocations                               Metric Name                        Metric Description         Min         Max         Avg
Device "Tesla P100-SXM2-16GB (0)"
    Kernel: saxpy(int, float, float*, float*)
         10                        achieved_occupancy                        Achieved Occupancy    0.117131    0.123107    0.121953
         10                      dram_read_throughput             Device Memory Read Throughput  4.2915GB/s  8.2530GB/s  6.2017GB/s
         10                          dram_utilization                 Device Memory Utilization     Low (1)     Low (1)     Low (1)
         10                     dram_write_throughput            Device Memory Write Throughput  127.87MB/s  2.9229GB/s  1.5320GB/s
         10                        l2_read_throughput                     L2 Throughput (Reads)  6.1393GB/s  11.806GB/s  8.9826GB/s
         10                       l2_write_throughput                    L2 Throughput (Writes)  2.0042GB/s  3.8542GB/s  2.9458GB/s
         10                                issued_ipc                                Issued IPC    0.071043    0.093392    0.081549
==18124== NVPROF is profiling process 18124, command: ./../bin/saxpy_high 11 100
==18124== Some kernel(s) will be replayed on device 0 in order to collect all events/metrics.
==18124== Error: Internal profiling error 3754:7.
======== Error: CUDA profiling error.

------------------------------------------------------------
Sender: LSF System <ibm003@juronc06>
Subject: Job 35608: <nvprof --metrics achieved_occupancy,dram_read_throughput,dram_utilization,dram_write_throughput,l2_read_throughput,l2_write_throughput,issued_ipc ./../bin/saxpy_high 11 100> in cluster <cluster_lsf_hbp> Exited

Job <nvprof --metrics achieved_occupancy,dram_read_throughput,dram_utilization,dram_write_throughput,l2_read_throughput,l2_write_throughput,issued_ipc ./../bin/saxpy_high 11 100> was submitted from host <juronb1> by user <padc005> in cluster <cluster_lsf_hbp>.
Job was executed on host(s) <juronc06>, in queue <normal>, as user <padc005> in cluster <cluster_lsf_hbp>.
</gpfs/homeb/zam/padc005> was used as the home directory.
</gpfs/homeb/zam/padc005/test/saxpy/SAXPY/src> was used as the working directory.
Started at Fri Feb  3 12:29:54 2017
Results reported on Fri Feb  3 12:30:18 2017

Your job looked like:

------------------------------------------------------------
# LSBATCH: User input
nvprof --metrics achieved_occupancy,dram_read_throughput,dram_utilization,dram_write_throughput,l2_read_throughput,l2_write_throughput,issued_ipc ./../bin/saxpy_high 11 100
------------------------------------------------------------

Exited with exit code 12.

Resource usage summary:

    CPU time :                                   1.13 sec.
    Max Memory :                                 1321 MB
    Average Memory :                             729.50 MB
    Total Requested Memory :                     -
    Delta Memory :                               -
    Max Swap :                                   -
    Max Processes :                              4
    Max Threads :                                13
    Run time :                                   23 sec.
    Turnaround time :                            6059 sec.

The output (if any) is above this job summary.

==11371== NVPROF is profiling process 11371, command: ./../bin/saxpy_high 11 100
==11371== Some kernel(s) will be replayed on device 0 in order to collect all events/metrics.
==11371== Error: Internal profiling error 3754:7.
======== Error: CUDA profiling error.

------------------------------------------------------------
Sender: LSF System <ibm003@juronc04>
Subject: Job 35674: <nvprof --metrics achieved_occupancy,dram_read_throughput,dram_utilization,dram_write_throughput,l2_read_throughput,l2_write_throughput,issued_ipc ./../bin/saxpy_high 11 100> in cluster <cluster_lsf_hbp> Exited

Job <nvprof --metrics achieved_occupancy,dram_read_throughput,dram_utilization,dram_write_throughput,l2_read_throughput,l2_write_throughput,issued_ipc ./../bin/saxpy_high 11 100> was submitted from host <juronb1> by user <padc005> in cluster <cluster_lsf_hbp>.
Job was executed on host(s) <juronc04>, in queue <normal>, as user <padc005> in cluster <cluster_lsf_hbp>.
</gpfs/homeb/zam/padc005> was used as the home directory.
</gpfs/homeb/zam/padc005/test/saxpy/SAXPY/src> was used as the working directory.
Started at Fri Feb  3 14:50:00 2017
Results reported on Fri Feb  3 14:50:28 2017

Your job looked like:

------------------------------------------------------------
# LSBATCH: User input
nvprof --metrics achieved_occupancy,dram_read_throughput,dram_utilization,dram_write_throughput,l2_read_throughput,l2_write_throughput,issued_ipc ./../bin/saxpy_high 11 100
------------------------------------------------------------

Exited with exit code 12.

Resource usage summary:

    CPU time :                                   1.15 sec.
    Max Memory :                                 1320 MB
    Average Memory :                             720.75 MB
    Total Requested Memory :                     -
    Delta Memory :                               -
    Max Swap :                                   -
    Max Processes :                              4
    Max Threads :                                13
    Run time :                                   26 sec.
    Turnaround time :                            29 sec.

The output (if any) is above this job summary.

==2182== NVPROF is profiling process 2182, command: ./../bin/saxpy_high 11 100
==2182== Some kernel(s) will be replayed on device 0 in order to collect all events/metrics.
==2182== Profiling application: ./../bin/saxpy_high 11 100
N = 2048
Max error: 0.000000
Max error: 0.000000
Max error: 0.000000
Max error: 0.000000
Max error: 0.000000
Max error: 0.000000
Max error: 0.000000
Max error: 0.000000
Max error: 0.000000
Max error: 0.000000
Max error: 0.000000
Max error: 0.000000
Max error: 0.000000
Max error: 0.000000
Max error: 0.000000
Max error: 0.000000
Max error: 0.000000
Max error: 0.000000
Max error: 0.000000
Max error: 0.000000
Max error: 0.000000
Max error: 0.000000
Max error: 0.000000
Max error: 0.000000
Max error: 0.000000
Max error: 0.000000
Max error: 0.000000
Max error: 0.000000
Max error: 0.000000
Max error: 0.000000
Max error: 0.000000
Max error: 0.000000
Max error: 0.000000
Max error: 0.000000
Max error: 0.000000
Max error: 0.000000
Max error: 0.000000
Max error: 0.000000
Max error: 0.000000
Max error: 0.000000
Max error: 0.000000
Max error: 0.000000
Max error: 0.000000
Max error: 0.000000
Max error: 0.000000
Max error: 0.000000
Max error: 0.000000
Max error: 0.000000
Max error: 0.000000
Max error: 0.000000
Max error: 0.000000
Max error: 0.000000
Max error: 0.000000
Max error: 0.000000
Max error: 0.000000
Max error: 0.000000
Max error: 0.000000
Max error: 0.000000
Max error: 0.000000
Max error: 0.000000
Max error: 0.000000
Max error: 0.000000
Max error: 0.000000
Max error: 0.000000
Max error: 0.000000
Max error: 0.000000
Max error: 0.000000
Max error: 0.000000
Max error: 0.000000
Max error: 0.000000
Max error: 0.000000
Max error: 0.000000
Max error: 0.000000
Max error: 0.000000
Max error: 0.000000
Max error: 0.000000
Max error: 0.000000
Max error: 0.000000
Max error: 0.000000
Max error: 0.000000
Max error: 0.000000
Max error: 0.000000
Max error: 0.000000
Max error: 0.000000
Max error: 0.000000
Max error: 0.000000
Max error: 0.000000
Max error: 0.000000
Max error: 0.000000
Max error: 0.000000
Max error: 0.000000
Max error: 0.000000
Max error: 0.000000
Max error: 0.000000
Max error: 0.000000
Max error: 0.000000
Max error: 0.000000
Max error: 0.000000
Max error: 0.000000
Max error: 0.000000
Average time of execution: 512.951677
Maximum time of execution: 964.134460
Mininum time of execution: 443.116364
Average Bandwidth: 0.000049
Maximum Bandwidth: 0.000055
Mininum Bandwidth: 0.000025
==2182== Profiling result:
==2182== Metric result:
Invocations                               Metric Name                        Metric Description         Min         Max         Avg
Device "Tesla P100-SXM2-16GB (0)"
    Kernel: saxpy(int, float, float*, float*)
        100                        achieved_occupancy                        Achieved Occupancy    0.121309    0.124127    0.123227
        100                      dram_read_throughput             Device Memory Read Throughput  2.1190GB/s  5.1013GB/s  3.9451GB/s
        100                          dram_utilization                 Device Memory Utilization     Low (1)     Low (1)     Low (1)
        100                     dram_write_throughput            Device Memory Write Throughput  31.140MB/s  2.0404GB/s  816.35MB/s
        100                        l2_read_throughput                     L2 Throughput (Reads)  6.8370GB/s  8.4239GB/s  7.6676GB/s
        100                       l2_write_throughput                    L2 Throughput (Writes)  1.9572GB/s  2.3197GB/s  2.1905GB/s
        100                                issued_ipc                                Issued IPC    0.174439    0.281893    0.201807

------------------------------------------------------------
Sender: LSF System <ibm003@juronc07>
Subject: Job 53360: <nvprof --metrics achieved_occupancy,dram_read_throughput,dram_utilization,dram_write_throughput,l2_read_throughput,l2_write_throughput,issued_ipc ./../bin/saxpy_high 11 100> in cluster <cluster_lsf_hbp> Done

Job <nvprof --metrics achieved_occupancy,dram_read_throughput,dram_utilization,dram_write_throughput,l2_read_throughput,l2_write_throughput,issued_ipc ./../bin/saxpy_high 11 100> was submitted from host <juronb1> by user <padc005> in cluster <cluster_lsf_hbp>.
Job was executed on host(s) <juronc07>, in queue <normal>, as user <padc005> in cluster <cluster_lsf_hbp>.
</gpfs/homeb/zam/padc005> was used as the home directory.
</gpfs/homeb/zam/padc005/test/saxpy/SAXPY/src> was used as the working directory.
Started at Fri May 12 11:01:01 2017
Results reported on Fri May 12 11:01:57 2017

Your job looked like:

------------------------------------------------------------
# LSBATCH: User input
nvprof --metrics achieved_occupancy,dram_read_throughput,dram_utilization,dram_write_throughput,l2_read_throughput,l2_write_throughput,issued_ipc ./../bin/saxpy_high 11 100
------------------------------------------------------------

Successfully completed.

Resource usage summary:

    CPU time :                                   14.01 sec.
    Max Memory :                                 99 MB
    Average Memory :                             77.50 MB
    Total Requested Memory :                     -
    Delta Memory :                               -
    Max Swap :                                   -
    Max Processes :                              4
    Max Threads :                                13
    Run time :                                   56 sec.
    Turnaround time :                            57 sec.

The output (if any) is above this job summary.

==57887== NVPROF is profiling process 57887, command: ./../bin/saxpy_high 11 100
==57887== Some kernel(s) will be replayed on device 0 in order to collect all events/metrics.
==57887== Profiling application: ./../bin/saxpy_high 11 100
N = 2048
Max error: 0.000000
Max error: 0.000000
Max error: 0.000000
Max error: 0.000000
Max error: 0.000000
Max error: 0.000000
Max error: 0.000000
Max error: 0.000000
Max error: 0.000000
Max error: 0.000000
Max error: 0.000000
Max error: 0.000000
Max error: 0.000000
Max error: 0.000000
Max error: 0.000000
Max error: 0.000000
Max error: 0.000000
Max error: 0.000000
Max error: 0.000000
Max error: 0.000000
Max error: 0.000000
Max error: 0.000000
Max error: 0.000000
Max error: 0.000000
Max error: 0.000000
Max error: 0.000000
Max error: 0.000000
Max error: 0.000000
Max error: 0.000000
Max error: 0.000000
Max error: 0.000000
Max error: 0.000000
Max error: 0.000000
Max error: 0.000000
Max error: 0.000000
Max error: 0.000000
Max error: 0.000000
Max error: 0.000000
Max error: 0.000000
Max error: 0.000000
Max error: 0.000000
Max error: 0.000000
Max error: 0.000000
Max error: 0.000000
Max error: 0.000000
Max error: 0.000000
Max error: 0.000000
Max error: 0.000000
Max error: 0.000000
Max error: 0.000000
Max error: 0.000000
Max error: 0.000000
Max error: 0.000000
Max error: 0.000000
Max error: 0.000000
Max error: 0.000000
Max error: 0.000000
Max error: 0.000000
Max error: 0.000000
Max error: 0.000000
Max error: 0.000000
Max error: 0.000000
Max error: 0.000000
Max error: 0.000000
Max error: 0.000000
Max error: 0.000000
Max error: 0.000000
Max error: 0.000000
Max error: 0.000000
Max error: 0.000000
Max error: 0.000000
Max error: 0.000000
Max error: 0.000000
Max error: 0.000000
Max error: 0.000000
Max error: 0.000000
Max error: 0.000000
Max error: 0.000000
Max error: 0.000000
Max error: 0.000000
Max error: 0.000000
Max error: 0.000000
Max error: 0.000000
Max error: 0.000000
Max error: 0.000000
Max error: 0.000000
Max error: 0.000000
Max error: 0.000000
Max error: 0.000000
Max error: 0.000000
Max error: 0.000000
Max error: 0.000000
Max error: 0.000000
Max error: 0.000000
Max error: 0.000000
Max error: 0.000000
Max error: 0.000000
Max error: 0.000000
Max error: 0.000000
Max error: 0.000000
Average time of execution: 653.525807
Maximum time of execution: 1223.931519
Mininum time of execution: 445.060913
Average Bandwidth: 0.000038
Maximum Bandwidth: 0.000055
Mininum Bandwidth: 0.000020
==57887== Profiling result:
==57887== Metric result:
Invocations                               Metric Name                        Metric Description         Min         Max         Avg
Device "Tesla P100-SXM2-16GB (0)"
    Kernel: saxpy(int, float, float*, float*)
        100                        achieved_occupancy                        Achieved Occupancy    0.120175    0.124246    0.123040
        100                      dram_read_throughput             Device Memory Read Throughput  2.1115GB/s  5.0360GB/s  4.0568GB/s
        100                          dram_utilization                 Device Memory Utilization     Low (1)     Low (1)     Low (1)
        100                     dram_write_throughput            Device Memory Write Throughput  93.612MB/s  1.9571GB/s  804.90MB/s
        100                        l2_read_throughput                     L2 Throughput (Reads)  5.7275GB/s  8.2439GB/s  7.6871GB/s
        100                       l2_write_throughput                    L2 Throughput (Writes)  1.6321GB/s  2.4351GB/s  2.1951GB/s
        100                                issued_ipc                                Issued IPC    0.176512    0.282040    0.202257

------------------------------------------------------------
Sender: LSF System <ibm003@juronc07>
Subject: Job 53401: <nvprof --metrics achieved_occupancy,dram_read_throughput,dram_utilization,dram_write_throughput,l2_read_throughput,l2_write_throughput,issued_ipc ./../bin/saxpy_high 11 100> in cluster <cluster_lsf_hbp> Done

Job <nvprof --metrics achieved_occupancy,dram_read_throughput,dram_utilization,dram_write_throughput,l2_read_throughput,l2_write_throughput,issued_ipc ./../bin/saxpy_high 11 100> was submitted from host <juronb1> by user <padc005> in cluster <cluster_lsf_hbp>.
Job was executed on host(s) <juronc07>, in queue <normal>, as user <padc005> in cluster <cluster_lsf_hbp>.
</gpfs/homeb/zam/padc005> was used as the home directory.
</gpfs/homeb/zam/padc005/test/saxpy/SAXPY/src> was used as the working directory.
Started at Fri May 12 11:16:21 2017
Results reported on Fri May 12 11:17:31 2017

Your job looked like:

------------------------------------------------------------
# LSBATCH: User input
nvprof --metrics achieved_occupancy,dram_read_throughput,dram_utilization,dram_write_throughput,l2_read_throughput,l2_write_throughput,issued_ipc ./../bin/saxpy_high 11 100
------------------------------------------------------------

Successfully completed.

Resource usage summary:

    CPU time :                                   14.03 sec.
    Max Memory :                                 97 MB
    Average Memory :                             80.50 MB
    Total Requested Memory :                     -
    Delta Memory :                               -
    Max Swap :                                   -
    Max Processes :                              4
    Max Threads :                                13
    Run time :                                   70 sec.
    Turnaround time :                            72 sec.

The output (if any) is above this job summary.

======== Error: failed to access tmp directory.
======== use the "TMPDIR" environment variable to specify an accessible directory.

------------------------------------------------------------
Sender: LSF System <ibm003@juronc18>
Subject: Job 53434: <nvprof --metrics achieved_occupancy,dram_read_throughput,dram_utilization,dram_write_throughput,l2_read_throughput,l2_write_throughput,issued_ipc ./../bin/saxpy_high 11 100> in cluster <cluster_lsf_hbp> Exited

Job <nvprof --metrics achieved_occupancy,dram_read_throughput,dram_utilization,dram_write_throughput,l2_read_throughput,l2_write_throughput,issued_ipc ./../bin/saxpy_high 11 100> was submitted from host <juronb1> by user <padc005> in cluster <cluster_lsf_hbp>.
Job was executed on host(s) <juronc18>, in queue <normal>, as user <padc005> in cluster <cluster_lsf_hbp>.
</gpfs/homeb/zam/padc005> was used as the home directory.
</gpfs/homeb/zam/padc005/test/saxpy/SAXPY/src> was used as the working directory.
Started at Fri May 12 11:21:35 2017
Results reported on Fri May 12 11:21:41 2017

Your job looked like:

------------------------------------------------------------
# LSBATCH: User input
nvprof --metrics achieved_occupancy,dram_read_throughput,dram_utilization,dram_write_throughput,l2_read_throughput,l2_write_throughput,issued_ipc ./../bin/saxpy_high 11 100
------------------------------------------------------------

Exited with exit code 2.

Resource usage summary:

    CPU time :                                   0.03 sec.
    Max Memory :                                 14 MB
    Average Memory :                             -
    Total Requested Memory :                     -
    Delta Memory :                               -
    Max Swap :                                   -
    Max Processes :                              -
    Max Threads :                                -
    Run time :                                   1 sec.
    Turnaround time :                            7 sec.

The output (if any) is above this job summary.

==47293== NVPROF is profiling process 47293, command: ./../bin/saxpy_high 11 100
==47293== Some kernel(s) will be replayed on device 0 in order to collect all events/metrics.
==47293== Profiling application: ./../bin/saxpy_high 11 100
N = 2048
Max error: 0.000000
Max error: 0.000000
Max error: 0.000000
Max error: 0.000000
Max error: 0.000000
Max error: 0.000000
Max error: 0.000000
Max error: 0.000000
Max error: 0.000000
Max error: 0.000000
Max error: 0.000000
Max error: 0.000000
Max error: 0.000000
Max error: 0.000000
Max error: 0.000000
Max error: 0.000000
Max error: 0.000000
Max error: 0.000000
Max error: 0.000000
Max error: 0.000000
Max error: 0.000000
Max error: 0.000000
Max error: 0.000000
Max error: 0.000000
Max error: 0.000000
Max error: 0.000000
Max error: 0.000000
Max error: 0.000000
Max error: 0.000000
Max error: 0.000000
Max error: 0.000000
Max error: 0.000000
Max error: 0.000000
Max error: 0.000000
Max error: 0.000000
Max error: 0.000000
Max error: 0.000000
Max error: 0.000000
Max error: 0.000000
Max error: 0.000000
Max error: 0.000000
Max error: 0.000000
Max error: 0.000000
Max error: 0.000000
Max error: 0.000000
Max error: 0.000000
Max error: 0.000000
Max error: 0.000000
Max error: 0.000000
Max error: 0.000000
Max error: 0.000000
Max error: 0.000000
Max error: 0.000000
Max error: 0.000000
Max error: 0.000000
Max error: 0.000000
Max error: 0.000000
Max error: 0.000000
Max error: 0.000000
Max error: 0.000000
Max error: 0.000000
Max error: 0.000000
Max error: 0.000000
Max error: 0.000000
Max error: 0.000000
Max error: 0.000000
Max error: 0.000000
Max error: 0.000000
Max error: 0.000000
Max error: 0.000000
Max error: 0.000000
Max error: 0.000000
Max error: 0.000000
Max error: 0.000000
Max error: 0.000000
Max error: 0.000000
Max error: 0.000000
Max error: 0.000000
Max error: 0.000000
Max error: 0.000000
Max error: 0.000000
Max error: 0.000000
Max error: 0.000000
Max error: 0.000000
Max error: 0.000000
Max error: 0.000000
Max error: 0.000000
Max error: 0.000000
Max error: 0.000000
Max error: 0.000000
Max error: 0.000000
Max error: 0.000000
Max error: 0.000000
Max error: 0.000000
Max error: 0.000000
Max error: 0.000000
Max error: 0.000000
Max error: 0.000000
Max error: 0.000000
Max error: 0.000000
Average time of execution: 653.033734
Maximum time of execution: 1374.617065
Mininum time of execution: 564.457275
Average Bandwidth: 0.000038
Maximum Bandwidth: 0.000044
Mininum Bandwidth: 0.000018
==47293== Profiling result:
==47293== Metric result:
Invocations                               Metric Name                        Metric Description         Min         Max         Avg
Device "Tesla P100-SXM2-16GB (0)"
    Kernel: saxpy(int, float, float*, float*)
        100                        achieved_occupancy                        Achieved Occupancy    0.119879    0.124237    0.123067
        100                      dram_read_throughput             Device Memory Read Throughput  2.3122GB/s  4.9754GB/s  4.0065GB/s
        100                          dram_utilization                 Device Memory Utilization     Low (1)     Low (1)     Low (1)
        100                     dram_write_throughput            Device Memory Write Throughput  33.462MB/s  1.9801GB/s  816.35MB/s
        100                        l2_read_throughput                     L2 Throughput (Reads)  6.3767GB/s  8.0211GB/s  7.7328GB/s
        100                       l2_write_throughput                    L2 Throughput (Writes)  1.7831GB/s  2.3314GB/s  2.2100GB/s
        100                                issued_ipc                                Issued IPC    0.191951    0.276827    0.210296

------------------------------------------------------------
Sender: LSF System <ibm003@juronc18>
Subject: Job 53468: <nvprof --metrics achieved_occupancy,dram_read_throughput,dram_utilization,dram_write_throughput,l2_read_throughput,l2_write_throughput,issued_ipc ./../bin/saxpy_high 11 100> in cluster <cluster_lsf_hbp> Done

Job <nvprof --metrics achieved_occupancy,dram_read_throughput,dram_utilization,dram_write_throughput,l2_read_throughput,l2_write_throughput,issued_ipc ./../bin/saxpy_high 11 100> was submitted from host <juronb1> by user <padc005> in cluster <cluster_lsf_hbp>.
Job was executed on host(s) <juronc18>, in queue <normal>, as user <padc005> in cluster <cluster_lsf_hbp>.
</gpfs/homeb/zam/padc005> was used as the home directory.
</gpfs/homeb/zam/padc005/test/saxpy/SAXPY/src> was used as the working directory.
Started at Fri May 12 11:29:05 2017
Results reported on Fri May 12 11:30:17 2017

Your job looked like:

------------------------------------------------------------
# LSBATCH: User input
nvprof --metrics achieved_occupancy,dram_read_throughput,dram_utilization,dram_write_throughput,l2_read_throughput,l2_write_throughput,issued_ipc ./../bin/saxpy_high 11 100
------------------------------------------------------------

Successfully completed.

Resource usage summary:

    CPU time :                                   14.01 sec.
    Max Memory :                                 103 MB
    Average Memory :                             85.70 MB
    Total Requested Memory :                     -
    Delta Memory :                               -
    Max Swap :                                   -
    Max Processes :                              4
    Max Threads :                                13
    Run time :                                   72 sec.
    Turnaround time :                            72 sec.

The output (if any) is above this job summary.

==27567== NVPROF is profiling process 27567, command: ./../bin/saxpy_high 11 100
==27567== Some kernel(s) will be replayed on device 0 in order to collect all events/metrics.
==27567== Profiling application: ./../bin/saxpy_high 11 100
N = 2048
Max error: 0.000000
Max error: 0.000000
Max error: 0.000000
Max error: 0.000000
Max error: 0.000000
Max error: 0.000000
Max error: 0.000000
Max error: 0.000000
Max error: 0.000000
Max error: 0.000000
Max error: 0.000000
Max error: 0.000000
Max error: 0.000000
Max error: 0.000000
Max error: 0.000000
Max error: 0.000000
Max error: 0.000000
Max error: 0.000000
Max error: 0.000000
Max error: 0.000000
Max error: 0.000000
Max error: 0.000000
Max error: 0.000000
Max error: 0.000000
Max error: 0.000000
Max error: 0.000000
Max error: 0.000000
Max error: 0.000000
Max error: 0.000000
Max error: 0.000000
Max error: 0.000000
Max error: 0.000000
Max error: 0.000000
Max error: 0.000000
Max error: 0.000000
Max error: 0.000000
Max error: 0.000000
Max error: 0.000000
Max error: 0.000000
Max error: 0.000000
Max error: 0.000000
Max error: 0.000000
Max error: 0.000000
Max error: 0.000000
Max error: 0.000000
Max error: 0.000000
Max error: 0.000000
Max error: 0.000000
Max error: 0.000000
Max error: 0.000000
Max error: 0.000000
Max error: 0.000000
Max error: 0.000000
Max error: 0.000000
Max error: 0.000000
Max error: 0.000000
Max error: 0.000000
Max error: 0.000000
Max error: 0.000000
Max error: 0.000000
Max error: 0.000000
Max error: 0.000000
Max error: 0.000000
Max error: 0.000000
Max error: 0.000000
Max error: 0.000000
Max error: 0.000000
Max error: 0.000000
Max error: 0.000000
Max error: 0.000000
Max error: 0.000000
Max error: 0.000000
Max error: 0.000000
Max error: 0.000000
Max error: 0.000000
Max error: 0.000000
Max error: 0.000000
Max error: 0.000000
Max error: 0.000000
Max error: 0.000000
Max error: 0.000000
Max error: 0.000000
Max error: 0.000000
Max error: 0.000000
Max error: 0.000000
Max error: 0.000000
Max error: 0.000000
Max error: 0.000000
Max error: 0.000000
Max error: 0.000000
Max error: 0.000000
Max error: 0.000000
Max error: 0.000000
Max error: 0.000000
Max error: 0.000000
Max error: 0.000000
Max error: 0.000000
Max error: 0.000000
Max error: 0.000000
Max error: 0.000000
Average time of execution: 661.080703
Maximum time of execution: 1043.789062
Mininum time of execution: 547.444153
Average Bandwidth: 0.000038
Maximum Bandwidth: 0.000045
Mininum Bandwidth: 0.000024
==27567== Profiling result:
==27567== Metric result:
Invocations                               Metric Name                        Metric Description         Min         Max         Avg
Device "Tesla P100-SXM2-16GB (0)"
    Kernel: saxpy(int, float, float*, float*)
        100                        achieved_occupancy                        Achieved Occupancy    0.120981    0.124151    0.123084
        100                      dram_read_throughput             Device Memory Read Throughput  0.00000B/s  5.4220GB/s  4.2655GB/s
        100                          dram_utilization                 Device Memory Utilization     Low (1)     Low (1)     Low (1)
        100                     dram_write_throughput            Device Memory Write Throughput  31.397MB/s  2.2557GB/s  578.88MB/s
        100                        l2_read_throughput                     L2 Throughput (Reads)  6.4973GB/s  8.8153GB/s  8.4853GB/s
        100                       l2_write_throughput                    L2 Throughput (Writes)  1.8515GB/s  2.5391GB/s  2.4186GB/s
        100                                issued_ipc                                Issued IPC    0.175487    0.281668    0.204593

------------------------------------------------------------
Sender: LSF System <ibm003@juronc12>
Subject: Job 53501: <nvprof --metrics achieved_occupancy,dram_read_throughput,dram_utilization,dram_write_throughput,l2_read_throughput,l2_write_throughput,issued_ipc ./../bin/saxpy_high 11 100> in cluster <cluster_lsf_hbp> Done

Job <nvprof --metrics achieved_occupancy,dram_read_throughput,dram_utilization,dram_write_throughput,l2_read_throughput,l2_write_throughput,issued_ipc ./../bin/saxpy_high 11 100> was submitted from host <juronb1> by user <padc005> in cluster <cluster_lsf_hbp>.
Job was executed on host(s) <juronc12>, in queue <normal>, as user <padc005> in cluster <cluster_lsf_hbp>.
</gpfs/homeb/zam/padc005> was used as the home directory.
</gpfs/homeb/zam/padc005/test/saxpy/SAXPY/src> was used as the working directory.
Started at Fri May 12 11:32:23 2017
Results reported on Fri May 12 11:33:34 2017

Your job looked like:

------------------------------------------------------------
# LSBATCH: User input
nvprof --metrics achieved_occupancy,dram_read_throughput,dram_utilization,dram_write_throughput,l2_read_throughput,l2_write_throughput,issued_ipc ./../bin/saxpy_high 11 100
------------------------------------------------------------

Successfully completed.

Resource usage summary:

    CPU time :                                   14.20 sec.
    Max Memory :                                 100 MB
    Average Memory :                             81.56 MB
    Total Requested Memory :                     -
    Delta Memory :                               -
    Max Swap :                                   -
    Max Processes :                              4
    Max Threads :                                13
    Run time :                                   70 sec.
    Turnaround time :                            72 sec.

The output (if any) is above this job summary.

======== Error: failed to access tmp directory.
======== use the "TMPDIR" environment variable to specify an accessible directory.

------------------------------------------------------------
Sender: LSF System <ibm003@juronc14>
Subject: Job 53590: <nvprof --metrics achieved_occupancy,dram_read_throughput,dram_utilization,dram_write_throughput,l2_read_throughput,l2_write_throughput,issued_ipc ./../bin/saxpy_high 11 100> in cluster <cluster_lsf_hbp> Exited

Job <nvprof --metrics achieved_occupancy,dram_read_throughput,dram_utilization,dram_write_throughput,l2_read_throughput,l2_write_throughput,issued_ipc ./../bin/saxpy_high 11 100> was submitted from host <juronb1> by user <padc005> in cluster <cluster_lsf_hbp>.
Job was executed on host(s) <juronc14>, in queue <normal>, as user <padc005> in cluster <cluster_lsf_hbp>.
</gpfs/homeb/zam/padc005> was used as the home directory.
</gpfs/homeb/zam/padc005/test/saxpy/SAXPY/src> was used as the working directory.
Started at Fri May 12 14:40:54 2017
Results reported on Fri May 12 14:40:56 2017

Your job looked like:

------------------------------------------------------------
# LSBATCH: User input
nvprof --metrics achieved_occupancy,dram_read_throughput,dram_utilization,dram_write_throughput,l2_read_throughput,l2_write_throughput,issued_ipc ./../bin/saxpy_high 11 100
------------------------------------------------------------

Exited with exit code 2.

Resource usage summary:

    CPU time :                                   0.03 sec.
    Max Memory :                                 13 MB
    Average Memory :                             -
    Total Requested Memory :                     -
    Delta Memory :                               -
    Max Swap :                                   -
    Max Processes :                              -
    Max Threads :                                -
    Run time :                                   1 sec.
    Turnaround time :                            2 sec.

The output (if any) is above this job summary.

==29856== NVPROF is profiling process 29856, command: ./../bin/saxpy_high 11 100
==29856== Some kernel(s) will be replayed on device 0 in order to collect all events/metrics.
==29856== Profiling application: ./../bin/saxpy_high 11 100
N = 2048
Average time of execution: 650.539584
Maximum time of execution: 1315.999023
Mininum time of execution: 567.209473
Average Bandwidth: 0.000038
Maximum Bandwidth: 0.000043
Mininum Bandwidth: 0.000019
==29856== Profiling result:
==29856== Metric result:
Invocations                               Metric Name                        Metric Description         Min         Max         Avg
Device "Tesla P100-SXM2-16GB (0)"
    Kernel: saxpy(int, float, float*, float*)
        100                        achieved_occupancy                        Achieved Occupancy    0.118374    0.123182    0.122625
        100                      dram_read_throughput             Device Memory Read Throughput  3.2537GB/s  7.2921GB/s  5.6969GB/s
        100                          dram_utilization                 Device Memory Utilization     Low (1)     Low (1)     Low (1)
        100                     dram_write_throughput            Device Memory Write Throughput  103.10MB/s  4.6076GB/s  1.2405GB/s
        100                        l2_read_throughput                     L2 Throughput (Reads)  7.4880GB/s  10.568GB/s  9.8152GB/s
        100                       l2_write_throughput                    L2 Throughput (Writes)  2.5178GB/s  3.5536GB/s  3.2941GB/s
        100                                issued_ipc                                Issued IPC    0.076769    0.126542    0.090018

------------------------------------------------------------
Sender: LSF System <ibm003@juronc07>
Subject: Job 53622: <nvprof --metrics achieved_occupancy,dram_read_throughput,dram_utilization,dram_write_throughput,l2_read_throughput,l2_write_throughput,issued_ipc ./../bin/saxpy_high 11 100> in cluster <cluster_lsf_hbp> Done

Job <nvprof --metrics achieved_occupancy,dram_read_throughput,dram_utilization,dram_write_throughput,l2_read_throughput,l2_write_throughput,issued_ipc ./../bin/saxpy_high 11 100> was submitted from host <juronb1> by user <padc005> in cluster <cluster_lsf_hbp>.
Job was executed on host(s) <juronc07>, in queue <normal>, as user <padc005> in cluster <cluster_lsf_hbp>.
</gpfs/homeb/zam/padc005> was used as the home directory.
</gpfs/homeb/zam/padc005/test/saxpy/SAXPY/src> was used as the working directory.
Started at Fri May 12 14:48:48 2017
Results reported on Fri May 12 14:49:57 2017

Your job looked like:

------------------------------------------------------------
# LSBATCH: User input
nvprof --metrics achieved_occupancy,dram_read_throughput,dram_utilization,dram_write_throughput,l2_read_throughput,l2_write_throughput,issued_ipc ./../bin/saxpy_high 11 100
------------------------------------------------------------

Successfully completed.

Resource usage summary:

    CPU time :                                   13.14 sec.
    Max Memory :                                 102 MB
    Average Memory :                             81.67 MB
    Total Requested Memory :                     -
    Delta Memory :                               -
    Max Swap :                                   -
    Max Processes :                              4
    Max Threads :                                13
    Run time :                                   69 sec.
    Turnaround time :                            70 sec.

The output (if any) is above this job summary.

==24963== NVPROF is profiling process 24963, command: ./../bin/saxpy_high 11 100
==24963== Some kernel(s) will be replayed on device 0 in order to collect all events/metrics.
==24963== Profiling application: ./../bin/saxpy_high 11 100
N = 2048
Average time of execution: 648.521679
Maximum time of execution: 736.604187
Mininum time of execution: 522.655396
Average Bandwidth: 0.000038
Maximum Bandwidth: 0.000047
Mininum Bandwidth: 0.000033
==24963== Profiling result:
==24963== Metric result:
Invocations                               Metric Name                        Metric Description         Min         Max         Avg
Device "Tesla P100-SXM2-16GB (0)"
    Kernel: saxpy(int, float, float*, float*)
        101                        achieved_occupancy                        Achieved Occupancy    0.118250    0.123305    0.122778
        101                      dram_read_throughput             Device Memory Read Throughput  3.5701GB/s  8.0810GB/s  6.6273GB/s
        101                          dram_utilization                 Device Memory Utilization     Low (1)     Low (1)     Low (1)
        101                     dram_write_throughput            Device Memory Write Throughput  56.514MB/s  2.4271GB/s  550.27MB/s
        101                        l2_read_throughput                     L2 Throughput (Reads)  7.9845GB/s  11.634GB/s  11.058GB/s
        101                       l2_write_throughput                    L2 Throughput (Writes)  2.6848GB/s  3.9185GB/s  3.7123GB/s
        101                                issued_ipc                                Issued IPC    0.072555    0.146119    0.082611

------------------------------------------------------------
Sender: LSF System <ibm003@juronc14>
Subject: Job 53656: <nvprof --metrics achieved_occupancy,dram_read_throughput,dram_utilization,dram_write_throughput,l2_read_throughput,l2_write_throughput,issued_ipc ./../bin/saxpy_high 11 100> in cluster <cluster_lsf_hbp> Done

Job <nvprof --metrics achieved_occupancy,dram_read_throughput,dram_utilization,dram_write_throughput,l2_read_throughput,l2_write_throughput,issued_ipc ./../bin/saxpy_high 11 100> was submitted from host <juronb1> by user <padc005> in cluster <cluster_lsf_hbp>.
Job was executed on host(s) <juronc14>, in queue <normal>, as user <padc005> in cluster <cluster_lsf_hbp>.
</gpfs/homeb/zam/padc005> was used as the home directory.
</gpfs/homeb/zam/padc005/test/saxpy/SAXPY/src> was used as the working directory.
Started at Fri May 12 14:55:27 2017
Results reported on Fri May 12 14:56:38 2017

Your job looked like:

------------------------------------------------------------
# LSBATCH: User input
nvprof --metrics achieved_occupancy,dram_read_throughput,dram_utilization,dram_write_throughput,l2_read_throughput,l2_write_throughput,issued_ipc ./../bin/saxpy_high 11 100
------------------------------------------------------------

Successfully completed.

Resource usage summary:

    CPU time :                                   14.18 sec.
    Max Memory :                                 97 MB
    Average Memory :                             80.20 MB
    Total Requested Memory :                     -
    Delta Memory :                               -
    Max Swap :                                   -
    Max Processes :                              4
    Max Threads :                                13
    Run time :                                   70 sec.
    Turnaround time :                            72 sec.

The output (if any) is above this job summary.

==121981== NVPROF is profiling process 121981, command: ./../bin/saxpy_high 11 100
==121981== Some kernel(s) will be replayed on device 0 in order to collect all events/metrics.
==121981== Profiling application: ./../bin/saxpy_high 11 100
N = 2048
Average time of execution: 584.854598
Maximum time of execution: 723.242188
Mininum time of execution: 504.252777
Average Bandwidth: 0.000042
Maximum Bandwidth: 0.000049
Mininum Bandwidth: 0.000034
==121981== Profiling result:
==121981== Metric result:
Invocations                               Metric Name                        Metric Description         Min         Max         Avg
Device "Tesla P100-SXM2-16GB (0)"
    Kernel: saxpy(int, float, float*, float*)
        101                        achieved_occupancy                        Achieved Occupancy    0.117129    0.123002    0.121788
        101                      dram_read_throughput             Device Memory Read Throughput  0.00000B/s  4.1265GB/s  521.66MB/s
        101                          dram_utilization                 Device Memory Utilization     Low (1)     Low (1)     Low (1)
        101                     dram_write_throughput            Device Memory Write Throughput  0.00000B/s  3.5534GB/s  350.95MB/s
        101                        l2_read_throughput                     L2 Throughput (Reads)  9.8034GB/s  11.634GB/s  11.223GB/s
        101                       l2_write_throughput                    L2 Throughput (Writes)  3.2964GB/s  4.0692GB/s  3.7747GB/s
        101                                issued_ipc                                Issued IPC    0.082292    0.153582    0.122783

------------------------------------------------------------
Sender: LSF System <ibm003@juronc12>
Subject: Job 53690: <nvprof --metrics achieved_occupancy,dram_read_throughput,dram_utilization,dram_write_throughput,l2_read_throughput,l2_write_throughput,issued_ipc ./../bin/saxpy_high 11 100> in cluster <cluster_lsf_hbp> Done

Job <nvprof --metrics achieved_occupancy,dram_read_throughput,dram_utilization,dram_write_throughput,l2_read_throughput,l2_write_throughput,issued_ipc ./../bin/saxpy_high 11 100> was submitted from host <juronb1> by user <padc005> in cluster <cluster_lsf_hbp>.
Job was executed on host(s) <juronc12>, in queue <normal>, as user <padc005> in cluster <cluster_lsf_hbp>.
</gpfs/homeb/zam/padc005> was used as the home directory.
</gpfs/homeb/zam/padc005/test/saxpy/SAXPY/src> was used as the working directory.
Started at Fri May 12 14:59:24 2017
Results reported on Fri May 12 15:00:28 2017

Your job looked like:

------------------------------------------------------------
# LSBATCH: User input
nvprof --metrics achieved_occupancy,dram_read_throughput,dram_utilization,dram_write_throughput,l2_read_throughput,l2_write_throughput,issued_ipc ./../bin/saxpy_high 11 100
------------------------------------------------------------

Successfully completed.

Resource usage summary:

    CPU time :                                   14.23 sec.
    Max Memory :                                 103 MB
    Average Memory :                             82.44 MB
    Total Requested Memory :                     -
    Delta Memory :                               -
    Max Swap :                                   -
    Max Processes :                              4
    Max Threads :                                13
    Run time :                                   64 sec.
    Turnaround time :                            65 sec.

The output (if any) is above this job summary.

==98279== NVPROF is profiling process 98279, command: ./../bin/saxpy_high 11 100
==98279== Some kernel(s) will be replayed on device 0 in order to collect all events/metrics.
==98279== Profiling application: ./../bin/saxpy_high 11 100
N = 2048
Average time of execution: 579.567307
Maximum time of execution: 945.364746
Mininum time of execution: 333.267914
Average Bandwidth: 0.000044
Maximum Bandwidth: 0.000074
Mininum Bandwidth: 0.000026
==98279== Profiling result:
==98279== Metric result:
Invocations                               Metric Name                        Metric Description         Min         Max         Avg
Device "Tesla P100-SXM2-16GB (0)"
    Kernel: saxpy(int, float, float*, float*)
        101                        achieved_occupancy                        Achieved Occupancy    0.122288    0.240839    0.233152
        101                      dram_read_throughput             Device Memory Read Throughput  0.00000B/s  5.2841GB/s  544.55MB/s
        101                          dram_utilization                 Device Memory Utilization    Idle (0)     Low (1)    Idle (0)
        101                     dram_write_throughput            Device Memory Write Throughput  0.00000B/s  2.8823GB/s  571.25MB/s
        101                        l2_read_throughput                     L2 Throughput (Reads)  8.1637GB/s  10.277GB/s  9.3617GB/s
        101                       l2_write_throughput                    L2 Throughput (Writes)  3.1194GB/s  3.7958GB/s  3.5744GB/s
        101                                issued_ipc                                Issued IPC    0.107271    0.273060    0.241126

------------------------------------------------------------
Sender: LSF System <ibm003@juronc06>
Subject: Job 53850: <nvprof --metrics achieved_occupancy,dram_read_throughput,dram_utilization,dram_write_throughput,l2_read_throughput,l2_write_throughput,issued_ipc ./../bin/saxpy_high 11 100> in cluster <cluster_lsf_hbp> Done

Job <nvprof --metrics achieved_occupancy,dram_read_throughput,dram_utilization,dram_write_throughput,l2_read_throughput,l2_write_throughput,issued_ipc ./../bin/saxpy_high 11 100> was submitted from host <juronb1> by user <padc005> in cluster <cluster_lsf_hbp>.
Job was executed on host(s) <juronc06>, in queue <normal>, as user <padc005> in cluster <cluster_lsf_hbp>.
</gpfs/homeb/zam/padc005> was used as the home directory.
</gpfs/homeb/zam/padc005/test/saxpy/SAXPY/src> was used as the working directory.
Started at Mon May 15 12:08:08 2017
Results reported on Mon May 15 12:09:11 2017

Your job looked like:

------------------------------------------------------------
# LSBATCH: User input
nvprof --metrics achieved_occupancy,dram_read_throughput,dram_utilization,dram_write_throughput,l2_read_throughput,l2_write_throughput,issued_ipc ./../bin/saxpy_high 11 100
------------------------------------------------------------

Successfully completed.

Resource usage summary:

    CPU time :                                   14.20 sec.
    Max Memory :                                 95 MB
    Average Memory :                             77.67 MB
    Total Requested Memory :                     -
    Delta Memory :                               -
    Max Swap :                                   -
    Max Processes :                              4
    Max Threads :                                13
    Run time :                                   62 sec.
    Turnaround time :                            63 sec.

The output (if any) is above this job summary.

