Sender: LSF System <ibm003@juronc03>
Subject: Job 8788: <nvprof --metrics achieved_occupancy,dram_read_throughput,dram_utilization,dram_write_throughput,l2_read_throughput,l2_write_throughput,issued_ipc ./../bin/saxpy_many 12 10> in cluster <cluster_lsf_hbp> Done

Job <nvprof --metrics achieved_occupancy,dram_read_throughput,dram_utilization,dram_write_throughput,l2_read_throughput,l2_write_throughput,issued_ipc ./../bin/saxpy_many 12 10> was submitted from host <juronb1> by user <padc005> in cluster <cluster_lsf_hbp>.
Job was executed on host(s) <juronc03>, in queue <normal>, as user <padc005> in cluster <cluster_lsf_hbp>.
</gpfs/homeb/zam/padc005> was used as the home directory.
</gpfs/homeb/zam/padc005/test/saxpy/SAXPY/src> was used as the working directory.
Started at Tue Jan  3 09:39:24 2017
Results reported on Tue Jan  3 09:39:39 2017

Your job looked like:

------------------------------------------------------------
# LSBATCH: User input
nvprof --metrics achieved_occupancy,dram_read_throughput,dram_utilization,dram_write_throughput,l2_read_throughput,l2_write_throughput,issued_ipc ./../bin/saxpy_many 12 10
------------------------------------------------------------

Successfully completed.

Resource usage summary:

    CPU time :                                   2.33 sec.
    Max Memory :                                 71 MB
    Average Memory :                             43.00 MB
    Total Requested Memory :                     -
    Delta Memory :                               -
    Max Swap :                                   -
    Max Processes :                              4
    Max Threads :                                13
    Run time :                                   15 sec.
    Turnaround time :                            16 sec.

The output (if any) follows:

==144545== NVPROF is profiling process 144545, command: ./../bin/saxpy_many 12 10
==144545== Some kernel(s) will be replayed on device 0 in order to collect all events/metrics.
==144545== Profiling application: ./../bin/saxpy_many 12 10
N = 4096
Max error: 0.000000
Max error: 0.000000
Max error: 0.000000
Max error: 0.000000
Max error: 0.000000
Max error: 0.000000
Max error: 0.000000
Max error: 0.000000
Max error: 0.000000
Max error: 0.000000
Average time of execution: 1149.133099
Maximum time of execution: 1409.065552
Mininum time of execution: 981.386292
Average Bandwidth: 0.000043
Maximum Bandwidth: 0.000050
Mininum Bandwidth: 0.000035
==144545== Profiling result:
==144545== Metric result:
Invocations                               Metric Name                        Metric Description         Min         Max         Avg
Device "Tesla P100-SXM2-16GB (0)"
    Kernel: saxpy(int, float, float*, float*)
         10                        achieved_occupancy                        Achieved Occupancy    0.119521    0.122235    0.121300
         10                      dram_read_throughput             Device Memory Read Throughput  6.9997GB/s  15.832GB/s  10.265GB/s
         10                          dram_utilization                 Device Memory Utilization     Low (1)     Low (1)     Low (1)
         10                     dram_write_throughput            Device Memory Write Throughput  209.14MB/s  7.5334GB/s  2.3125GB/s
         10                        l2_read_throughput                     L2 Throughput (Reads)  10.914GB/s  19.441GB/s  15.708GB/s
         10                       l2_write_throughput                    L2 Throughput (Writes)  4.2972GB/s  7.6398GB/s  6.1933GB/s
         10                                issued_ipc                                Issued IPC    0.074094    0.091913    0.085431
==18118== NVPROF is profiling process 18118, command: ./../bin/saxpy_high 12 100
==18118== Some kernel(s) will be replayed on device 0 in order to collect all events/metrics.
==18118== Error: Internal profiling error 3754:7.
======== Error: CUDA profiling error.

------------------------------------------------------------
Sender: LSF System <ibm003@juronc06>
Subject: Job 35610: <nvprof --metrics achieved_occupancy,dram_read_throughput,dram_utilization,dram_write_throughput,l2_read_throughput,l2_write_throughput,issued_ipc ./../bin/saxpy_high 12 100> in cluster <cluster_lsf_hbp> Exited

Job <nvprof --metrics achieved_occupancy,dram_read_throughput,dram_utilization,dram_write_throughput,l2_read_throughput,l2_write_throughput,issued_ipc ./../bin/saxpy_high 12 100> was submitted from host <juronb1> by user <padc005> in cluster <cluster_lsf_hbp>.
Job was executed on host(s) <juronc06>, in queue <normal>, as user <padc005> in cluster <cluster_lsf_hbp>.
</gpfs/homeb/zam/padc005> was used as the home directory.
</gpfs/homeb/zam/padc005/test/saxpy/SAXPY/src> was used as the working directory.
Started at Fri Feb  3 12:29:54 2017
Results reported on Fri Feb  3 12:30:20 2017

Your job looked like:

------------------------------------------------------------
# LSBATCH: User input
nvprof --metrics achieved_occupancy,dram_read_throughput,dram_utilization,dram_write_throughput,l2_read_throughput,l2_write_throughput,issued_ipc ./../bin/saxpy_high 12 100
------------------------------------------------------------

Exited with exit code 12.

Resource usage summary:

    CPU time :                                   1.12 sec.
    Max Memory :                                 1321 MB
    Average Memory :                             730.25 MB
    Total Requested Memory :                     -
    Delta Memory :                               -
    Max Swap :                                   -
    Max Processes :                              4
    Max Threads :                                13
    Run time :                                   24 sec.
    Turnaround time :                            6061 sec.

The output (if any) is above this job summary.

==11372== NVPROF is profiling process 11372, command: ./../bin/saxpy_high 12 100
==11372== Some kernel(s) will be replayed on device 0 in order to collect all events/metrics.
==11372== Error: Internal profiling error 3754:7.
======== Error: CUDA profiling error.

------------------------------------------------------------
Sender: LSF System <ibm003@juronc04>
Subject: Job 35676: <nvprof --metrics achieved_occupancy,dram_read_throughput,dram_utilization,dram_write_throughput,l2_read_throughput,l2_write_throughput,issued_ipc ./../bin/saxpy_high 12 100> in cluster <cluster_lsf_hbp> Exited

Job <nvprof --metrics achieved_occupancy,dram_read_throughput,dram_utilization,dram_write_throughput,l2_read_throughput,l2_write_throughput,issued_ipc ./../bin/saxpy_high 12 100> was submitted from host <juronb1> by user <padc005> in cluster <cluster_lsf_hbp>.
Job was executed on host(s) <juronc04>, in queue <normal>, as user <padc005> in cluster <cluster_lsf_hbp>.
</gpfs/homeb/zam/padc005> was used as the home directory.
</gpfs/homeb/zam/padc005/test/saxpy/SAXPY/src> was used as the working directory.
Started at Fri Feb  3 14:50:00 2017
Results reported on Fri Feb  3 14:50:27 2017

Your job looked like:

------------------------------------------------------------
# LSBATCH: User input
nvprof --metrics achieved_occupancy,dram_read_throughput,dram_utilization,dram_write_throughput,l2_read_throughput,l2_write_throughput,issued_ipc ./../bin/saxpy_high 12 100
------------------------------------------------------------

Exited with exit code 12.

Resource usage summary:

    CPU time :                                   1.11 sec.
    Max Memory :                                 1317 MB
    Average Memory :                             718.00 MB
    Total Requested Memory :                     -
    Delta Memory :                               -
    Max Swap :                                   -
    Max Processes :                              4
    Max Threads :                                13
    Run time :                                   26 sec.
    Turnaround time :                            28 sec.

The output (if any) is above this job summary.

==2188== NVPROF is profiling process 2188, command: ./../bin/saxpy_high 12 100
==2188== Some kernel(s) will be replayed on device 0 in order to collect all events/metrics.
==2188== Profiling application: ./../bin/saxpy_high 12 100
N = 4096
Max error: 0.000000
Max error: 0.000000
Max error: 0.000000
Max error: 0.000000
Max error: 0.000000
Max error: 0.000000
Max error: 0.000000
Max error: 0.000000
Max error: 0.000000
Max error: 0.000000
Max error: 0.000000
Max error: 0.000000
Max error: 0.000000
Max error: 0.000000
Max error: 0.000000
Max error: 0.000000
Max error: 0.000000
Max error: 0.000000
Max error: 0.000000
Max error: 0.000000
Max error: 0.000000
Max error: 0.000000
Max error: 0.000000
Max error: 0.000000
Max error: 0.000000
Max error: 0.000000
Max error: 0.000000
Max error: 0.000000
Max error: 0.000000
Max error: 0.000000
Max error: 0.000000
Max error: 0.000000
Max error: 0.000000
Max error: 0.000000
Max error: 0.000000
Max error: 0.000000
Max error: 0.000000
Max error: 0.000000
Max error: 0.000000
Max error: 0.000000
Max error: 0.000000
Max error: 0.000000
Max error: 0.000000
Max error: 0.000000
Max error: 0.000000
Max error: 0.000000
Max error: 0.000000
Max error: 0.000000
Max error: 0.000000
Max error: 0.000000
Max error: 0.000000
Max error: 0.000000
Max error: 0.000000
Max error: 0.000000
Max error: 0.000000
Max error: 0.000000
Max error: 0.000000
Max error: 0.000000
Max error: 0.000000
Max error: 0.000000
Max error: 0.000000
Max error: 0.000000
Max error: 0.000000
Max error: 0.000000
Max error: 0.000000
Max error: 0.000000
Max error: 0.000000
Max error: 0.000000
Max error: 0.000000
Max error: 0.000000
Max error: 0.000000
Max error: 0.000000
Max error: 0.000000
Max error: 0.000000
Max error: 0.000000
Max error: 0.000000
Max error: 0.000000
Max error: 0.000000
Max error: 0.000000
Max error: 0.000000
Max error: 0.000000
Max error: 0.000000
Max error: 0.000000
Max error: 0.000000
Max error: 0.000000
Max error: 0.000000
Max error: 0.000000
Max error: 0.000000
Max error: 0.000000
Max error: 0.000000
Max error: 0.000000
Max error: 0.000000
Max error: 0.000000
Max error: 0.000000
Max error: 0.000000
Max error: 0.000000
Max error: 0.000000
Max error: 0.000000
Max error: 0.000000
Max error: 0.000000
Average time of execution: 515.139940
Maximum time of execution: 977.997559
Mininum time of execution: 441.185303
Average Bandwidth: 0.000097
Maximum Bandwidth: 0.000111
Mininum Bandwidth: 0.000050
==2188== Profiling result:
==2188== Metric result:
Invocations                               Metric Name                        Metric Description         Min         Max         Avg
Device "Tesla P100-SXM2-16GB (0)"
    Kernel: saxpy(int, float, float*, float*)
        100                        achieved_occupancy                        Achieved Occupancy    0.124013    0.124061    0.124038
        100                      dram_read_throughput             Device Memory Read Throughput  0.00000B/s  124.06MB/s  976.56KB/s
        100                          dram_utilization                 Device Memory Utilization     Low (1)     Low (1)     Low (1)
        100                     dram_write_throughput            Device Memory Write Throughput  7.7123MB/s  93.041MB/s  33.379MB/s
        100                        l2_read_throughput                     L2 Throughput (Reads)  10.791GB/s  11.271GB/s  10.964GB/s
        100                       l2_write_throughput                    L2 Throughput (Writes)  3.8911GB/s  4.0640GB/s  3.9516GB/s
        100                                issued_ipc                                Issued IPC    0.280383    0.282266    0.280874

------------------------------------------------------------
Sender: LSF System <ibm003@juronc07>
Subject: Job 53362: <nvprof --metrics achieved_occupancy,dram_read_throughput,dram_utilization,dram_write_throughput,l2_read_throughput,l2_write_throughput,issued_ipc ./../bin/saxpy_high 12 100> in cluster <cluster_lsf_hbp> Done

Job <nvprof --metrics achieved_occupancy,dram_read_throughput,dram_utilization,dram_write_throughput,l2_read_throughput,l2_write_throughput,issued_ipc ./../bin/saxpy_high 12 100> was submitted from host <juronb1> by user <padc005> in cluster <cluster_lsf_hbp>.
Job was executed on host(s) <juronc07>, in queue <normal>, as user <padc005> in cluster <cluster_lsf_hbp>.
</gpfs/homeb/zam/padc005> was used as the home directory.
</gpfs/homeb/zam/padc005/test/saxpy/SAXPY/src> was used as the working directory.
Started at Fri May 12 11:01:01 2017
Results reported on Fri May 12 11:01:57 2017

Your job looked like:

------------------------------------------------------------
# LSBATCH: User input
nvprof --metrics achieved_occupancy,dram_read_throughput,dram_utilization,dram_write_throughput,l2_read_throughput,l2_write_throughput,issued_ipc ./../bin/saxpy_high 12 100
------------------------------------------------------------

Successfully completed.

Resource usage summary:

    CPU time :                                   13.83 sec.
    Max Memory :                                 101 MB
    Average Memory :                             80.75 MB
    Total Requested Memory :                     -
    Delta Memory :                               -
    Max Swap :                                   -
    Max Processes :                              4
    Max Threads :                                13
    Run time :                                   56 sec.
    Turnaround time :                            57 sec.

The output (if any) is above this job summary.

==57898== NVPROF is profiling process 57898, command: ./../bin/saxpy_high 12 100
==57898== Some kernel(s) will be replayed on device 0 in order to collect all events/metrics.
==57898== Profiling application: ./../bin/saxpy_high 12 100
N = 4096
Max error: 0.000000
Max error: 0.000000
Max error: 0.000000
Max error: 0.000000
Max error: 0.000000
Max error: 0.000000
Max error: 0.000000
Max error: 0.000000
Max error: 0.000000
Max error: 0.000000
Max error: 0.000000
Max error: 0.000000
Max error: 0.000000
Max error: 0.000000
Max error: 0.000000
Max error: 0.000000
Max error: 0.000000
Max error: 0.000000
Max error: 0.000000
Max error: 0.000000
Max error: 0.000000
Max error: 0.000000
Max error: 0.000000
Max error: 0.000000
Max error: 0.000000
Max error: 0.000000
Max error: 0.000000
Max error: 0.000000
Max error: 0.000000
Max error: 0.000000
Max error: 0.000000
Max error: 0.000000
Max error: 0.000000
Max error: 0.000000
Max error: 0.000000
Max error: 0.000000
Max error: 0.000000
Max error: 0.000000
Max error: 0.000000
Max error: 0.000000
Max error: 0.000000
Max error: 0.000000
Max error: 0.000000
Max error: 0.000000
Max error: 0.000000
Max error: 0.000000
Max error: 0.000000
Max error: 0.000000
Max error: 0.000000
Max error: 0.000000
Max error: 0.000000
Max error: 0.000000
Max error: 0.000000
Max error: 0.000000
Max error: 0.000000
Max error: 0.000000
Max error: 0.000000
Max error: 0.000000
Max error: 0.000000
Max error: 0.000000
Max error: 0.000000
Max error: 0.000000
Max error: 0.000000
Max error: 0.000000
Max error: 0.000000
Max error: 0.000000
Max error: 0.000000
Max error: 0.000000
Max error: 0.000000
Max error: 0.000000
Max error: 0.000000
Max error: 0.000000
Max error: 0.000000
Max error: 0.000000
Max error: 0.000000
Max error: 0.000000
Max error: 0.000000
Max error: 0.000000
Max error: 0.000000
Max error: 0.000000
Max error: 0.000000
Max error: 0.000000
Max error: 0.000000
Max error: 0.000000
Max error: 0.000000
Max error: 0.000000
Max error: 0.000000
Max error: 0.000000
Max error: 0.000000
Max error: 0.000000
Max error: 0.000000
Max error: 0.000000
Max error: 0.000000
Max error: 0.000000
Max error: 0.000000
Max error: 0.000000
Max error: 0.000000
Max error: 0.000000
Max error: 0.000000
Max error: 0.000000
Average time of execution: 646.900369
Maximum time of execution: 1231.030396
Mininum time of execution: 567.816711
Average Bandwidth: 0.000077
Maximum Bandwidth: 0.000087
Mininum Bandwidth: 0.000040
==57898== Profiling result:
==57898== Metric result:
Invocations                               Metric Name                        Metric Description         Min         Max         Avg
Device "Tesla P100-SXM2-16GB (0)"
    Kernel: saxpy(int, float, float*, float*)
        100                        achieved_occupancy                        Achieved Occupancy    0.121493    0.124070    0.123467
        100                      dram_read_throughput             Device Memory Read Throughput  4.0454GB/s  9.2961GB/s  6.7987GB/s
        100                          dram_utilization                 Device Memory Utilization     Low (1)     Low (1)     Low (1)
        100                     dram_write_throughput            Device Memory Write Throughput  94.190MB/s  3.2173GB/s  1.2368GB/s
        100                        l2_read_throughput                     L2 Throughput (Reads)  8.7767GB/s  12.440GB/s  11.245GB/s
        100                       l2_write_throughput                    L2 Throughput (Writes)  3.1647GB/s  4.4857GB/s  4.0578GB/s
        100                                issued_ipc                                Issued IPC    0.187849    0.280808    0.209687

------------------------------------------------------------
Sender: LSF System <ibm003@juronc07>
Subject: Job 53403: <nvprof --metrics achieved_occupancy,dram_read_throughput,dram_utilization,dram_write_throughput,l2_read_throughput,l2_write_throughput,issued_ipc ./../bin/saxpy_high 12 100> in cluster <cluster_lsf_hbp> Done

Job <nvprof --metrics achieved_occupancy,dram_read_throughput,dram_utilization,dram_write_throughput,l2_read_throughput,l2_write_throughput,issued_ipc ./../bin/saxpy_high 12 100> was submitted from host <juronb1> by user <padc005> in cluster <cluster_lsf_hbp>.
Job was executed on host(s) <juronc07>, in queue <normal>, as user <padc005> in cluster <cluster_lsf_hbp>.
</gpfs/homeb/zam/padc005> was used as the home directory.
</gpfs/homeb/zam/padc005/test/saxpy/SAXPY/src> was used as the working directory.
Started at Fri May 12 11:16:21 2017
Results reported on Fri May 12 11:17:30 2017

Your job looked like:

------------------------------------------------------------
# LSBATCH: User input
nvprof --metrics achieved_occupancy,dram_read_throughput,dram_utilization,dram_write_throughput,l2_read_throughput,l2_write_throughput,issued_ipc ./../bin/saxpy_high 12 100
------------------------------------------------------------

Successfully completed.

Resource usage summary:

    CPU time :                                   14.02 sec.
    Max Memory :                                 103 MB
    Average Memory :                             85.90 MB
    Total Requested Memory :                     -
    Delta Memory :                               -
    Max Swap :                                   -
    Max Processes :                              4
    Max Threads :                                13
    Run time :                                   70 sec.
    Turnaround time :                            71 sec.

The output (if any) is above this job summary.

======== Error: failed to access tmp directory.
======== use the "TMPDIR" environment variable to specify an accessible directory.

------------------------------------------------------------
Sender: LSF System <ibm003@juronc18>
Subject: Job 53436: <nvprof --metrics achieved_occupancy,dram_read_throughput,dram_utilization,dram_write_throughput,l2_read_throughput,l2_write_throughput,issued_ipc ./../bin/saxpy_high 12 100> in cluster <cluster_lsf_hbp> Exited

Job <nvprof --metrics achieved_occupancy,dram_read_throughput,dram_utilization,dram_write_throughput,l2_read_throughput,l2_write_throughput,issued_ipc ./../bin/saxpy_high 12 100> was submitted from host <juronb1> by user <padc005> in cluster <cluster_lsf_hbp>.
Job was executed on host(s) <juronc18>, in queue <normal>, as user <padc005> in cluster <cluster_lsf_hbp>.
</gpfs/homeb/zam/padc005> was used as the home directory.
</gpfs/homeb/zam/padc005/test/saxpy/SAXPY/src> was used as the working directory.
Started at Fri May 12 11:21:35 2017
Results reported on Fri May 12 11:21:40 2017

Your job looked like:

------------------------------------------------------------
# LSBATCH: User input
nvprof --metrics achieved_occupancy,dram_read_throughput,dram_utilization,dram_write_throughput,l2_read_throughput,l2_write_throughput,issued_ipc ./../bin/saxpy_high 12 100
------------------------------------------------------------

Exited with exit code 2.

Resource usage summary:

    CPU time :                                   0.03 sec.
    Max Memory :                                 9 MB
    Average Memory :                             -
    Total Requested Memory :                     -
    Delta Memory :                               -
    Max Swap :                                   -
    Max Processes :                              -
    Max Threads :                                -
    Run time :                                   1 sec.
    Turnaround time :                            6 sec.

The output (if any) is above this job summary.

==47304== NVPROF is profiling process 47304, command: ./../bin/saxpy_high 12 100
==47304== Some kernel(s) will be replayed on device 0 in order to collect all events/metrics.
==47304== Profiling application: ./../bin/saxpy_high 12 100
N = 4096
Max error: 0.000000
Max error: 0.000000
Max error: 0.000000
Max error: 0.000000
Max error: 0.000000
Max error: 0.000000
Max error: 0.000000
Max error: 0.000000
Max error: 0.000000
Max error: 0.000000
Max error: 0.000000
Max error: 0.000000
Max error: 0.000000
Max error: 0.000000
Max error: 0.000000
Max error: 0.000000
Max error: 0.000000
Max error: 0.000000
Max error: 0.000000
Max error: 0.000000
Max error: 0.000000
Max error: 0.000000
Max error: 0.000000
Max error: 0.000000
Max error: 0.000000
Max error: 0.000000
Max error: 0.000000
Max error: 0.000000
Max error: 0.000000
Max error: 0.000000
Max error: 0.000000
Max error: 0.000000
Max error: 0.000000
Max error: 0.000000
Max error: 0.000000
Max error: 0.000000
Max error: 0.000000
Max error: 0.000000
Max error: 0.000000
Max error: 0.000000
Max error: 0.000000
Max error: 0.000000
Max error: 0.000000
Max error: 0.000000
Max error: 0.000000
Max error: 0.000000
Max error: 0.000000
Max error: 0.000000
Max error: 0.000000
Max error: 0.000000
Max error: 0.000000
Max error: 0.000000
Max error: 0.000000
Max error: 0.000000
Max error: 0.000000
Max error: 0.000000
Max error: 0.000000
Max error: 0.000000
Max error: 0.000000
Max error: 0.000000
Max error: 0.000000
Max error: 0.000000
Max error: 0.000000
Max error: 0.000000
Max error: 0.000000
Max error: 0.000000
Max error: 0.000000
Max error: 0.000000
Max error: 0.000000
Max error: 0.000000
Max error: 0.000000
Max error: 0.000000
Max error: 0.000000
Max error: 0.000000
Max error: 0.000000
Max error: 0.000000
Max error: 0.000000
Max error: 0.000000
Max error: 0.000000
Max error: 0.000000
Max error: 0.000000
Max error: 0.000000
Max error: 0.000000
Max error: 0.000000
Max error: 0.000000
Max error: 0.000000
Max error: 0.000000
Max error: 0.000000
Max error: 0.000000
Max error: 0.000000
Max error: 0.000000
Max error: 0.000000
Max error: 0.000000
Max error: 0.000000
Max error: 0.000000
Max error: 0.000000
Max error: 0.000000
Max error: 0.000000
Max error: 0.000000
Max error: 0.000000
Average time of execution: 659.934202
Maximum time of execution: 1375.328491
Mininum time of execution: 407.677734
Average Bandwidth: 0.000076
Maximum Bandwidth: 0.000121
Mininum Bandwidth: 0.000036
==47304== Profiling result:
==47304== Metric result:
Invocations                               Metric Name                        Metric Description         Min         Max         Avg
Device "Tesla P100-SXM2-16GB (0)"
    Kernel: saxpy(int, float, float*, float*)
        100                        achieved_occupancy                        Achieved Occupancy    0.121526    0.124108    0.123513
        100                      dram_read_throughput             Device Memory Read Throughput  4.0833GB/s  8.4708GB/s  6.7474GB/s
        100                          dram_utilization                 Device Memory Utilization     Low (1)     Low (1)     Low (1)
        100                     dram_write_throughput            Device Memory Write Throughput  30.640MB/s  3.0268GB/s  1.3597GB/s
        100                        l2_read_throughput                     L2 Throughput (Reads)  9.8261GB/s  11.308GB/s  11.074GB/s
        100                       l2_write_throughput                    L2 Throughput (Writes)  3.5431GB/s  4.0823GB/s  4.0010GB/s
        100                                issued_ipc                                Issued IPC    0.194258    0.282862    0.212920

------------------------------------------------------------
Sender: LSF System <ibm003@juronc18>
Subject: Job 53470: <nvprof --metrics achieved_occupancy,dram_read_throughput,dram_utilization,dram_write_throughput,l2_read_throughput,l2_write_throughput,issued_ipc ./../bin/saxpy_high 12 100> in cluster <cluster_lsf_hbp> Done

Job <nvprof --metrics achieved_occupancy,dram_read_throughput,dram_utilization,dram_write_throughput,l2_read_throughput,l2_write_throughput,issued_ipc ./../bin/saxpy_high 12 100> was submitted from host <juronb1> by user <padc005> in cluster <cluster_lsf_hbp>.
Job was executed on host(s) <juronc18>, in queue <normal>, as user <padc005> in cluster <cluster_lsf_hbp>.
</gpfs/homeb/zam/padc005> was used as the home directory.
</gpfs/homeb/zam/padc005/test/saxpy/SAXPY/src> was used as the working directory.
Started at Fri May 12 11:29:05 2017
Results reported on Fri May 12 11:30:19 2017

Your job looked like:

------------------------------------------------------------
# LSBATCH: User input
nvprof --metrics achieved_occupancy,dram_read_throughput,dram_utilization,dram_write_throughput,l2_read_throughput,l2_write_throughput,issued_ipc ./../bin/saxpy_high 12 100
------------------------------------------------------------

Successfully completed.

Resource usage summary:

    CPU time :                                   14.05 sec.
    Max Memory :                                 104 MB
    Average Memory :                             86.80 MB
    Total Requested Memory :                     -
    Delta Memory :                               -
    Max Swap :                                   -
    Max Processes :                              4
    Max Threads :                                13
    Run time :                                   72 sec.
    Turnaround time :                            74 sec.

The output (if any) is above this job summary.

==27570== NVPROF is profiling process 27570, command: ./../bin/saxpy_high 12 100
==27570== Some kernel(s) will be replayed on device 0 in order to collect all events/metrics.
==27570== Profiling application: ./../bin/saxpy_high 12 100
N = 4096
Max error: 0.000000
Max error: 0.000000
Max error: 0.000000
Max error: 0.000000
Max error: 0.000000
Max error: 0.000000
Max error: 0.000000
Max error: 0.000000
Max error: 0.000000
Max error: 0.000000
Max error: 0.000000
Max error: 0.000000
Max error: 0.000000
Max error: 0.000000
Max error: 0.000000
Max error: 0.000000
Max error: 0.000000
Max error: 0.000000
Max error: 0.000000
Max error: 0.000000
Max error: 0.000000
Max error: 0.000000
Max error: 0.000000
Max error: 0.000000
Max error: 0.000000
Max error: 0.000000
Max error: 0.000000
Max error: 0.000000
Max error: 0.000000
Max error: 0.000000
Max error: 0.000000
Max error: 0.000000
Max error: 0.000000
Max error: 0.000000
Max error: 0.000000
Max error: 0.000000
Max error: 0.000000
Max error: 0.000000
Max error: 0.000000
Max error: 0.000000
Max error: 0.000000
Max error: 0.000000
Max error: 0.000000
Max error: 0.000000
Max error: 0.000000
Max error: 0.000000
Max error: 0.000000
Max error: 0.000000
Max error: 0.000000
Max error: 0.000000
Max error: 0.000000
Max error: 0.000000
Max error: 0.000000
Max error: 0.000000
Max error: 0.000000
Max error: 0.000000
Max error: 0.000000
Max error: 0.000000
Max error: 0.000000
Max error: 0.000000
Max error: 0.000000
Max error: 0.000000
Max error: 0.000000
Max error: 0.000000
Max error: 0.000000
Max error: 0.000000
Max error: 0.000000
Max error: 0.000000
Max error: 0.000000
Max error: 0.000000
Max error: 0.000000
Max error: 0.000000
Max error: 0.000000
Max error: 0.000000
Max error: 0.000000
Max error: 0.000000
Max error: 0.000000
Max error: 0.000000
Max error: 0.000000
Max error: 0.000000
Max error: 0.000000
Max error: 0.000000
Max error: 0.000000
Max error: 0.000000
Max error: 0.000000
Max error: 0.000000
Max error: 0.000000
Max error: 0.000000
Max error: 0.000000
Max error: 0.000000
Max error: 0.000000
Max error: 0.000000
Max error: 0.000000
Max error: 0.000000
Max error: 0.000000
Max error: 0.000000
Max error: 0.000000
Max error: 0.000000
Max error: 0.000000
Max error: 0.000000
Average time of execution: 662.590738
Maximum time of execution: 1035.380005
Mininum time of execution: 563.865417
Average Bandwidth: 0.000075
Maximum Bandwidth: 0.000087
Mininum Bandwidth: 0.000047
==27570== Profiling result:
==27570== Metric result:
Invocations                               Metric Name                        Metric Description         Min         Max         Avg
Device "Tesla P100-SXM2-16GB (0)"
    Kernel: saxpy(int, float, float*, float*)
        100                        achieved_occupancy                        Achieved Occupancy    0.118528    0.124293    0.122917
        100                      dram_read_throughput             Device Memory Read Throughput  0.00000B/s  10.305GB/s  7.5204GB/s
        100                          dram_utilization                 Device Memory Utilization     Low (1)     Low (1)     Low (1)
        100                     dram_write_throughput            Device Memory Write Throughput  32.056MB/s  3.2140GB/s  1.3513GB/s
        100                        l2_read_throughput                     L2 Throughput (Reads)  11.395GB/s  13.863GB/s  13.215GB/s
        100                       l2_write_throughput                    L2 Throughput (Writes)  4.1088GB/s  4.9247GB/s  4.7637GB/s
        100                                issued_ipc                                Issued IPC    0.184161    0.284071    0.209083

------------------------------------------------------------
Sender: LSF System <ibm003@juronc12>
Subject: Job 53503: <nvprof --metrics achieved_occupancy,dram_read_throughput,dram_utilization,dram_write_throughput,l2_read_throughput,l2_write_throughput,issued_ipc ./../bin/saxpy_high 12 100> in cluster <cluster_lsf_hbp> Done

Job <nvprof --metrics achieved_occupancy,dram_read_throughput,dram_utilization,dram_write_throughput,l2_read_throughput,l2_write_throughput,issued_ipc ./../bin/saxpy_high 12 100> was submitted from host <juronb1> by user <padc005> in cluster <cluster_lsf_hbp>.
Job was executed on host(s) <juronc12>, in queue <normal>, as user <padc005> in cluster <cluster_lsf_hbp>.
</gpfs/homeb/zam/padc005> was used as the home directory.
</gpfs/homeb/zam/padc005/test/saxpy/SAXPY/src> was used as the working directory.
Started at Fri May 12 11:32:23 2017
Results reported on Fri May 12 11:33:33 2017

Your job looked like:

------------------------------------------------------------
# LSBATCH: User input
nvprof --metrics achieved_occupancy,dram_read_throughput,dram_utilization,dram_write_throughput,l2_read_throughput,l2_write_throughput,issued_ipc ./../bin/saxpy_high 12 100
------------------------------------------------------------

Successfully completed.

Resource usage summary:

    CPU time :                                   14.25 sec.
    Max Memory :                                 98 MB
    Average Memory :                             80.56 MB
    Total Requested Memory :                     -
    Delta Memory :                               -
    Max Swap :                                   -
    Max Processes :                              4
    Max Threads :                                13
    Run time :                                   70 sec.
    Turnaround time :                            71 sec.

The output (if any) is above this job summary.

======== Error: failed to access tmp directory.
======== use the "TMPDIR" environment variable to specify an accessible directory.

------------------------------------------------------------
Sender: LSF System <ibm003@juronc14>
Subject: Job 53592: <nvprof --metrics achieved_occupancy,dram_read_throughput,dram_utilization,dram_write_throughput,l2_read_throughput,l2_write_throughput,issued_ipc ./../bin/saxpy_high 12 100> in cluster <cluster_lsf_hbp> Exited

Job <nvprof --metrics achieved_occupancy,dram_read_throughput,dram_utilization,dram_write_throughput,l2_read_throughput,l2_write_throughput,issued_ipc ./../bin/saxpy_high 12 100> was submitted from host <juronb1> by user <padc005> in cluster <cluster_lsf_hbp>.
Job was executed on host(s) <juronc14>, in queue <normal>, as user <padc005> in cluster <cluster_lsf_hbp>.
</gpfs/homeb/zam/padc005> was used as the home directory.
</gpfs/homeb/zam/padc005/test/saxpy/SAXPY/src> was used as the working directory.
Started at Fri May 12 14:40:54 2017
Results reported on Fri May 12 14:40:56 2017

Your job looked like:

------------------------------------------------------------
# LSBATCH: User input
nvprof --metrics achieved_occupancy,dram_read_throughput,dram_utilization,dram_write_throughput,l2_read_throughput,l2_write_throughput,issued_ipc ./../bin/saxpy_high 12 100
------------------------------------------------------------

Exited with exit code 2.

Resource usage summary:

    CPU time :                                   0.04 sec.
    Max Memory :                                 13 MB
    Average Memory :                             -
    Total Requested Memory :                     -
    Delta Memory :                               -
    Max Swap :                                   -
    Max Processes :                              -
    Max Threads :                                -
    Run time :                                   1 sec.
    Turnaround time :                            2 sec.

The output (if any) is above this job summary.

==29859== NVPROF is profiling process 29859, command: ./../bin/saxpy_high 12 100
==29859== Some kernel(s) will be replayed on device 0 in order to collect all events/metrics.
==29859== Profiling application: ./../bin/saxpy_high 12 100
N = 4096
Average time of execution: 656.796818
Maximum time of execution: 1309.760986
Mininum time of execution: 548.710388
Average Bandwidth: 0.000076
Maximum Bandwidth: 0.000090
Mininum Bandwidth: 0.000038
==29859== Profiling result:
==29859== Metric result:
Invocations                               Metric Name                        Metric Description         Min         Max         Avg
Device "Tesla P100-SXM2-16GB (0)"
    Kernel: saxpy(int, float, float*, float*)
        100                        achieved_occupancy                        Achieved Occupancy    0.119336    0.122338    0.121548
        100                      dram_read_throughput             Device Memory Read Throughput  6.3188GB/s  13.583GB/s  10.420GB/s
        100                          dram_utilization                 Device Memory Utilization     Low (1)     Low (1)     Low (1)
        100                     dram_write_throughput            Device Memory Write Throughput  0.00000B/s  5.3362GB/s  1.4929GB/s
        100                        l2_read_throughput                     L2 Throughput (Reads)  12.909GB/s  16.776GB/s  16.125GB/s
        100                       l2_write_throughput                    L2 Throughput (Writes)  5.1655GB/s  6.6979GB/s  6.4485GB/s
        100                                issued_ipc                                Issued IPC    0.075992    0.140066    0.088662

------------------------------------------------------------
Sender: LSF System <ibm003@juronc07>
Subject: Job 53624: <nvprof --metrics achieved_occupancy,dram_read_throughput,dram_utilization,dram_write_throughput,l2_read_throughput,l2_write_throughput,issued_ipc ./../bin/saxpy_high 12 100> in cluster <cluster_lsf_hbp> Done

Job <nvprof --metrics achieved_occupancy,dram_read_throughput,dram_utilization,dram_write_throughput,l2_read_throughput,l2_write_throughput,issued_ipc ./../bin/saxpy_high 12 100> was submitted from host <juronb1> by user <padc005> in cluster <cluster_lsf_hbp>.
Job was executed on host(s) <juronc07>, in queue <normal>, as user <padc005> in cluster <cluster_lsf_hbp>.
</gpfs/homeb/zam/padc005> was used as the home directory.
</gpfs/homeb/zam/padc005/test/saxpy/SAXPY/src> was used as the working directory.
Started at Fri May 12 14:48:48 2017
Results reported on Fri May 12 14:49:58 2017

Your job looked like:

------------------------------------------------------------
# LSBATCH: User input
nvprof --metrics achieved_occupancy,dram_read_throughput,dram_utilization,dram_write_throughput,l2_read_throughput,l2_write_throughput,issued_ipc ./../bin/saxpy_high 12 100
------------------------------------------------------------

Successfully completed.

Resource usage summary:

    CPU time :                                   14.11 sec.
    Max Memory :                                 101 MB
    Average Memory :                             81.30 MB
    Total Requested Memory :                     -
    Delta Memory :                               -
    Max Swap :                                   -
    Max Processes :                              4
    Max Threads :                                13
    Run time :                                   70 sec.
    Turnaround time :                            71 sec.

The output (if any) is above this job summary.

==24969== NVPROF is profiling process 24969, command: ./../bin/saxpy_high 12 100
==24969== Some kernel(s) will be replayed on device 0 in order to collect all events/metrics.
==24969== Profiling application: ./../bin/saxpy_high 12 100
N = 4096
Average time of execution: 648.551062
Maximum time of execution: 764.596130
Mininum time of execution: 382.042542
Average Bandwidth: 0.000077
Maximum Bandwidth: 0.000129
Mininum Bandwidth: 0.000064
==24969== Profiling result:
==24969== Metric result:
Invocations                               Metric Name                        Metric Description         Min         Max         Avg
Device "Tesla P100-SXM2-16GB (0)"
    Kernel: saxpy(int, float, float*, float*)
        101                        achieved_occupancy                        Achieved Occupancy    0.115935    0.122016    0.121320
        101                      dram_read_throughput             Device Memory Read Throughput  7.4831GB/s  17.278GB/s  13.934GB/s
        101                          dram_utilization                 Device Memory Utilization     Low (1)     Low (1)     Low (1)
        101                     dram_write_throughput            Device Memory Write Throughput  176.06MB/s  3.9004GB/s  1.4063GB/s
        101                        l2_read_throughput                     L2 Throughput (Reads)  14.375GB/s  21.292GB/s  20.231GB/s
        101                       l2_write_throughput                    L2 Throughput (Writes)  5.7523GB/s  8.4461GB/s  8.0876GB/s
        101                                issued_ipc                                Issued IPC    0.073016    0.153565    0.085319

------------------------------------------------------------
Sender: LSF System <ibm003@juronc14>
Subject: Job 53658: <nvprof --metrics achieved_occupancy,dram_read_throughput,dram_utilization,dram_write_throughput,l2_read_throughput,l2_write_throughput,issued_ipc ./../bin/saxpy_high 12 100> in cluster <cluster_lsf_hbp> Done

Job <nvprof --metrics achieved_occupancy,dram_read_throughput,dram_utilization,dram_write_throughput,l2_read_throughput,l2_write_throughput,issued_ipc ./../bin/saxpy_high 12 100> was submitted from host <juronb1> by user <padc005> in cluster <cluster_lsf_hbp>.
Job was executed on host(s) <juronc14>, in queue <normal>, as user <padc005> in cluster <cluster_lsf_hbp>.
</gpfs/homeb/zam/padc005> was used as the home directory.
</gpfs/homeb/zam/padc005/test/saxpy/SAXPY/src> was used as the working directory.
Started at Fri May 12 14:55:27 2017
Results reported on Fri May 12 14:56:39 2017

Your job looked like:

------------------------------------------------------------
# LSBATCH: User input
nvprof --metrics achieved_occupancy,dram_read_throughput,dram_utilization,dram_write_throughput,l2_read_throughput,l2_write_throughput,issued_ipc ./../bin/saxpy_high 12 100
------------------------------------------------------------

Successfully completed.

Resource usage summary:

    CPU time :                                   14.39 sec.
    Max Memory :                                 97 MB
    Average Memory :                             81.80 MB
    Total Requested Memory :                     -
    Delta Memory :                               -
    Max Swap :                                   -
    Max Processes :                              4
    Max Threads :                                13
    Run time :                                   71 sec.
    Turnaround time :                            73 sec.

The output (if any) is above this job summary.

==122001== NVPROF is profiling process 122001, command: ./../bin/saxpy_high 12 100
==122001== Some kernel(s) will be replayed on device 0 in order to collect all events/metrics.
==122001== Profiling application: ./../bin/saxpy_high 12 100
N = 4096
Average time of execution: 581.208715
Maximum time of execution: 696.691467
Mininum time of execution: 508.642242
Average Bandwidth: 0.000085
Maximum Bandwidth: 0.000097
Mininum Bandwidth: 0.000071
==122001== Profiling result:
==122001== Metric result:
Invocations                               Metric Name                        Metric Description         Min         Max         Avg
Device "Tesla P100-SXM2-16GB (0)"
    Kernel: saxpy(int, float, float*, float*)
        101                        achieved_occupancy                        Achieved Occupancy    0.116326    0.122237    0.121289
        101                      dram_read_throughput             Device Memory Read Throughput  7.1901GB/s  15.483GB/s  11.913GB/s
        101                          dram_utilization                 Device Memory Utilization     Low (1)     Low (1)     Low (1)
        101                     dram_write_throughput            Device Memory Write Throughput  56.936MB/s  4.6911GB/s  1.7080GB/s
        101                        l2_read_throughput                     L2 Throughput (Reads)  12.930GB/s  19.267GB/s  18.247GB/s
        101                       l2_write_throughput                    L2 Throughput (Writes)  5.1740GB/s  61.328GB/s  7.8250GB/s
        101                                issued_ipc                                Issued IPC    0.076477    0.151916    0.090465

------------------------------------------------------------
Sender: LSF System <ibm003@juronc12>
Subject: Job 53692: <nvprof --metrics achieved_occupancy,dram_read_throughput,dram_utilization,dram_write_throughput,l2_read_throughput,l2_write_throughput,issued_ipc ./../bin/saxpy_high 12 100> in cluster <cluster_lsf_hbp> Done

Job <nvprof --metrics achieved_occupancy,dram_read_throughput,dram_utilization,dram_write_throughput,l2_read_throughput,l2_write_throughput,issued_ipc ./../bin/saxpy_high 12 100> was submitted from host <juronb1> by user <padc005> in cluster <cluster_lsf_hbp>.
Job was executed on host(s) <juronc12>, in queue <normal>, as user <padc005> in cluster <cluster_lsf_hbp>.
</gpfs/homeb/zam/padc005> was used as the home directory.
</gpfs/homeb/zam/padc005/test/saxpy/SAXPY/src> was used as the working directory.
Started at Fri May 12 14:59:24 2017
Results reported on Fri May 12 15:00:27 2017

Your job looked like:

------------------------------------------------------------
# LSBATCH: User input
nvprof --metrics achieved_occupancy,dram_read_throughput,dram_utilization,dram_write_throughput,l2_read_throughput,l2_write_throughput,issued_ipc ./../bin/saxpy_high 12 100
------------------------------------------------------------

Successfully completed.

Resource usage summary:

    CPU time :                                   14.24 sec.
    Max Memory :                                 102 MB
    Average Memory :                             83.11 MB
    Total Requested Memory :                     -
    Delta Memory :                               -
    Max Swap :                                   -
    Max Processes :                              4
    Max Threads :                                13
    Run time :                                   64 sec.
    Turnaround time :                            64 sec.

The output (if any) is above this job summary.

==98271== NVPROF is profiling process 98271, command: ./../bin/saxpy_high 12 100
==98271== Some kernel(s) will be replayed on device 0 in order to collect all events/metrics.
==98271== Profiling application: ./../bin/saxpy_high 12 100
N = 4096
Average time of execution: 578.916715
Maximum time of execution: 969.547668
Mininum time of execution: 320.554565
Average Bandwidth: 0.000088
Maximum Bandwidth: 0.000153
Mininum Bandwidth: 0.000051
==98271== Profiling result:
==98271== Metric result:
Invocations                               Metric Name                        Metric Description         Min         Max         Avg
Device "Tesla P100-SXM2-16GB (0)"
    Kernel: saxpy(int, float, float*, float*)
        101                        achieved_occupancy                        Achieved Occupancy    0.121380    0.241281    0.235715
        101                      dram_read_throughput             Device Memory Read Throughput  0.00000B/s  15.245GB/s  9.8385GB/s
        101                          dram_utilization                 Device Memory Utilization     Low (1)     Low (1)     Low (1)
        101                     dram_write_throughput            Device Memory Write Throughput  0.00000B/s  7.1923GB/s  2.8145GB/s
        101                        l2_read_throughput                     L2 Throughput (Reads)  15.467GB/s  18.798GB/s  17.410GB/s
        101                       l2_write_throughput                    L2 Throughput (Writes)  6.2010GB/s  32.467GB/s  7.2429GB/s
        101                                issued_ipc                                Issued IPC    0.128520    0.272644    0.168286

------------------------------------------------------------
Sender: LSF System <ibm003@juronc06>
Subject: Job 53852: <nvprof --metrics achieved_occupancy,dram_read_throughput,dram_utilization,dram_write_throughput,l2_read_throughput,l2_write_throughput,issued_ipc ./../bin/saxpy_high 12 100> in cluster <cluster_lsf_hbp> Done

Job <nvprof --metrics achieved_occupancy,dram_read_throughput,dram_utilization,dram_write_throughput,l2_read_throughput,l2_write_throughput,issued_ipc ./../bin/saxpy_high 12 100> was submitted from host <juronb1> by user <padc005> in cluster <cluster_lsf_hbp>.
Job was executed on host(s) <juronc06>, in queue <normal>, as user <padc005> in cluster <cluster_lsf_hbp>.
</gpfs/homeb/zam/padc005> was used as the home directory.
</gpfs/homeb/zam/padc005/test/saxpy/SAXPY/src> was used as the working directory.
Started at Mon May 15 12:08:08 2017
Results reported on Mon May 15 12:09:11 2017

Your job looked like:

------------------------------------------------------------
# LSBATCH: User input
nvprof --metrics achieved_occupancy,dram_read_throughput,dram_utilization,dram_write_throughput,l2_read_throughput,l2_write_throughput,issued_ipc ./../bin/saxpy_high 12 100
------------------------------------------------------------

Successfully completed.

Resource usage summary:

    CPU time :                                   14.36 sec.
    Max Memory :                                 99 MB
    Average Memory :                             80.22 MB
    Total Requested Memory :                     -
    Delta Memory :                               -
    Max Swap :                                   -
    Max Processes :                              4
    Max Threads :                                13
    Run time :                                   62 sec.
    Turnaround time :                            63 sec.

The output (if any) is above this job summary.

