Sender: LSF System <ibm003@juronc03>
Subject: Job 8794: <nvprof --metrics achieved_occupancy,dram_read_throughput,dram_utilization,dram_write_throughput,l2_read_throughput,l2_write_throughput,issued_ipc ./../bin/saxpy_many 15 10> in cluster <cluster_lsf_hbp> Done

Job <nvprof --metrics achieved_occupancy,dram_read_throughput,dram_utilization,dram_write_throughput,l2_read_throughput,l2_write_throughput,issued_ipc ./../bin/saxpy_many 15 10> was submitted from host <juronb1> by user <padc005> in cluster <cluster_lsf_hbp>.
Job was executed on host(s) <juronc03>, in queue <normal>, as user <padc005> in cluster <cluster_lsf_hbp>.
</gpfs/homeb/zam/padc005> was used as the home directory.
</gpfs/homeb/zam/padc005/test/saxpy/SAXPY/src> was used as the working directory.
Started at Tue Jan  3 09:39:24 2017
Results reported on Tue Jan  3 09:39:39 2017

Your job looked like:

------------------------------------------------------------
# LSBATCH: User input
nvprof --metrics achieved_occupancy,dram_read_throughput,dram_utilization,dram_write_throughput,l2_read_throughput,l2_write_throughput,issued_ipc ./../bin/saxpy_many 15 10
------------------------------------------------------------

Successfully completed.

Resource usage summary:

    CPU time :                                   2.29 sec.
    Max Memory :                                 72 MB
    Average Memory :                             43.50 MB
    Total Requested Memory :                     -
    Delta Memory :                               -
    Max Swap :                                   -
    Max Processes :                              4
    Max Threads :                                13
    Run time :                                   15 sec.
    Turnaround time :                            16 sec.

The output (if any) follows:

==144548== NVPROF is profiling process 144548, command: ./../bin/saxpy_many 15 10
==144548== Some kernel(s) will be replayed on device 0 in order to collect all events/metrics.
==144548== Profiling application: ./../bin/saxpy_many 15 10
N = 32768
Max error: 0.000000
Max error: 0.000000
Max error: 0.000000
Max error: 0.000000
Max error: 0.000000
Max error: 0.000000
Max error: 0.000000
Max error: 0.000000
Max error: 0.000000
Max error: 0.000000
Average time of execution: 1148.062323
Maximum time of execution: 1512.378296
Mininum time of execution: 962.407471
Average Bandwidth: 0.000349
Maximum Bandwidth: 0.000409
Mininum Bandwidth: 0.000260
==144548== Profiling result:
==144548== Metric result:
Invocations                               Metric Name                        Metric Description         Min         Max         Avg
Device "Tesla P100-SXM2-16GB (0)"
    Kernel: saxpy(int, float, float*, float*)
         10                        achieved_occupancy                        Achieved Occupancy    0.259928    0.266221    0.262822
         10                      dram_read_throughput             Device Memory Read Throughput  42.098GB/s  105.18GB/s  71.153GB/s
         10                          dram_utilization                 Device Memory Utilization     Low (1)     Low (2)     Low (1)
         10                     dram_write_throughput            Device Memory Write Throughput  278.16MB/s  22.214GB/s  13.554GB/s
         10                        l2_read_throughput                     L2 Throughput (Reads)  61.875GB/s  108.49GB/s  81.434GB/s
         10                       l2_write_throughput                    L2 Throughput (Writes)  29.897GB/s  52.435GB/s  39.371GB/s
         10                                issued_ipc                                Issued IPC    0.137681    0.164460    0.154647
