Sender: LSF System <ibm003@juronc14>
Subject: Job 8766: <nvprof --metrics achieved_occupancy,dram_read_throughput,dram_utilization,dram_write_throughput,l2_read_throughput,l2_write_throughput,issued_ipc ./../bin/saxpy_many 17 10> in cluster <cluster_lsf_hbp> Done

Job <nvprof --metrics achieved_occupancy,dram_read_throughput,dram_utilization,dram_write_throughput,l2_read_throughput,l2_write_throughput,issued_ipc ./../bin/saxpy_many 17 10> was submitted from host <juronb1> by user <padc005> in cluster <cluster_lsf_hbp>.
Job was executed on host(s) <juronc14>, in queue <normal>, as user <padc005> in cluster <cluster_lsf_hbp>.
</gpfs/homeb/zam/padc005> was used as the home directory.
</gpfs/homeb/zam/padc005/test/saxpy/SAXPY/src> was used as the working directory.
Started at Tue Jan  3 07:10:07 2017
Results reported on Tue Jan  3 07:10:22 2017

Your job looked like:

------------------------------------------------------------
# LSBATCH: User input
nvprof --metrics achieved_occupancy,dram_read_throughput,dram_utilization,dram_write_throughput,l2_read_throughput,l2_write_throughput,issued_ipc ./../bin/saxpy_many 17 10
------------------------------------------------------------

Successfully completed.

Resource usage summary:

    CPU time :                                   2.35 sec.
    Max Memory :                                 82 MB
    Average Memory :                             50.00 MB
    Total Requested Memory :                     -
    Delta Memory :                               -
    Max Swap :                                   -
    Max Processes :                              4
    Max Threads :                                13
    Run time :                                   15 sec.
    Turnaround time :                            16 sec.

The output (if any) follows:

==118199== NVPROF is profiling process 118199, command: ./../bin/saxpy_many 17 10
==118199== Some kernel(s) will be replayed on device 0 in order to collect all events/metrics.
==118199== Profiling application: ./../bin/saxpy_many 17 10
N = 131072
Max error: 0.000000
Max error: 0.000000
Max error: 0.000000
Max error: 0.000000
Max error: 0.000000
Max error: 0.000000
Max error: 0.000000
Max error: 0.000000
Max error: 0.000000
Max error: 0.000000
Average time of execution: 1139.915063
Maximum time of execution: 1426.236572
Mininum time of execution: 1005.213257
Average Bandwidth: 0.001399
Maximum Bandwidth: 0.001565
Mininum Bandwidth: 0.001103
==118199== Profiling result:
==118199== Metric result:
Invocations                               Metric Name                        Metric Description         Min         Max         Avg
Device "Tesla P100-SXM2-16GB (0)"
    Kernel: saxpy(int, float, float*, float*)
         10                        achieved_occupancy                        Achieved Occupancy    0.697168    0.784103    0.747379
         10                      dram_read_throughput             Device Memory Read Throughput  152.19GB/s  210.80GB/s  172.49GB/s
         10                          dram_utilization                 Device Memory Utilization     Mid (4)     Mid (5)     Mid (4)
         10                     dram_write_throughput            Device Memory Write Throughput  54.979GB/s  72.142GB/s  60.889GB/s
         10                        l2_read_throughput                     L2 Throughput (Reads)  153.27GB/s  212.39GB/s  173.79GB/s
         10                       l2_write_throughput                    L2 Throughput (Writes)  76.077GB/s  105.32GB/s  86.176GB/s
         10                                issued_ipc                                Issued IPC    0.243599    0.306860    0.270216
