Sender: LSF System <ibm003@juronc03>
Subject: Job 8802: <nvprof --metrics achieved_occupancy,dram_read_throughput,dram_utilization,dram_write_throughput,l2_read_throughput,l2_write_throughput,issued_ipc ./../bin/saxpy_many 19 10> in cluster <cluster_lsf_hbp> Done

Job <nvprof --metrics achieved_occupancy,dram_read_throughput,dram_utilization,dram_write_throughput,l2_read_throughput,l2_write_throughput,issued_ipc ./../bin/saxpy_many 19 10> was submitted from host <juronb1> by user <padc005> in cluster <cluster_lsf_hbp>.
Job was executed on host(s) <juronc03>, in queue <normal>, as user <padc005> in cluster <cluster_lsf_hbp>.
</gpfs/homeb/zam/padc005> was used as the home directory.
</gpfs/homeb/zam/padc005/test/saxpy/SAXPY/src> was used as the working directory.
Started at Tue Jan  3 09:39:24 2017
Results reported on Tue Jan  3 09:39:40 2017

Your job looked like:

------------------------------------------------------------
# LSBATCH: User input
nvprof --metrics achieved_occupancy,dram_read_throughput,dram_utilization,dram_write_throughput,l2_read_throughput,l2_write_throughput,issued_ipc ./../bin/saxpy_many 19 10
------------------------------------------------------------

Successfully completed.

Resource usage summary:

    CPU time :                                   2.37 sec.
    Max Memory :                                 117 MB
    Average Memory :                             68.50 MB
    Total Requested Memory :                     -
    Delta Memory :                               -
    Max Swap :                                   -
    Max Processes :                              4
    Max Threads :                                13
    Run time :                                   15 sec.
    Turnaround time :                            17 sec.

The output (if any) follows:

==144547== NVPROF is profiling process 144547, command: ./../bin/saxpy_many 19 10
==144547== Some kernel(s) will be replayed on device 0 in order to collect all events/metrics.
==144547== Profiling application: ./../bin/saxpy_many 19 10
N = 524288
Max error: 0.000000
Max error: 0.000000
Max error: 0.000000
Max error: 0.000000
Max error: 0.000000
Max error: 0.000000
Max error: 0.000000
Max error: 0.000000
Max error: 0.000000
Max error: 0.000000
Average time of execution: 1130.581714
Maximum time of execution: 1458.029419
Mininum time of execution: 769.001648
Average Bandwidth: 0.005722
Maximum Bandwidth: 0.008181
Mininum Bandwidth: 0.004315
==144547== Profiling result:
==144547== Metric result:
Invocations                               Metric Name                        Metric Description         Min         Max         Avg
Device "Tesla P100-SXM2-16GB (0)"
    Kernel: saxpy(int, float, float*, float*)
         10                        achieved_occupancy                        Achieved Occupancy    0.816012    0.836632    0.824079
         10                      dram_read_throughput             Device Memory Read Throughput  265.86GB/s  275.38GB/s  270.67GB/s
         10                          dram_utilization                 Device Memory Utilization     Mid (6)     Mid (6)     Mid (6)
         10                     dram_write_throughput            Device Memory Write Throughput  107.40GB/s  119.31GB/s  113.90GB/s
         10                        l2_read_throughput                     L2 Throughput (Reads)  266.29GB/s  275.85GB/s  271.25GB/s
         10                       l2_write_throughput                    L2 Throughput (Writes)  132.98GB/s  137.80GB/s  135.41GB/s
         10                                issued_ipc                                Issued IPC    0.343137    0.364345    0.350451
==18128== NVPROF is profiling process 18128, command: ./../bin/saxpy_high 19 100
==18128== Some kernel(s) will be replayed on device 0 in order to collect all events/metrics.
==18128== Error: Internal profiling error 3754:7.
======== Error: CUDA profiling error.

------------------------------------------------------------
Sender: LSF System <ibm003@juronc06>
Subject: Job 35624: <nvprof --metrics achieved_occupancy,dram_read_throughput,dram_utilization,dram_write_throughput,l2_read_throughput,l2_write_throughput,issued_ipc ./../bin/saxpy_high 19 100> in cluster <cluster_lsf_hbp> Exited

Job <nvprof --metrics achieved_occupancy,dram_read_throughput,dram_utilization,dram_write_throughput,l2_read_throughput,l2_write_throughput,issued_ipc ./../bin/saxpy_high 19 100> was submitted from host <juronb1> by user <padc005> in cluster <cluster_lsf_hbp>.
Job was executed on host(s) <juronc06>, in queue <normal>, as user <padc005> in cluster <cluster_lsf_hbp>.
</gpfs/homeb/zam/padc005> was used as the home directory.
</gpfs/homeb/zam/padc005/test/saxpy/SAXPY/src> was used as the working directory.
Started at Fri Feb  3 12:29:54 2017
Results reported on Fri Feb  3 12:30:20 2017

Your job looked like:

------------------------------------------------------------
# LSBATCH: User input
nvprof --metrics achieved_occupancy,dram_read_throughput,dram_utilization,dram_write_throughput,l2_read_throughput,l2_write_throughput,issued_ipc ./../bin/saxpy_high 19 100
------------------------------------------------------------

Exited with exit code 12.

Resource usage summary:

    CPU time :                                   2.11 sec.
    Max Memory :                                 1314 MB
    Average Memory :                             729.25 MB
    Total Requested Memory :                     -
    Delta Memory :                               -
    Max Swap :                                   2 MB
    Max Processes :                              4
    Max Threads :                                13
    Run time :                                   24 sec.
    Turnaround time :                            6061 sec.

The output (if any) is above this job summary.

==11365== NVPROF is profiling process 11365, command: ./../bin/saxpy_high 19 100
==11365== Some kernel(s) will be replayed on device 0 in order to collect all events/metrics.
==11365== Error: Internal profiling error 3754:7.
======== Error: CUDA profiling error.

------------------------------------------------------------
Sender: LSF System <ibm003@juronc04>
Subject: Job 35690: <nvprof --metrics achieved_occupancy,dram_read_throughput,dram_utilization,dram_write_throughput,l2_read_throughput,l2_write_throughput,issued_ipc ./../bin/saxpy_high 19 100> in cluster <cluster_lsf_hbp> Exited

Job <nvprof --metrics achieved_occupancy,dram_read_throughput,dram_utilization,dram_write_throughput,l2_read_throughput,l2_write_throughput,issued_ipc ./../bin/saxpy_high 19 100> was submitted from host <juronb1> by user <padc005> in cluster <cluster_lsf_hbp>.
Job was executed on host(s) <juronc04>, in queue <normal>, as user <padc005> in cluster <cluster_lsf_hbp>.
</gpfs/homeb/zam/padc005> was used as the home directory.
</gpfs/homeb/zam/padc005/test/saxpy/SAXPY/src> was used as the working directory.
Started at Fri Feb  3 14:50:00 2017
Results reported on Fri Feb  3 14:50:26 2017

Your job looked like:

------------------------------------------------------------
# LSBATCH: User input
nvprof --metrics achieved_occupancy,dram_read_throughput,dram_utilization,dram_write_throughput,l2_read_throughput,l2_write_throughput,issued_ipc ./../bin/saxpy_high 19 100
------------------------------------------------------------

Exited with exit code 12.

Resource usage summary:

    CPU time :                                   1.11 sec.
    Max Memory :                                 1320 MB
    Average Memory :                             717.50 MB
    Total Requested Memory :                     -
    Delta Memory :                               -
    Max Swap :                                   -
    Max Processes :                              4
    Max Threads :                                13
    Run time :                                   26 sec.
    Turnaround time :                            27 sec.

The output (if any) is above this job summary.

==2187== NVPROF is profiling process 2187, command: ./../bin/saxpy_high 19 100
==2187== Some kernel(s) will be replayed on device 0 in order to collect all events/metrics.
==2187== Profiling application: ./../bin/saxpy_high 19 100
N = 524288
Max error: 0.000000
Max error: 0.000000
Max error: 0.000000
Max error: 0.000000
Max error: 0.000000
Max error: 0.000000
Max error: 0.000000
Max error: 0.000000
Max error: 0.000000
Max error: 0.000000
Max error: 0.000000
Max error: 0.000000
Max error: 0.000000
Max error: 0.000000
Max error: 0.000000
Max error: 0.000000
Max error: 0.000000
Max error: 0.000000
Max error: 0.000000
Max error: 0.000000
Max error: 0.000000
Max error: 0.000000
Max error: 0.000000
Max error: 0.000000
Max error: 0.000000
Max error: 0.000000
Max error: 0.000000
Max error: 0.000000
Max error: 0.000000
Max error: 0.000000
Max error: 0.000000
Max error: 0.000000
Max error: 0.000000
Max error: 0.000000
Max error: 0.000000
Max error: 0.000000
Max error: 0.000000
Max error: 0.000000
Max error: 0.000000
Max error: 0.000000
Max error: 0.000000
Max error: 0.000000
Max error: 0.000000
Max error: 0.000000
Max error: 0.000000
Max error: 0.000000
Max error: 0.000000
Max error: 0.000000
Max error: 0.000000
Max error: 0.000000
Max error: 0.000000
Max error: 0.000000
Max error: 0.000000
Max error: 0.000000
Max error: 0.000000
Max error: 0.000000
Max error: 0.000000
Max error: 0.000000
Max error: 0.000000
Max error: 0.000000
Max error: 0.000000
Max error: 0.000000
Max error: 0.000000
Max error: 0.000000
Max error: 0.000000
Max error: 0.000000
Max error: 0.000000
Max error: 0.000000
Max error: 0.000000
Max error: 0.000000
Max error: 0.000000
Max error: 0.000000
Max error: 0.000000
Max error: 0.000000
Max error: 0.000000
Max error: 0.000000
Max error: 0.000000
Max error: 0.000000
Max error: 0.000000
Max error: 0.000000
Max error: 0.000000
Max error: 0.000000
Max error: 0.000000
Max error: 0.000000
Max error: 0.000000
Max error: 0.000000
Max error: 0.000000
Max error: 0.000000
Max error: 0.000000
Max error: 0.000000
Max error: 0.000000
Max error: 0.000000
Max error: 0.000000
Max error: 0.000000
Max error: 0.000000
Max error: 0.000000
Max error: 0.000000
Max error: 0.000000
Max error: 0.000000
Max error: 0.000000
Average time of execution: 499.323119
Maximum time of execution: 955.798157
Mininum time of execution: 48.986942
Average Bandwidth: 0.017047
Maximum Bandwidth: 0.128431
Mininum Bandwidth: 0.006582
==2187== Profiling result:
==2187== Metric result:
Invocations                               Metric Name                        Metric Description         Min         Max         Avg
Device "Tesla P100-SXM2-16GB (0)"
    Kernel: saxpy(int, float, float*, float*)
        100                        achieved_occupancy                        Achieved Occupancy    0.830554    0.851500    0.844712
        100                      dram_read_throughput             Device Memory Read Throughput  75.138GB/s  112.57GB/s  104.71GB/s
        100                          dram_utilization                 Device Memory Utilization     Low (2)     Low (3)     Low (2)
        100                     dram_write_throughput            Device Memory Write Throughput  43.019GB/s  57.325GB/s  47.988GB/s
        100                        l2_read_throughput                     L2 Throughput (Reads)  99.954GB/s  113.64GB/s  108.30GB/s
        100                       l2_write_throughput                    L2 Throughput (Writes)  49.892GB/s  56.798GB/s  54.071GB/s
        100                                issued_ipc                                Issued IPC    0.645494    0.667506    0.654351

------------------------------------------------------------
Sender: LSF System <ibm003@juronc07>
Subject: Job 53376: <nvprof --metrics achieved_occupancy,dram_read_throughput,dram_utilization,dram_write_throughput,l2_read_throughput,l2_write_throughput,issued_ipc ./../bin/saxpy_high 19 100> in cluster <cluster_lsf_hbp> Done

Job <nvprof --metrics achieved_occupancy,dram_read_throughput,dram_utilization,dram_write_throughput,l2_read_throughput,l2_write_throughput,issued_ipc ./../bin/saxpy_high 19 100> was submitted from host <juronb1> by user <padc005> in cluster <cluster_lsf_hbp>.
Job was executed on host(s) <juronc07>, in queue <normal>, as user <padc005> in cluster <cluster_lsf_hbp>.
</gpfs/homeb/zam/padc005> was used as the home directory.
</gpfs/homeb/zam/padc005/test/saxpy/SAXPY/src> was used as the working directory.
Started at Fri May 12 11:01:01 2017
Results reported on Fri May 12 11:01:59 2017

Your job looked like:

------------------------------------------------------------
# LSBATCH: User input
nvprof --metrics achieved_occupancy,dram_read_throughput,dram_utilization,dram_write_throughput,l2_read_throughput,l2_write_throughput,issued_ipc ./../bin/saxpy_high 19 100
------------------------------------------------------------

Successfully completed.

Resource usage summary:

    CPU time :                                   16.13 sec.
    Max Memory :                                 109 MB
    Average Memory :                             85.75 MB
    Total Requested Memory :                     -
    Delta Memory :                               -
    Max Swap :                                   -
    Max Processes :                              4
    Max Threads :                                13
    Run time :                                   58 sec.
    Turnaround time :                            59 sec.

The output (if any) is above this job summary.

==57899== NVPROF is profiling process 57899, command: ./../bin/saxpy_high 19 100
==57899== Some kernel(s) will be replayed on device 0 in order to collect all events/metrics.
==57899== Profiling application: ./../bin/saxpy_high 19 100
N = 524288
Max error: 0.000000
Max error: 0.000000
Max error: 0.000000
Max error: 0.000000
Max error: 0.000000
Max error: 0.000000
Max error: 0.000000
Max error: 0.000000
Max error: 0.000000
Max error: 0.000000
Max error: 0.000000
Max error: 0.000000
Max error: 0.000000
Max error: 0.000000
Max error: 0.000000
Max error: 0.000000
Max error: 0.000000
Max error: 0.000000
Max error: 0.000000
Max error: 0.000000
Max error: 0.000000
Max error: 0.000000
Max error: 0.000000
Max error: 0.000000
Max error: 0.000000
Max error: 0.000000
Max error: 0.000000
Max error: 0.000000
Max error: 0.000000
Max error: 0.000000
Max error: 0.000000
Max error: 0.000000
Max error: 0.000000
Max error: 0.000000
Max error: 0.000000
Max error: 0.000000
Max error: 0.000000
Max error: 0.000000
Max error: 0.000000
Max error: 0.000000
Max error: 0.000000
Max error: 0.000000
Max error: 0.000000
Max error: 0.000000
Max error: 0.000000
Max error: 0.000000
Max error: 0.000000
Max error: 0.000000
Max error: 0.000000
Max error: 0.000000
Max error: 0.000000
Max error: 0.000000
Max error: 0.000000
Max error: 0.000000
Max error: 0.000000
Max error: 0.000000
Max error: 0.000000
Max error: 0.000000
Max error: 0.000000
Max error: 0.000000
Max error: 0.000000
Max error: 0.000000
Max error: 0.000000
Max error: 0.000000
Max error: 0.000000
Max error: 0.000000
Max error: 0.000000
Max error: 0.000000
Max error: 0.000000
Max error: 0.000000
Max error: 0.000000
Max error: 0.000000
Max error: 0.000000
Max error: 0.000000
Max error: 0.000000
Max error: 0.000000
Max error: 0.000000
Max error: 0.000000
Max error: 0.000000
Max error: 0.000000
Max error: 0.000000
Max error: 0.000000
Max error: 0.000000
Max error: 0.000000
Max error: 0.000000
Max error: 0.000000
Max error: 0.000000
Max error: 0.000000
Max error: 0.000000
Max error: 0.000000
Max error: 0.000000
Max error: 0.000000
Max error: 0.000000
Max error: 0.000000
Max error: 0.000000
Max error: 0.000000
Max error: 0.000000
Max error: 0.000000
Max error: 0.000000
Max error: 0.000000
Average time of execution: 627.438618
Maximum time of execution: 1224.373169
Mininum time of execution: 48.842014
Average Bandwidth: 0.013143
Maximum Bandwidth: 0.128812
Mininum Bandwidth: 0.005139
==57899== Profiling result:
==57899== Metric result:
Invocations                               Metric Name                        Metric Description         Min         Max         Avg
Device "Tesla P100-SXM2-16GB (0)"
    Kernel: saxpy(int, float, float*, float*)
        100                        achieved_occupancy                        Achieved Occupancy    0.836450    0.851338    0.844713
        100                      dram_read_throughput             Device Memory Read Throughput  75.311GB/s  112.55GB/s  104.68GB/s
        100                          dram_utilization                 Device Memory Utilization     Low (2)     Low (3)     Low (2)
        100                     dram_write_throughput            Device Memory Write Throughput  44.345GB/s  58.606GB/s  48.689GB/s
        100                        l2_read_throughput                     L2 Throughput (Reads)  99.500GB/s  113.05GB/s  108.39GB/s
        100                       l2_write_throughput                    L2 Throughput (Writes)  49.660GB/s  56.500GB/s  54.117GB/s
        100                                issued_ipc                                Issued IPC    0.648216    0.670074    0.654012

------------------------------------------------------------
Sender: LSF System <ibm003@juronc07>
Subject: Job 53417: <nvprof --metrics achieved_occupancy,dram_read_throughput,dram_utilization,dram_write_throughput,l2_read_throughput,l2_write_throughput,issued_ipc ./../bin/saxpy_high 19 100> in cluster <cluster_lsf_hbp> Done

Job <nvprof --metrics achieved_occupancy,dram_read_throughput,dram_utilization,dram_write_throughput,l2_read_throughput,l2_write_throughput,issued_ipc ./../bin/saxpy_high 19 100> was submitted from host <juronb1> by user <padc005> in cluster <cluster_lsf_hbp>.
Job was executed on host(s) <juronc07>, in queue <normal>, as user <padc005> in cluster <cluster_lsf_hbp>.
</gpfs/homeb/zam/padc005> was used as the home directory.
</gpfs/homeb/zam/padc005/test/saxpy/SAXPY/src> was used as the working directory.
Started at Fri May 12 11:16:21 2017
Results reported on Fri May 12 11:17:32 2017

Your job looked like:

------------------------------------------------------------
# LSBATCH: User input
nvprof --metrics achieved_occupancy,dram_read_throughput,dram_utilization,dram_write_throughput,l2_read_throughput,l2_write_throughput,issued_ipc ./../bin/saxpy_high 19 100
------------------------------------------------------------

Successfully completed.

Resource usage summary:

    CPU time :                                   17.18 sec.
    Max Memory :                                 108 MB
    Average Memory :                             89.80 MB
    Total Requested Memory :                     -
    Delta Memory :                               -
    Max Swap :                                   -
    Max Processes :                              4
    Max Threads :                                13
    Run time :                                   71 sec.
    Turnaround time :                            72 sec.

The output (if any) is above this job summary.

======== Error: failed to access tmp directory.
======== use the "TMPDIR" environment variable to specify an accessible directory.

------------------------------------------------------------
Sender: LSF System <ibm003@juronc18>
Subject: Job 53450: <nvprof --metrics achieved_occupancy,dram_read_throughput,dram_utilization,dram_write_throughput,l2_read_throughput,l2_write_throughput,issued_ipc ./../bin/saxpy_high 19 100> in cluster <cluster_lsf_hbp> Exited

Job <nvprof --metrics achieved_occupancy,dram_read_throughput,dram_utilization,dram_write_throughput,l2_read_throughput,l2_write_throughput,issued_ipc ./../bin/saxpy_high 19 100> was submitted from host <juronb1> by user <padc005> in cluster <cluster_lsf_hbp>.
Job was executed on host(s) <juronc18>, in queue <normal>, as user <padc005> in cluster <cluster_lsf_hbp>.
</gpfs/homeb/zam/padc005> was used as the home directory.
</gpfs/homeb/zam/padc005/test/saxpy/SAXPY/src> was used as the working directory.
Started at Fri May 12 11:21:35 2017
Results reported on Fri May 12 11:21:36 2017

Your job looked like:

------------------------------------------------------------
# LSBATCH: User input
nvprof --metrics achieved_occupancy,dram_read_throughput,dram_utilization,dram_write_throughput,l2_read_throughput,l2_write_throughput,issued_ipc ./../bin/saxpy_high 19 100
------------------------------------------------------------

Exited with exit code 2.

Resource usage summary:

    CPU time :                                   0.03 sec.
    Max Memory :                                 13 MB
    Average Memory :                             -
    Total Requested Memory :                     -
    Delta Memory :                               -
    Max Swap :                                   -
    Max Processes :                              -
    Max Threads :                                -
    Run time :                                   1 sec.
    Turnaround time :                            2 sec.

The output (if any) is above this job summary.

==47303== NVPROF is profiling process 47303, command: ./../bin/saxpy_high 19 100
==47303== Some kernel(s) will be replayed on device 0 in order to collect all events/metrics.
==47303== Profiling application: ./../bin/saxpy_high 19 100
N = 524288
Max error: 0.000000
Max error: 0.000000
Max error: 0.000000
Max error: 0.000000
Max error: 0.000000
Max error: 0.000000
Max error: 0.000000
Max error: 0.000000
Max error: 0.000000
Max error: 0.000000
Max error: 0.000000
Max error: 0.000000
Max error: 0.000000
Max error: 0.000000
Max error: 0.000000
Max error: 0.000000
Max error: 0.000000
Max error: 0.000000
Max error: 0.000000
Max error: 0.000000
Max error: 0.000000
Max error: 0.000000
Max error: 0.000000
Max error: 0.000000
Max error: 0.000000
Max error: 0.000000
Max error: 0.000000
Max error: 0.000000
Max error: 0.000000
Max error: 0.000000
Max error: 0.000000
Max error: 0.000000
Max error: 0.000000
Max error: 0.000000
Max error: 0.000000
Max error: 0.000000
Max error: 0.000000
Max error: 0.000000
Max error: 0.000000
Max error: 0.000000
Max error: 0.000000
Max error: 0.000000
Max error: 0.000000
Max error: 0.000000
Max error: 0.000000
Max error: 0.000000
Max error: 0.000000
Max error: 0.000000
Max error: 0.000000
Max error: 0.000000
Max error: 0.000000
Max error: 0.000000
Max error: 0.000000
Max error: 0.000000
Max error: 0.000000
Max error: 0.000000
Max error: 0.000000
Max error: 0.000000
Max error: 0.000000
Max error: 0.000000
Max error: 0.000000
Max error: 0.000000
Max error: 0.000000
Max error: 0.000000
Max error: 0.000000
Max error: 0.000000
Max error: 0.000000
Max error: 0.000000
Max error: 0.000000
Max error: 0.000000
Max error: 0.000000
Max error: 0.000000
Max error: 0.000000
Max error: 0.000000
Max error: 0.000000
Max error: 0.000000
Max error: 0.000000
Max error: 0.000000
Max error: 0.000000
Max error: 0.000000
Max error: 0.000000
Max error: 0.000000
Max error: 0.000000
Max error: 0.000000
Max error: 0.000000
Max error: 0.000000
Max error: 0.000000
Max error: 0.000000
Max error: 0.000000
Max error: 0.000000
Max error: 0.000000
Max error: 0.000000
Max error: 0.000000
Max error: 0.000000
Max error: 0.000000
Max error: 0.000000
Max error: 0.000000
Max error: 0.000000
Max error: 0.000000
Max error: 0.000000
Average time of execution: 632.168809
Maximum time of execution: 1303.371948
Mininum time of execution: 58.059265
Average Bandwidth: 0.011402
Maximum Bandwidth: 0.108363
Mininum Bandwidth: 0.004827
==47303== Profiling result:
==47303== Metric result:
Invocations                               Metric Name                        Metric Description         Min         Max         Avg
Device "Tesla P100-SXM2-16GB (0)"
    Kernel: saxpy(int, float, float*, float*)
        100                        achieved_occupancy                        Achieved Occupancy    0.840265    0.851661    0.843613
        100                      dram_read_throughput             Device Memory Read Throughput  68.865GB/s  101.98GB/s  98.729GB/s
        100                          dram_utilization                 Device Memory Utilization     Low (2)     Low (3)     Low (2)
        100                     dram_write_throughput            Device Memory Write Throughput  44.048GB/s  52.362GB/s  45.543GB/s
        100                        l2_read_throughput                     L2 Throughput (Reads)  100.10GB/s  103.09GB/s  101.58GB/s
        100                       l2_write_throughput                    L2 Throughput (Writes)  49.956GB/s  51.395GB/s  50.711GB/s
        100                                issued_ipc                                Issued IPC    0.649712    0.660977    0.657053

------------------------------------------------------------
Sender: LSF System <ibm003@juronc18>
Subject: Job 53484: <nvprof --metrics achieved_occupancy,dram_read_throughput,dram_utilization,dram_write_throughput,l2_read_throughput,l2_write_throughput,issued_ipc ./../bin/saxpy_high 19 100> in cluster <cluster_lsf_hbp> Done

Job <nvprof --metrics achieved_occupancy,dram_read_throughput,dram_utilization,dram_write_throughput,l2_read_throughput,l2_write_throughput,issued_ipc ./../bin/saxpy_high 19 100> was submitted from host <juronb1> by user <padc005> in cluster <cluster_lsf_hbp>.
Job was executed on host(s) <juronc18>, in queue <normal>, as user <padc005> in cluster <cluster_lsf_hbp>.
</gpfs/homeb/zam/padc005> was used as the home directory.
</gpfs/homeb/zam/padc005/test/saxpy/SAXPY/src> was used as the working directory.
Started at Fri May 12 11:29:05 2017
Results reported on Fri May 12 11:30:20 2017

Your job looked like:

------------------------------------------------------------
# LSBATCH: User input
nvprof --metrics achieved_occupancy,dram_read_throughput,dram_utilization,dram_write_throughput,l2_read_throughput,l2_write_throughput,issued_ipc ./../bin/saxpy_high 19 100
------------------------------------------------------------

Successfully completed.

Resource usage summary:

    CPU time :                                   17.02 sec.
    Max Memory :                                 101 MB
    Average Memory :                             85.70 MB
    Total Requested Memory :                     -
    Delta Memory :                               -
    Max Swap :                                   -
    Max Processes :                              4
    Max Threads :                                13
    Run time :                                   74 sec.
    Turnaround time :                            75 sec.

The output (if any) is above this job summary.

==27722== NVPROF is profiling process 27722, command: ./../bin/saxpy_high 19 100
==27722== Some kernel(s) will be replayed on device 0 in order to collect all events/metrics.
==27722== Profiling application: ./../bin/saxpy_high 19 100
N = 524288
Max error: 0.000000
Max error: 0.000000
Max error: 0.000000
Max error: 0.000000
Max error: 0.000000
Max error: 0.000000
Max error: 0.000000
Max error: 0.000000
Max error: 0.000000
Max error: 0.000000
Max error: 0.000000
Max error: 0.000000
Max error: 0.000000
Max error: 0.000000
Max error: 0.000000
Max error: 0.000000
Max error: 0.000000
Max error: 0.000000
Max error: 0.000000
Max error: 0.000000
Max error: 0.000000
Max error: 0.000000
Max error: 0.000000
Max error: 0.000000
Max error: 0.000000
Max error: 0.000000
Max error: 0.000000
Max error: 0.000000
Max error: 0.000000
Max error: 0.000000
Max error: 0.000000
Max error: 0.000000
Max error: 0.000000
Max error: 0.000000
Max error: 0.000000
Max error: 0.000000
Max error: 0.000000
Max error: 0.000000
Max error: 0.000000
Max error: 0.000000
Max error: 0.000000
Max error: 0.000000
Max error: 0.000000
Max error: 0.000000
Max error: 0.000000
Max error: 0.000000
Max error: 0.000000
Max error: 0.000000
Max error: 0.000000
Max error: 0.000000
Max error: 0.000000
Max error: 0.000000
Max error: 0.000000
Max error: 0.000000
Max error: 0.000000
Max error: 0.000000
Max error: 0.000000
Max error: 0.000000
Max error: 0.000000
Max error: 0.000000
Max error: 0.000000
Max error: 0.000000
Max error: 0.000000
Max error: 0.000000
Max error: 0.000000
Max error: 0.000000
Max error: 0.000000
Max error: 0.000000
Max error: 0.000000
Max error: 0.000000
Max error: 0.000000
Max error: 0.000000
Max error: 0.000000
Max error: 0.000000
Max error: 0.000000
Max error: 0.000000
Max error: 0.000000
Max error: 0.000000
Max error: 0.000000
Max error: 0.000000
Max error: 0.000000
Max error: 0.000000
Max error: 0.000000
Max error: 0.000000
Max error: 0.000000
Max error: 0.000000
Max error: 0.000000
Max error: 0.000000
Max error: 0.000000
Max error: 0.000000
Max error: 0.000000
Max error: 0.000000
Max error: 0.000000
Max error: 0.000000
Max error: 0.000000
Max error: 0.000000
Max error: 0.000000
Max error: 0.000000
Max error: 0.000000
Max error: 0.000000
Average time of execution: 599.051813
Maximum time of execution: 811.862793
Mininum time of execution: 49.975582
Average Bandwidth: 0.016838
Maximum Bandwidth: 0.125891
Mininum Bandwidth: 0.007749
==27722== Profiling result:
==27722== Metric result:
Invocations                               Metric Name                        Metric Description         Min         Max         Avg
Device "Tesla P100-SXM2-16GB (0)"
    Kernel: saxpy(int, float, float*, float*)
        100                        achieved_occupancy                        Achieved Occupancy    0.834169    0.851846    0.844331
        100                      dram_read_throughput             Device Memory Read Throughput  75.592GB/s  112.42GB/s  106.44GB/s
        100                          dram_utilization                 Device Memory Utilization     Low (2)     Low (3)     Low (2)
        100                     dram_write_throughput            Device Memory Write Throughput  48.564GB/s  56.875GB/s  50.643GB/s
        100                        l2_read_throughput                     L2 Throughput (Reads)  110.70GB/s  113.68GB/s  112.24GB/s
        100                       l2_write_throughput                    L2 Throughput (Writes)  55.246GB/s  56.761GB/s  56.031GB/s
        100                                issued_ipc                                Issued IPC    0.647055    0.669289    0.653829

------------------------------------------------------------
Sender: LSF System <ibm003@juronc12>
Subject: Job 53517: <nvprof --metrics achieved_occupancy,dram_read_throughput,dram_utilization,dram_write_throughput,l2_read_throughput,l2_write_throughput,issued_ipc ./../bin/saxpy_high 19 100> in cluster <cluster_lsf_hbp> Done

Job <nvprof --metrics achieved_occupancy,dram_read_throughput,dram_utilization,dram_write_throughput,l2_read_throughput,l2_write_throughput,issued_ipc ./../bin/saxpy_high 19 100> was submitted from host <juronb1> by user <padc005> in cluster <cluster_lsf_hbp>.
Job was executed on host(s) <juronc12>, in queue <normal>, as user <padc005> in cluster <cluster_lsf_hbp>.
</gpfs/homeb/zam/padc005> was used as the home directory.
</gpfs/homeb/zam/padc005/test/saxpy/SAXPY/src> was used as the working directory.
Started at Fri May 12 11:32:24 2017
Results reported on Fri May 12 11:33:37 2017

Your job looked like:

------------------------------------------------------------
# LSBATCH: User input
nvprof --metrics achieved_occupancy,dram_read_throughput,dram_utilization,dram_write_throughput,l2_read_throughput,l2_write_throughput,issued_ipc ./../bin/saxpy_high 19 100
------------------------------------------------------------

Successfully completed.

Resource usage summary:

    CPU time :                                   17.19 sec.
    Max Memory :                                 105 MB
    Average Memory :                             84.00 MB
    Total Requested Memory :                     -
    Delta Memory :                               -
    Max Swap :                                   -
    Max Processes :                              4
    Max Threads :                                13
    Run time :                                   72 sec.
    Turnaround time :                            75 sec.

The output (if any) is above this job summary.

==133895== NVPROF is profiling process 133895, command: ./../bin/saxpy_high 19 100
==133895== Some kernel(s) will be replayed on device 0 in order to collect all events/metrics.
==133895== Profiling application: ./../bin/saxpy_high 19 100
N = 524288
Max error: 0.000000
Max error: 0.000000
Max error: 0.000000
Max error: 0.000000
Max error: 0.000000
Max error: 0.000000
Max error: 0.000000
Max error: 0.000000
Max error: 0.000000
Max error: 0.000000
Max error: 0.000000
Max error: 0.000000
Max error: 0.000000
Max error: 0.000000
Max error: 0.000000
Max error: 0.000000
Max error: 0.000000
Max error: 0.000000
Max error: 0.000000
Max error: 0.000000
Max error: 0.000000
Max error: 0.000000
Max error: 0.000000
Max error: 0.000000
Max error: 0.000000
Max error: 0.000000
Max error: 0.000000
Max error: 0.000000
Max error: 0.000000
Max error: 0.000000
Max error: 0.000000
Max error: 0.000000
Max error: 0.000000
Max error: 0.000000
Max error: 0.000000
Max error: 0.000000
Max error: 0.000000
Max error: 0.000000
Max error: 0.000000
Max error: 0.000000
Max error: 0.000000
Max error: 0.000000
Max error: 0.000000
Max error: 0.000000
Max error: 0.000000
Max error: 0.000000
Max error: 0.000000
Max error: 0.000000
Max error: 0.000000
Max error: 0.000000
Max error: 0.000000
Max error: 0.000000
Max error: 0.000000
Max error: 0.000000
Max error: 0.000000
Max error: 0.000000
Max error: 0.000000
Max error: 0.000000
Max error: 0.000000
Max error: 0.000000
Max error: 0.000000
Max error: 0.000000
Max error: 0.000000
Max error: 0.000000
Max error: 0.000000
Max error: 0.000000
Max error: 0.000000
Max error: 0.000000
Max error: 0.000000
Max error: 0.000000
Max error: 0.000000
Max error: 0.000000
Max error: 0.000000
Max error: 0.000000
Max error: 0.000000
Max error: 0.000000
Max error: 0.000000
Max error: 0.000000
Max error: 0.000000
Max error: 0.000000
Max error: 0.000000
Max error: 0.000000
Max error: 0.000000
Max error: 0.000000
Max error: 0.000000
Max error: 0.000000
Max error: 0.000000
Max error: 0.000000
Max error: 0.000000
Max error: 0.000000
Max error: 0.000000
Max error: 0.000000
Max error: 0.000000
Max error: 0.000000
Max error: 0.000000
Max error: 0.000000
Max error: 0.000000
Max error: 0.000000
Max error: 0.000000
Max error: 0.000000
Average time of execution: 59.939318
Maximum time of execution: 422.140228
Mininum time of execution: 48.642815
Average Bandwidth: 0.113034
Maximum Bandwidth: 0.129340
Mininum Bandwidth: 0.014904
==133895== Profiling result:
==133895== Metric result:
Invocations                               Metric Name                        Metric Description         Min         Max         Avg
Device "Tesla P100-SXM2-16GB (0)"
    Kernel: saxpy(int, float, float*, float*)
        100                        achieved_occupancy                        Achieved Occupancy    0.782344    0.833968    0.803438
        100                      dram_read_throughput             Device Memory Read Throughput  238.41GB/s  256.20GB/s  242.59GB/s
        100                          dram_utilization                 Device Memory Utilization    High (7)    High (7)    High (7)
        100                     dram_write_throughput            Device Memory Write Throughput  162.00GB/s  179.03GB/s  175.07GB/s
        100                        l2_read_throughput                     L2 Throughput (Reads)  342.93GB/s  356.15GB/s  348.45GB/s
        100                       l2_write_throughput                    L2 Throughput (Writes)  171.15GB/s  177.76GB/s  174.04GB/s
        100                                issued_ipc                                Issued IPC    0.369576    0.487948    0.430715

------------------------------------------------------------
Sender: LSF System <ibm003@juronc14>
Subject: Job 53606: <nvprof --metrics achieved_occupancy,dram_read_throughput,dram_utilization,dram_write_throughput,l2_read_throughput,l2_write_throughput,issued_ipc ./../bin/saxpy_high 19 100> in cluster <cluster_lsf_hbp> Done

Job <nvprof --metrics achieved_occupancy,dram_read_throughput,dram_utilization,dram_write_throughput,l2_read_throughput,l2_write_throughput,issued_ipc ./../bin/saxpy_high 19 100> was submitted from host <juronb1> by user <padc005> in cluster <cluster_lsf_hbp>.
Job was executed on host(s) <juronc14>, in queue <normal>, as user <padc005> in cluster <cluster_lsf_hbp>.
</gpfs/homeb/zam/padc005> was used as the home directory.
</gpfs/homeb/zam/padc005/test/saxpy/SAXPY/src> was used as the working directory.
Started at Fri May 12 14:40:54 2017
Results reported on Fri May 12 14:41:05 2017

Your job looked like:

------------------------------------------------------------
# LSBATCH: User input
nvprof --metrics achieved_occupancy,dram_read_throughput,dram_utilization,dram_write_throughput,l2_read_throughput,l2_write_throughput,issued_ipc ./../bin/saxpy_high 19 100
------------------------------------------------------------

Successfully completed.

Resource usage summary:

    CPU time :                                   11.71 sec.
    Max Memory :                                 121 MB
    Average Memory :                             67.00 MB
    Total Requested Memory :                     -
    Delta Memory :                               -
    Max Swap :                                   -
    Max Processes :                              4
    Max Threads :                                13
    Run time :                                   11 sec.
    Turnaround time :                            11 sec.

The output (if any) is above this job summary.

==29865== NVPROF is profiling process 29865, command: ./../bin/saxpy_high 19 100
==29865== Some kernel(s) will be replayed on device 0 in order to collect all events/metrics.
==29865== Profiling application: ./../bin/saxpy_high 19 100
N = 524288
Average time of execution: 641.125990
Maximum time of execution: 1284.382812
Mininum time of execution: 90.125282
Average Bandwidth: 0.011440
Maximum Bandwidth: 0.069808
Mininum Bandwidth: 0.004898
==29865== Profiling result:
==29865== Metric result:
Invocations                               Metric Name                        Metric Description         Min         Max         Avg
Device "Tesla P100-SXM2-16GB (0)"
    Kernel: saxpy(int, float, float*, float*)
        100                        achieved_occupancy                        Achieved Occupancy    0.789973    0.835747    0.823186
        100                      dram_read_throughput             Device Memory Read Throughput  238.89GB/s  344.44GB/s  321.33GB/s
        100                          dram_utilization                 Device Memory Utilization     Mid (6)    High (8)    High (7)
        100                     dram_write_throughput            Device Memory Write Throughput  120.58GB/s  167.41GB/s  145.35GB/s
        100                        l2_read_throughput                     L2 Throughput (Reads)  278.36GB/s  349.54GB/s  330.65GB/s
        100                       l2_write_throughput                    L2 Throughput (Writes)  139.02GB/s  174.58GB/s  165.13GB/s
        100                                issued_ipc                                Issued IPC    0.340064    0.481074    0.356981

------------------------------------------------------------
Sender: LSF System <ibm003@juronc07>
Subject: Job 53638: <nvprof --metrics achieved_occupancy,dram_read_throughput,dram_utilization,dram_write_throughput,l2_read_throughput,l2_write_throughput,issued_ipc ./../bin/saxpy_high 19 100> in cluster <cluster_lsf_hbp> Done

Job <nvprof --metrics achieved_occupancy,dram_read_throughput,dram_utilization,dram_write_throughput,l2_read_throughput,l2_write_throughput,issued_ipc ./../bin/saxpy_high 19 100> was submitted from host <juronb1> by user <padc005> in cluster <cluster_lsf_hbp>.
Job was executed on host(s) <juronc07>, in queue <normal>, as user <padc005> in cluster <cluster_lsf_hbp>.
</gpfs/homeb/zam/padc005> was used as the home directory.
</gpfs/homeb/zam/padc005/test/saxpy/SAXPY/src> was used as the working directory.
Started at Fri May 12 14:48:48 2017
Results reported on Fri May 12 14:50:00 2017

Your job looked like:

------------------------------------------------------------
# LSBATCH: User input
nvprof --metrics achieved_occupancy,dram_read_throughput,dram_utilization,dram_write_throughput,l2_read_throughput,l2_write_throughput,issued_ipc ./../bin/saxpy_high 19 100
------------------------------------------------------------

Successfully completed.

Resource usage summary:

    CPU time :                                   15.78 sec.
    Max Memory :                                 106 MB
    Average Memory :                             89.20 MB
    Total Requested Memory :                     -
    Delta Memory :                               -
    Max Swap :                                   -
    Max Processes :                              4
    Max Threads :                                13
    Run time :                                   70 sec.
    Turnaround time :                            73 sec.

The output (if any) is above this job summary.

==24988== NVPROF is profiling process 24988, command: ./../bin/saxpy_high 19 100
==24988== Some kernel(s) will be replayed on device 0 in order to collect all events/metrics.
==24988== Profiling application: ./../bin/saxpy_high 19 100
N = 524288
Average time of execution: 624.049541
Maximum time of execution: 744.788147
Mininum time of execution: 49.441025
Average Bandwidth: 0.013099
Maximum Bandwidth: 0.127252
Mininum Bandwidth: 0.008447
==24988== Profiling result:
==24988== Metric result:
Invocations                               Metric Name                        Metric Description         Min         Max         Avg
Device "Tesla P100-SXM2-16GB (0)"
    Kernel: saxpy(int, float, float*, float*)
        101                        achieved_occupancy                        Achieved Occupancy    0.775202    0.833531    0.822639
        101                      dram_read_throughput             Device Memory Read Throughput  243.78GB/s  353.72GB/s  332.46GB/s
        101                          dram_utilization                 Device Memory Utilization     Mid (6)    High (8)    High (7)
        101                     dram_write_throughput            Device Memory Write Throughput  120.74GB/s  171.31GB/s  150.42GB/s
        101                        l2_read_throughput                     L2 Throughput (Reads)  281.89GB/s  359.29GB/s  344.27GB/s
        101                       l2_write_throughput                    L2 Throughput (Writes)  140.82GB/s  181.33GB/s  172.05GB/s
        101                                issued_ipc                                Issued IPC    0.341610    0.487017    0.355323

------------------------------------------------------------
Sender: LSF System <ibm003@juronc14>
Subject: Job 53672: <nvprof --metrics achieved_occupancy,dram_read_throughput,dram_utilization,dram_write_throughput,l2_read_throughput,l2_write_throughput,issued_ipc ./../bin/saxpy_high 19 100> in cluster <cluster_lsf_hbp> Done

Job <nvprof --metrics achieved_occupancy,dram_read_throughput,dram_utilization,dram_write_throughput,l2_read_throughput,l2_write_throughput,issued_ipc ./../bin/saxpy_high 19 100> was submitted from host <juronb1> by user <padc005> in cluster <cluster_lsf_hbp>.
Job was executed on host(s) <juronc14>, in queue <normal>, as user <padc005> in cluster <cluster_lsf_hbp>.
</gpfs/homeb/zam/padc005> was used as the home directory.
</gpfs/homeb/zam/padc005/test/saxpy/SAXPY/src> was used as the working directory.
Started at Fri May 12 14:55:27 2017
Results reported on Fri May 12 14:56:39 2017

Your job looked like:

------------------------------------------------------------
# LSBATCH: User input
nvprof --metrics achieved_occupancy,dram_read_throughput,dram_utilization,dram_write_throughput,l2_read_throughput,l2_write_throughput,issued_ipc ./../bin/saxpy_high 19 100
------------------------------------------------------------

Successfully completed.

Resource usage summary:

    CPU time :                                   16.18 sec.
    Max Memory :                                 106 MB
    Average Memory :                             89.50 MB
    Total Requested Memory :                     -
    Delta Memory :                               -
    Max Swap :                                   -
    Max Processes :                              4
    Max Threads :                                13
    Run time :                                   71 sec.
    Turnaround time :                            73 sec.

The output (if any) is above this job summary.

==69366== NVPROF is profiling process 69366, command: ./../bin/saxpy_high 19 100
==69366== Some kernel(s) will be replayed on device 0 in order to collect all events/metrics.
==69366== Profiling application: ./../bin/saxpy_high 19 100
N = 524288
Average time of execution: 220.580212
Maximum time of execution: 535.474365
Mininum time of execution: 53.334686
Average Bandwidth: 0.034292
Maximum Bandwidth: 0.117962
Mininum Bandwidth: 0.011749
==69366== Profiling result:
==69366== Metric result:
Invocations                               Metric Name                        Metric Description         Min         Max         Avg
Device "Tesla P100-SXM2-16GB (0)"
    Kernel: saxpy(int, float, float*, float*)
        101                        achieved_occupancy                        Achieved Occupancy    0.770051    0.831054    0.801580
        101                      dram_read_throughput             Device Memory Read Throughput  213.37GB/s  347.47GB/s  279.94GB/s
        101                          dram_utilization                 Device Memory Utilization     Mid (5)    High (7)     Mid (6)
        101                     dram_write_throughput            Device Memory Write Throughput  29.818GB/s  170.80GB/s  122.58GB/s
        101                        l2_read_throughput                     L2 Throughput (Reads)  213.69GB/s  352.30GB/s  337.96GB/s
        101                       l2_write_throughput                    L2 Throughput (Writes)  131.16GB/s  176.20GB/s  169.14GB/s
        101                                issued_ipc                                Issued IPC    0.342426    0.508568    0.428393

------------------------------------------------------------
Sender: LSF System <ibm003@juronc07>
Subject: Job 53706: <nvprof --metrics achieved_occupancy,dram_read_throughput,dram_utilization,dram_write_throughput,l2_read_throughput,l2_write_throughput,issued_ipc ./../bin/saxpy_high 19 100> in cluster <cluster_lsf_hbp> Done

Job <nvprof --metrics achieved_occupancy,dram_read_throughput,dram_utilization,dram_write_throughput,l2_read_throughput,l2_write_throughput,issued_ipc ./../bin/saxpy_high 19 100> was submitted from host <juronb1> by user <padc005> in cluster <cluster_lsf_hbp>.
Job was executed on host(s) <juronc07>, in queue <normal>, as user <padc005> in cluster <cluster_lsf_hbp>.
</gpfs/homeb/zam/padc005> was used as the home directory.
</gpfs/homeb/zam/padc005/test/saxpy/SAXPY/src> was used as the working directory.
Started at Fri May 12 14:59:24 2017
Results reported on Fri May 12 15:00:00 2017

Your job looked like:

------------------------------------------------------------
# LSBATCH: User input
nvprof --metrics achieved_occupancy,dram_read_throughput,dram_utilization,dram_write_throughput,l2_read_throughput,l2_write_throughput,issued_ipc ./../bin/saxpy_high 19 100
------------------------------------------------------------

Successfully completed.

Resource usage summary:

    CPU time :                                   23.11 sec.
    Max Memory :                                 105 MB
    Average Memory :                             78.20 MB
    Total Requested Memory :                     -
    Delta Memory :                               -
    Max Swap :                                   -
    Max Processes :                              4
    Max Threads :                                13
    Run time :                                   37 sec.
    Turnaround time :                            37 sec.

The output (if any) is above this job summary.

==123931== NVPROF is profiling process 123931, command: ./../bin/saxpy_high 19 100
==123931== Some kernel(s) will be replayed on device 0 in order to collect all events/metrics.
==123931== Profiling application: ./../bin/saxpy_high 19 100
N = 524288
Average time of execution: 177.780056
Maximum time of execution: 361.065216
Mininum time of execution: 70.795555
Average Bandwidth: 0.040044
Maximum Bandwidth: 0.088868
Mininum Bandwidth: 0.017425
==123931== Profiling result:
==123931== Metric result:
Invocations                               Metric Name                        Metric Description         Min         Max         Avg
Device "Tesla P100-SXM2-16GB (0)"
    Kernel: saxpy(int, float, float*, float*)
        101                        achieved_occupancy                        Achieved Occupancy    0.761483    0.836675    0.795990
        101                      dram_read_throughput             Device Memory Read Throughput  237.41GB/s  350.42GB/s  320.36GB/s
        101                          dram_utilization                 Device Memory Utilization     Mid (6)    High (8)    High (7)
        101                     dram_write_throughput            Device Memory Write Throughput  30.631GB/s  171.11GB/s  125.27GB/s
        101                        l2_read_throughput                     L2 Throughput (Reads)  268.29GB/s  364.31GB/s  335.69GB/s
        101                       l2_write_throughput                    L2 Throughput (Writes)  133.95GB/s  203.10GB/s  168.02GB/s
        101                                issued_ipc                                Issued IPC    0.334786    0.506185    0.373219

------------------------------------------------------------
Sender: LSF System <ibm003@juronc15>
Subject: Job 53866: <nvprof --metrics achieved_occupancy,dram_read_throughput,dram_utilization,dram_write_throughput,l2_read_throughput,l2_write_throughput,issued_ipc ./../bin/saxpy_high 19 100> in cluster <cluster_lsf_hbp> Done

Job <nvprof --metrics achieved_occupancy,dram_read_throughput,dram_utilization,dram_write_throughput,l2_read_throughput,l2_write_throughput,issued_ipc ./../bin/saxpy_high 19 100> was submitted from host <juronb1> by user <padc005> in cluster <cluster_lsf_hbp>.
Job was executed on host(s) <juronc15>, in queue <normal>, as user <padc005> in cluster <cluster_lsf_hbp>.
</gpfs/homeb/zam/padc005> was used as the home directory.
</gpfs/homeb/zam/padc005/test/saxpy/SAXPY/src> was used as the working directory.
Started at Mon May 15 12:08:09 2017
Results reported on Mon May 15 12:08:38 2017

Your job looked like:

------------------------------------------------------------
# LSBATCH: User input
nvprof --metrics achieved_occupancy,dram_read_throughput,dram_utilization,dram_write_throughput,l2_read_throughput,l2_write_throughput,issued_ipc ./../bin/saxpy_high 19 100
------------------------------------------------------------

Successfully completed.

Resource usage summary:

    CPU time :                                   19.14 sec.
    Max Memory :                                 105 MB
    Average Memory :                             74.25 MB
    Total Requested Memory :                     -
    Delta Memory :                               -
    Max Swap :                                   -
    Max Processes :                              4
    Max Threads :                                13
    Run time :                                   29 sec.
    Turnaround time :                            30 sec.

The output (if any) is above this job summary.

