Sender: LSF System <ibm003@juronc06>
Subject: Job 8810: <nvprof --metrics achieved_occupancy,dram_read_throughput,dram_utilization,dram_write_throughput,l2_read_throughput,l2_write_throughput,issued_ipc ./../bin/saxpy_many 23 10> in cluster <cluster_lsf_hbp> Done

Job <nvprof --metrics achieved_occupancy,dram_read_throughput,dram_utilization,dram_write_throughput,l2_read_throughput,l2_write_throughput,issued_ipc ./../bin/saxpy_many 23 10> was submitted from host <juronb1> by user <padc005> in cluster <cluster_lsf_hbp>.
Job was executed on host(s) <juronc06>, in queue <normal>, as user <padc005> in cluster <cluster_lsf_hbp>.
</gpfs/homeb/zam/padc005> was used as the home directory.
</gpfs/homeb/zam/padc005/test/saxpy/SAXPY/src> was used as the working directory.
Started at Tue Jan  3 09:39:23 2017
Results reported on Tue Jan  3 09:39:31 2017

Your job looked like:

------------------------------------------------------------
# LSBATCH: User input
nvprof --metrics achieved_occupancy,dram_read_throughput,dram_utilization,dram_write_throughput,l2_read_throughput,l2_write_throughput,issued_ipc ./../bin/saxpy_many 23 10
------------------------------------------------------------

Successfully completed.

Resource usage summary:

    CPU time :                                   5.14 sec.
    Max Memory :                                 706 MB
    Average Memory :                             23.00 MB
    Total Requested Memory :                     -
    Delta Memory :                               -
    Max Swap :                                   -
    Max Processes :                              4
    Max Threads :                                13
    Run time :                                   8 sec.
    Turnaround time :                            8 sec.

The output (if any) follows:

==33698== NVPROF is profiling process 33698, command: ./../bin/saxpy_many 23 10
==33698== Some kernel(s) will be replayed on device 0 in order to collect all events/metrics.
==33698== Profiling application: ./../bin/saxpy_many 23 10
N = 8388608
Max error: 0.000000
Max error: 0.000000
Max error: 0.000000
Max error: 0.000000
Max error: 0.000000
Max error: 0.000000
Max error: 0.000000
Max error: 0.000000
Max error: 0.000000
Max error: 0.000000
Average time of execution: 283.031311
Maximum time of execution: 800.055176
Mininum time of execution: 71.034653
Average Bandwidth: 0.646318
Maximum Bandwidth: 1.417101
Mininum Bandwidth: 0.125820
==33698== Profiling result:
==33698== Metric result:
Invocations                               Metric Name                        Metric Description         Min         Max         Avg
Device "Tesla P100-SXM2-16GB (0)"
    Kernel: saxpy(int, float, float*, float*)
         10                        achieved_occupancy                        Achieved Occupancy    0.885811    0.887828    0.886962
         10                      dram_read_throughput             Device Memory Read Throughput  329.24GB/s  339.12GB/s  335.60GB/s
         10                          dram_utilization                 Device Memory Utilization    High (8)    High (8)    High (8)
         10                     dram_write_throughput            Device Memory Write Throughput  163.63GB/s  173.39GB/s  168.17GB/s
         10                        l2_read_throughput                     L2 Throughput (Reads)  329.27GB/s  339.15GB/s  335.64GB/s
         10                       l2_write_throughput                    L2 Throughput (Writes)  166.32GB/s  180.05GB/s  169.37GB/s
         10                                issued_ipc                                Issued IPC    0.350408    0.367003    0.361285
