Sender: LSF System <ibm003@juronc06>
Subject: Job 8780: <nvprof --metrics achieved_occupancy,dram_read_throughput,dram_utilization,dram_write_throughput,l2_read_throughput,l2_write_throughput,issued_ipc ./../bin/saxpy_many 24 10> in cluster <cluster_lsf_hbp> Done

Job <nvprof --metrics achieved_occupancy,dram_read_throughput,dram_utilization,dram_write_throughput,l2_read_throughput,l2_write_throughput,issued_ipc ./../bin/saxpy_many 24 10> was submitted from host <juronb1> by user <padc005> in cluster <cluster_lsf_hbp>.
Job was executed on host(s) <juronc06>, in queue <normal>, as user <padc005> in cluster <cluster_lsf_hbp>.
</gpfs/homeb/zam/padc005> was used as the home directory.
</gpfs/homeb/zam/padc005/test/saxpy/SAXPY/src> was used as the working directory.
Started at Tue Jan  3 07:10:07 2017
Results reported on Tue Jan  3 07:10:19 2017

Your job looked like:

------------------------------------------------------------
# LSBATCH: User input
nvprof --metrics achieved_occupancy,dram_read_throughput,dram_utilization,dram_write_throughput,l2_read_throughput,l2_write_throughput,issued_ipc ./../bin/saxpy_many 24 10
------------------------------------------------------------

Successfully completed.

Resource usage summary:

    CPU time :                                   7.07 sec.
    Max Memory :                                 1352 MB
    Average Memory :                             689.00 MB
    Total Requested Memory :                     -
    Delta Memory :                               -
    Max Swap :                                   -
    Max Processes :                              4
    Max Threads :                                13
    Run time :                                   10 sec.
    Turnaround time :                            13 sec.

The output (if any) follows:

==156382== NVPROF is profiling process 156382, command: ./../bin/saxpy_many 24 10
==156382== Some kernel(s) will be replayed on device 0 in order to collect all events/metrics.
==156382== Profiling application: ./../bin/saxpy_many 24 10
N = 16777216
Max error: 0.000000
Max error: 0.000000
Max error: 0.000000
Max error: 0.000000
Max error: 0.000000
Max error: 0.000000
Max error: 0.000000
Max error: 0.000000
Max error: 0.000000
Max error: 0.000000
Average time of execution: 262.579483
Maximum time of execution: 737.632080
Mininum time of execution: 65.476128
Average Bandwidth: 1.481653
Maximum Bandwidth: 3.074809
Mininum Bandwidth: 0.272936
==156382== Profiling result:
==156382== Metric result:
Invocations                               Metric Name                        Metric Description         Min         Max         Avg
Device "Tesla P100-SXM2-16GB (0)"
    Kernel: saxpy(int, float, float*, float*)
         10                        achieved_occupancy                        Achieved Occupancy    0.885496    0.888462    0.886471
         10                      dram_read_throughput             Device Memory Read Throughput  337.95GB/s  342.59GB/s  341.06GB/s
         10                          dram_utilization                 Device Memory Utilization    High (8)    High (8)    High (8)
         10                     dram_write_throughput            Device Memory Write Throughput  168.92GB/s  170.76GB/s  169.93GB/s
         10                        l2_read_throughput                     L2 Throughput (Reads)  337.96GB/s  342.60GB/s  341.07GB/s
         10                       l2_write_throughput                    L2 Throughput (Writes)  168.97GB/s  171.29GB/s  170.53GB/s
         10                                issued_ipc                                Issued IPC    0.361505    0.368375    0.365214
