Sender: LSF System <ibm003@juronc06>
Subject: Job 8814: <nvprof --metrics achieved_occupancy,dram_read_throughput,dram_utilization,dram_write_throughput,l2_read_throughput,l2_write_throughput,issued_ipc ./../bin/saxpy_many 25 10> in cluster <cluster_lsf_hbp> Done

Job <nvprof --metrics achieved_occupancy,dram_read_throughput,dram_utilization,dram_write_throughput,l2_read_throughput,l2_write_throughput,issued_ipc ./../bin/saxpy_many 25 10> was submitted from host <juronb1> by user <padc005> in cluster <cluster_lsf_hbp>.
Job was executed on host(s) <juronc06>, in queue <normal>, as user <padc005> in cluster <cluster_lsf_hbp>.
</gpfs/homeb/zam/padc005> was used as the home directory.
</gpfs/homeb/zam/padc005/test/saxpy/SAXPY/src> was used as the working directory.
Started at Tue Jan  3 09:39:23 2017
Results reported on Tue Jan  3 09:39:37 2017

Your job looked like:

------------------------------------------------------------
# LSBATCH: User input
nvprof --metrics achieved_occupancy,dram_read_throughput,dram_utilization,dram_write_throughput,l2_read_throughput,l2_write_throughput,issued_ipc ./../bin/saxpy_many 25 10
------------------------------------------------------------

Successfully completed.

Resource usage summary:

    CPU time :                                   11.14 sec.
    Max Memory :                                 2632 MB
    Average Memory :                             631.00 MB
    Total Requested Memory :                     -
    Delta Memory :                               -
    Max Swap :                                   -
    Max Processes :                              4
    Max Threads :                                13
    Run time :                                   14 sec.
    Turnaround time :                            14 sec.

The output (if any) follows:

==33693== NVPROF is profiling process 33693, command: ./../bin/saxpy_many 25 10
==33693== Some kernel(s) will be replayed on device 0 in order to collect all events/metrics.
==33693== Profiling application: ./../bin/saxpy_many 25 10
N = 33554432
Max error: 0.000000
Max error: 0.000000
Max error: 0.000000
Max error: 0.000000
Max error: 0.000000
Max error: 0.000000
Max error: 0.000000
Max error: 0.000000
Max error: 0.000000
Max error: 0.000000
Average time of execution: 203.060741
Maximum time of execution: 764.761230
Mininum time of execution: 70.938942
Average Bandwidth: 3.661154
Maximum Bandwidth: 5.676053
Mininum Bandwidth: 0.526508
==33693== Profiling result:
==33693== Metric result:
Invocations                               Metric Name                        Metric Description         Min         Max         Avg
Device "Tesla P100-SXM2-16GB (0)"
    Kernel: saxpy(int, float, float*, float*)
         10                        achieved_occupancy                        Achieved Occupancy    0.888029    0.890452    0.888967
         10                      dram_read_throughput             Device Memory Read Throughput  338.47GB/s  341.52GB/s  339.77GB/s
         10                          dram_utilization                 Device Memory Utilization    High (8)    High (8)    High (8)
         10                     dram_write_throughput            Device Memory Write Throughput  169.07GB/s  170.16GB/s  169.57GB/s
         10                        l2_read_throughput                     L2 Throughput (Reads)  338.48GB/s  341.53GB/s  339.78GB/s
         10                       l2_write_throughput                    L2 Throughput (Writes)  169.23GB/s  170.76GB/s  169.89GB/s
         10                                issued_ipc                                Issued IPC    0.360606    0.364515    0.362106
