Passes: 7
N = 2048
Event Trace
(active_warps,78231) (gst_inst_32bit,2048) (gld_inst_32bit,4096) (warps_launched,64) (branch,128) (active_cycles,10049) ; 
Metric Trace
(flop_count_sp,4096) (inst_executed,1216) (dram_read_transactions,0) (dram_write_transactions,12) (l2_read_transactions,1200) (l2_write_transactions,402) (l2_tex_read_transactions,768) (l2_tex_write_transactions,384) ; 
_Z5saxpyifPfS_
Mininum time of execution: 0.016768
Maximum Bandwidth: 1.465649

------------------------------------------------------------
Sender: LSF System <ibm003@juronc11>
Subject: Job 53963: <./saxpy 11 10> in cluster <cluster_lsf_hbp> Done

Job <./saxpy 11 10> was submitted from host <juronb1> by user <padc005> in cluster <cluster_lsf_hbp>.
Job was executed on host(s) <juronc11>, in queue <normal>, as user <padc005> in cluster <cluster_lsf_hbp>.
</gpfs/homeb/zam/padc005> was used as the home directory.
</gpfs/homeb/zam/padc005/test/saxpy/SAXPY/include/cupti_profiler/examples> was used as the working directory.
Started at Mon May 15 20:09:32 2017
Results reported on Mon May 15 20:09:34 2017

Your job looked like:

------------------------------------------------------------
# LSBATCH: User input
./saxpy 11 10
------------------------------------------------------------

Successfully completed.

Resource usage summary:

    CPU time :                                   0.42 sec.
    Max Memory :                                 73 MB
    Average Memory :                             -
    Total Requested Memory :                     -
    Delta Memory :                               -
    Max Swap :                                   -
    Max Processes :                              -
    Max Threads :                                -
    Run time :                                   1 sec.
    Turnaround time :                            2 sec.

The output (if any) is above this job summary.

