Passes: 7
N = 8192
Event Trace
(active_warps,305017) (gst_inst_32bit,8192) (gld_inst_32bit,16384) (warps_launched,256) (branch,512) (active_cycles,39204) ; 
Metric Trace
(flop_count_sp,16384) (inst_executed,4864) (dram_read_transactions,0) (dram_write_transactions,16) (l2_read_transactions,3504) (l2_write_transactions,1553) (l2_tex_read_transactions,3072) (l2_tex_write_transactions,1536) ; 
_Z5saxpyifPfS_
Mininum time of execution: 0.016000
Maximum Bandwidth: 6.143999

------------------------------------------------------------
Sender: LSF System <ibm003@juronc11>
Subject: Job 53965: <./saxpy 13 10> in cluster <cluster_lsf_hbp> Done

Job <./saxpy 13 10> was submitted from host <juronb1> by user <padc005> in cluster <cluster_lsf_hbp>.
Job was executed on host(s) <juronc11>, in queue <normal>, as user <padc005> in cluster <cluster_lsf_hbp>.
</gpfs/homeb/zam/padc005> was used as the home directory.
</gpfs/homeb/zam/padc005/test/saxpy/SAXPY/include/cupti_profiler/examples> was used as the working directory.
Started at Mon May 15 20:09:43 2017
Results reported on Mon May 15 20:09:44 2017

Your job looked like:

------------------------------------------------------------
# LSBATCH: User input
./saxpy 13 10
------------------------------------------------------------

Successfully completed.

Resource usage summary:

    CPU time :                                   0.39 sec.
    Max Memory :                                 71 MB
    Average Memory :                             -
    Total Requested Memory :                     -
    Delta Memory :                               -
    Max Swap :                                   -
    Max Processes :                              -
    Max Threads :                                -
    Run time :                                   1 sec.
    Turnaround time :                            2 sec.

The output (if any) is above this job summary.

