Passes: 7
N = 16384
Event Trace
(active_warps,609154) (gst_inst_32bit,16384) (gld_inst_32bit,32768) (warps_launched,512) (branch,1024) (active_cycles,69139) ; 
Metric Trace
(flop_count_sp,32768) (inst_executed,9728) (dram_read_transactions,0) (dram_write_transactions,12) (l2_read_transactions,6576) (l2_write_transactions,3085) (l2_tex_read_transactions,6144) (l2_tex_write_transactions,3072) ; 
_Z5saxpyifPfS_
Mininum time of execution: 0.012512
Maximum Bandwidth: 15.713555

------------------------------------------------------------
Sender: LSF System <ibm003@juronc11>
Subject: Job 53966: <./saxpy 14 10> in cluster <cluster_lsf_hbp> Done

Job <./saxpy 14 10> was submitted from host <juronb1> by user <padc005> in cluster <cluster_lsf_hbp>.
Job was executed on host(s) <juronc11>, in queue <normal>, as user <padc005> in cluster <cluster_lsf_hbp>.
</gpfs/homeb/zam/padc005> was used as the home directory.
</gpfs/homeb/zam/padc005/test/saxpy/SAXPY/include/cupti_profiler/examples> was used as the working directory.
Started at Mon May 15 20:09:48 2017
Results reported on Mon May 15 20:09:48 2017

Your job looked like:

------------------------------------------------------------
# LSBATCH: User input
./saxpy 14 10
------------------------------------------------------------

Successfully completed.

Resource usage summary:

    CPU time :                                   0.40 sec.
    Max Memory :                                 71 MB
    Average Memory :                             -
    Total Requested Memory :                     -
    Delta Memory :                               -
    Max Swap :                                   -
    Max Processes :                              -
    Max Threads :                                -
    Run time :                                   0 sec.
    Turnaround time :                            1 sec.

The output (if any) is above this job summary.

