Passes: 7
N = 32768
Event Trace
(active_warps,1296842) (gst_inst_32bit,32768) (gld_inst_32bit,65536) (warps_launched,1024) (branch,2048) (active_cycles,79593) ; 
Metric Trace
(flop_count_sp,65536) (inst_executed,19456) (dram_read_transactions,0) (dram_write_transactions,44) (l2_read_transactions,12720) (l2_write_transactions,6157) (l2_tex_read_transactions,12288) (l2_tex_write_transactions,6144) ; 
_Z5saxpyifPfS_
Mininum time of execution: 0.012960
Maximum Bandwidth: 30.340740

------------------------------------------------------------
Sender: LSF System <ibm003@juronc11>
Subject: Job 53967: <./saxpy 15 10> in cluster <cluster_lsf_hbp> Done

Job <./saxpy 15 10> was submitted from host <juronb1> by user <padc005> in cluster <cluster_lsf_hbp>.
Job was executed on host(s) <juronc11>, in queue <normal>, as user <padc005> in cluster <cluster_lsf_hbp>.
</gpfs/homeb/zam/padc005> was used as the home directory.
</gpfs/homeb/zam/padc005/test/saxpy/SAXPY/include/cupti_profiler/examples> was used as the working directory.
Started at Mon May 15 20:09:52 2017
Results reported on Mon May 15 20:09:54 2017

Your job looked like:

------------------------------------------------------------
# LSBATCH: User input
./saxpy 15 10
------------------------------------------------------------

Successfully completed.

Resource usage summary:

    CPU time :                                   0.50 sec.
    Max Memory :                                 73 MB
    Average Memory :                             -
    Total Requested Memory :                     -
    Delta Memory :                               -
    Max Swap :                                   -
    Max Processes :                              -
    Max Threads :                                -
    Run time :                                   1 sec.
    Turnaround time :                            2 sec.

The output (if any) is above this job summary.

