Passes: 7
N = 65536
Event Trace
(active_warps,2627391) (gst_inst_32bit,65536) (gld_inst_32bit,131072) (warps_launched,2048) (branch,4096) (active_cycles,93394) ; 
Metric Trace
(flop_count_sp,131072) (inst_executed,38912) (dram_read_transactions,16) (dram_write_transactions,108) (l2_read_transactions,25008) (l2_write_transactions,12301) (l2_tex_read_transactions,24576) (l2_tex_write_transactions,12288) ; 
_Z5saxpyifPfS_
Mininum time of execution: 0.007648
Maximum Bandwidth: 102.828448

------------------------------------------------------------
Sender: LSF System <ibm003@juronc11>
Subject: Job 53968: <./saxpy 16 10> in cluster <cluster_lsf_hbp> Done

Job <./saxpy 16 10> was submitted from host <juronb1> by user <padc005> in cluster <cluster_lsf_hbp>.
Job was executed on host(s) <juronc11>, in queue <normal>, as user <padc005> in cluster <cluster_lsf_hbp>.
</gpfs/homeb/zam/padc005> was used as the home directory.
</gpfs/homeb/zam/padc005/test/saxpy/SAXPY/include/cupti_profiler/examples> was used as the working directory.
Started at Mon May 15 20:09:57 2017
Results reported on Mon May 15 20:09:58 2017

Your job looked like:

------------------------------------------------------------
# LSBATCH: User input
./saxpy 16 10
------------------------------------------------------------

Successfully completed.

Resource usage summary:

    CPU time :                                   0.41 sec.
    Max Memory :                                 69 MB
    Average Memory :                             -
    Total Requested Memory :                     -
    Delta Memory :                               -
    Max Swap :                                   -
    Max Processes :                              -
    Max Threads :                                -
    Run time :                                   1 sec.
    Turnaround time :                            1 sec.

The output (if any) is above this job summary.

