Passes: 7
N = 131072
Event Trace
(active_warps,5206256) (gst_inst_32bit,131072) (gld_inst_32bit,262144) (warps_launched,4096) (branch,8192) (active_cycles,129320) ; 
Metric Trace
(flop_count_sp,262144) (inst_executed,77824) (dram_read_transactions,28) (dram_write_transactions,88) (l2_read_transactions,49584) (l2_write_transactions,24589) (l2_tex_read_transactions,49152) (l2_tex_write_transactions,24576) ; 
_Z5saxpyifPfS_
Mininum time of execution: 0.006912
Maximum Bandwidth: 227.555552

------------------------------------------------------------
Sender: LSF System <ibm003@juronc11>
Subject: Job 53969: <./saxpy 17 10> in cluster <cluster_lsf_hbp> Done

Job <./saxpy 17 10> was submitted from host <juronb1> by user <padc005> in cluster <cluster_lsf_hbp>.
Job was executed on host(s) <juronc11>, in queue <normal>, as user <padc005> in cluster <cluster_lsf_hbp>.
</gpfs/homeb/zam/padc005> was used as the home directory.
</gpfs/homeb/zam/padc005/test/saxpy/SAXPY/include/cupti_profiler/examples> was used as the working directory.
Started at Mon May 15 20:10:02 2017
Results reported on Mon May 15 20:10:04 2017

Your job looked like:

------------------------------------------------------------
# LSBATCH: User input
./saxpy 17 10
------------------------------------------------------------

Successfully completed.

Resource usage summary:

    CPU time :                                   0.42 sec.
    Max Memory :                                 75 MB
    Average Memory :                             -
    Total Requested Memory :                     -
    Delta Memory :                               -
    Max Swap :                                   -
    Max Processes :                              -
    Max Threads :                                -
    Run time :                                   1 sec.
    Turnaround time :                            2 sec.

The output (if any) is above this job summary.

