Passes: 7
N = 4194304
Event Trace
(active_warps,387566272) (gst_inst_32bit,4194304) (gld_inst_32bit,8388608) (warps_launched,131072) (branch,262144) (active_cycles,6870463) ; 
Metric Trace
(flop_count_sp,8388608) (inst_executed,2490368) (dram_read_transactions,1048661) (dram_write_transactions,1562499) (l2_read_transactions,1573296) (l2_write_transactions,786457) (l2_tex_read_transactions,1572864) (l2_tex_write_transactions,786432) ; 
_Z5saxpyifPfS_
Mininum time of execution: 0.097664
Maximum Bandwidth: 515.355200

------------------------------------------------------------
Sender: LSF System <ibm003@juronc11>
Subject: Job 53974: <./saxpy 22 10> in cluster <cluster_lsf_hbp> Done

Job <./saxpy 22 10> was submitted from host <juronb1> by user <padc005> in cluster <cluster_lsf_hbp>.
Job was executed on host(s) <juronc11>, in queue <normal>, as user <padc005> in cluster <cluster_lsf_hbp>.
</gpfs/homeb/zam/padc005> was used as the home directory.
</gpfs/homeb/zam/padc005/test/saxpy/SAXPY/include/cupti_profiler/examples> was used as the working directory.
Started at Mon May 15 20:10:28 2017
Results reported on Mon May 15 20:10:30 2017

Your job looked like:

------------------------------------------------------------
# LSBATCH: User input
./saxpy 22 10
------------------------------------------------------------

Successfully completed.

Resource usage summary:

    CPU time :                                   1.46 sec.
    Max Memory :                                 101 MB
    Average Memory :                             84.00 MB
    Total Requested Memory :                     -
    Delta Memory :                               -
    Max Swap :                                   -
    Max Processes :                              3
    Max Threads :                                7
    Run time :                                   1 sec.
    Turnaround time :                            3 sec.

The output (if any) is above this job summary.

