Passes: 7
N = 8388608
Event Trace
(active_warps,782329591) (gst_inst_32bit,8388608) (gld_inst_32bit,16777216) (warps_launched,262144) (branch,524288) (active_cycles,13755320) ; 
Metric Trace
(flop_count_sp,16777216) (inst_executed,4980736) (dram_read_transactions,1574148) (dram_write_transactions,3659844) (l2_read_transactions,3146160) (l2_write_transactions,1572886) (l2_tex_read_transactions,3145836) (l2_tex_write_transactions,1277952) ; 
_Z5saxpyifPfS_
Mininum time of execution: 0.191616
Maximum Bandwidth: 525.338688

------------------------------------------------------------
Sender: LSF System <ibm003@juronc11>
Subject: Job 53975: <./saxpy 23 10> in cluster <cluster_lsf_hbp> Done

Job <./saxpy 23 10> was submitted from host <juronb1> by user <padc005> in cluster <cluster_lsf_hbp>.
Job was executed on host(s) <juronc11>, in queue <normal>, as user <padc005> in cluster <cluster_lsf_hbp>.
</gpfs/homeb/zam/padc005> was used as the home directory.
</gpfs/homeb/zam/padc005/test/saxpy/SAXPY/include/cupti_profiler/examples> was used as the working directory.
Started at Mon May 15 20:10:33 2017
Results reported on Mon May 15 20:10:36 2017

Your job looked like:

------------------------------------------------------------
# LSBATCH: User input
./saxpy 23 10
------------------------------------------------------------

Successfully completed.

Resource usage summary:

    CPU time :                                   2.55 sec.
    Max Memory :                                 135 MB
    Average Memory :                             118.00 MB
    Total Requested Memory :                     -
    Delta Memory :                               -
    Max Swap :                                   -
    Max Processes :                              3
    Max Threads :                                7
    Run time :                                   2 sec.
    Turnaround time :                            4 sec.

The output (if any) is above this job summary.

