Passes: 7
N = 16777216
Event Trace
(active_warps,1547826077) (gst_inst_32bit,16777216) (gld_inst_32bit,33554432) (warps_launched,524288) (branch,1048576) (active_cycles,3903101) ; 
Metric Trace
(flop_count_sp,33554432) (inst_executed,9961472) (dram_read_transactions,1575047) (dram_write_transactions,7334041) (l2_read_transactions,6291888) (l2_write_transactions,3145754) (l2_tex_read_transactions,6291736) (l2_tex_write_transactions,1048576) ; 
_Z5saxpyifPfS_
Mininum time of execution: 0.390784
Maximum Bandwidth: 515.186368

------------------------------------------------------------
Sender: LSF System <ibm003@juronc11>
Subject: Job 53976: <./saxpy 24 10> in cluster <cluster_lsf_hbp> Done

Job <./saxpy 24 10> was submitted from host <juronb1> by user <padc005> in cluster <cluster_lsf_hbp>.
Job was executed on host(s) <juronc11>, in queue <normal>, as user <padc005> in cluster <cluster_lsf_hbp>.
</gpfs/homeb/zam/padc005> was used as the home directory.
</gpfs/homeb/zam/padc005/test/saxpy/SAXPY/include/cupti_profiler/examples> was used as the working directory.
Started at Mon May 15 20:10:38 2017
Results reported on Mon May 15 20:10:43 2017

Your job looked like:

------------------------------------------------------------
# LSBATCH: User input
./saxpy 24 10
------------------------------------------------------------

Successfully completed.

Resource usage summary:

    CPU time :                                   4.71 sec.
    Max Memory :                                 201 MB
    Average Memory :                             183.00 MB
    Total Requested Memory :                     -
    Delta Memory :                               -
    Max Swap :                                   -
    Max Processes :                              3
    Max Threads :                                7
    Run time :                                   5 sec.
    Turnaround time :                            6 sec.

The output (if any) is above this job summary.

