Passes: 7
N = 33554432
Event Trace
(active_warps,3111621813) (gst_inst_32bit,33554432) (gld_inst_32bit,67108864) (warps_launched,1041276) (branch,2082535) (active_cycles,0) ; 
Metric Trace
(flop_count_sp,67108864) (inst_executed,19922944) (dram_read_transactions,3149198) (dram_write_transactions,13632061) (l2_read_transactions,12583369) (l2_write_transactions,6291477) (l2_tex_read_transactions,12584116) (l2_tex_write_transactions,0) ; 
_Z5saxpyifPfS_
Mininum time of execution: 0.763104
Maximum Bandwidth: 527.651776

------------------------------------------------------------
Sender: LSF System <ibm003@juronc11>
Subject: Job 53977: <./saxpy 25 10> in cluster <cluster_lsf_hbp> Done

Job <./saxpy 25 10> was submitted from host <juronb1> by user <padc005> in cluster <cluster_lsf_hbp>.
Job was executed on host(s) <juronc11>, in queue <normal>, as user <padc005> in cluster <cluster_lsf_hbp>.
</gpfs/homeb/zam/padc005> was used as the home directory.
</gpfs/homeb/zam/padc005/test/saxpy/SAXPY/include/cupti_profiler/examples> was used as the working directory.
Started at Mon May 15 20:10:43 2017
Results reported on Mon May 15 20:10:54 2017

Your job looked like:

------------------------------------------------------------
# LSBATCH: User input
./saxpy 25 10
------------------------------------------------------------

Successfully completed.

Resource usage summary:

    CPU time :                                   9.24 sec.
    Max Memory :                                 325 MB
    Average Memory :                             237.00 MB
    Total Requested Memory :                     -
    Delta Memory :                               -
    Max Swap :                                   -
    Max Processes :                              3
    Max Threads :                                7
    Run time :                                   10 sec.
    Turnaround time :                            12 sec.

The output (if any) is above this job summary.

