==153171== NVPROF is profiling process 153171, command: ./../bin/saxpy_cputime 10 10
==153171== Some kernel(s) will be replayed on device 0 in order to collect all events/metrics.
==153171== Profiling application: ./../bin/saxpy_cputime 10 10
N = 1024
==153171== Profiling result:
==153171== Metric result:
Invocations                               Metric Name                        Metric Description         Min         Max         Avg
Device "Tesla P100-SXM2-16GB (0)"
    Kernel: saxpy(int, float, float*, float*)
         10                        achieved_occupancy                        Achieved Occupancy    0.121558    0.123529    0.122883
         10                      dram_read_throughput             Device Memory Read Throughput  2.0137GB/s  3.4857GB/s  2.6254GB/s
         10                          dram_utilization                 Device Memory Utilization     Low (1)     Low (1)     Low (1)
         10                     dram_write_throughput            Device Memory Write Throughput  51.550MB/s  1.0644GB/s  603.68MB/s
         10                        l2_read_throughput                     L2 Throughput (Reads)  3.4654GB/s  6.7223GB/s  5.0114GB/s
         10                       l2_write_throughput                    L2 Throughput (Writes)  1.0180GB/s  2.0518GB/s  1.5069GB/s
         10                                issued_ipc                                Issued IPC    0.062587    0.138357    0.080088

------------------------------------------------------------
Sender: LSF System <ibm003@juronc10>
Subject: Job 9975: <nvprof --metrics achieved_occupancy,dram_read_throughput,dram_utilization,dram_write_throughput,l2_read_throughput,l2_write_throughput,issued_ipc ./../bin/saxpy_cputime 10 10> in cluster <cluster_lsf_hbp> Done

Job <nvprof --metrics achieved_occupancy,dram_read_throughput,dram_utilization,dram_write_throughput,l2_read_throughput,l2_write_throughput,issued_ipc ./../bin/saxpy_cputime 10 10> was submitted from host <juronb1> by user <padc005> in cluster <cluster_lsf_hbp>.
Job was executed on host(s) <juronc10>, in queue <normal>, as user <padc005> in cluster <cluster_lsf_hbp>.
</gpfs/homeb/zam/padc005> was used as the home directory.
</gpfs/homeb/zam/padc005/test/saxpy/SAXPY/src> was used as the working directory.
Started at Tue Jan 10 18:41:00 2017
Results reported on Tue Jan 10 18:41:17 2017

Your job looked like:

------------------------------------------------------------
# LSBATCH: User input
nvprof --metrics achieved_occupancy,dram_read_throughput,dram_utilization,dram_write_throughput,l2_read_throughput,l2_write_throughput,issued_ipc ./../bin/saxpy_cputime 10 10
------------------------------------------------------------

Successfully completed.

Resource usage summary:

    CPU time :                                   2.36 sec.
    Max Memory :                                 67 MB
    Average Memory :                             43.50 MB
    Total Requested Memory :                     -
    Delta Memory :                               -
    Max Swap :                                   -
    Max Processes :                              4
    Max Threads :                                13
    Run time :                                   15 sec.
    Turnaround time :                            18 sec.

The output (if any) is above this job summary.

==161167== NVPROF is profiling process 161167, command: ./../bin/saxpy_cputime 10 10
==161167== Some kernel(s) will be replayed on device 0 in order to collect all events/metrics.
==161167== Profiling application: ./../bin/saxpy_cputime 10 10
N = 1024
==161167== Profiling result:
==161167== Metric result:
Invocations                               Metric Name                        Metric Description         Min         Max         Avg
Device "Tesla P100-SXM2-16GB (0)"
    Kernel: saxpy(int, float, float*, float*)
         10                        achieved_occupancy                        Achieved Occupancy    0.122786    0.123167    0.123061
         10                      dram_read_throughput             Device Memory Read Throughput  2.2058GB/s  4.4130GB/s  2.9290GB/s
         10                          dram_utilization                 Device Memory Utilization     Low (1)     Low (1)     Low (1)
         10                     dram_write_throughput            Device Memory Write Throughput  99.083MB/s  612.36MB/s  326.16MB/s
         10                        l2_read_throughput                     L2 Throughput (Reads)  3.7411GB/s  6.7628GB/s  5.1409GB/s
         10                       l2_write_throughput                    L2 Throughput (Writes)  1.1176GB/s  2.0203GB/s  1.5348GB/s
         10                                issued_ipc                                Issued IPC    0.079180    0.093243    0.082970

------------------------------------------------------------
Sender: LSF System <ibm003@juronc04>
Subject: Job 10008: <nvprof --metrics achieved_occupancy,dram_read_throughput,dram_utilization,dram_write_throughput,l2_read_throughput,l2_write_throughput,issued_ipc ./../bin/saxpy_cputime 10 10> in cluster <cluster_lsf_hbp> Done

Job <nvprof --metrics achieved_occupancy,dram_read_throughput,dram_utilization,dram_write_throughput,l2_read_throughput,l2_write_throughput,issued_ipc ./../bin/saxpy_cputime 10 10> was submitted from host <juronb1> by user <padc005> in cluster <cluster_lsf_hbp>.
Job was executed on host(s) <juronc04>, in queue <normal>, as user <padc005> in cluster <cluster_lsf_hbp>.
</gpfs/homeb/zam/padc005> was used as the home directory.
</gpfs/homeb/zam/padc005/test/saxpy/SAXPY/src> was used as the working directory.
Started at Tue Jan 10 18:45:49 2017
Results reported on Tue Jan 10 18:46:03 2017

Your job looked like:

------------------------------------------------------------
# LSBATCH: User input
nvprof --metrics achieved_occupancy,dram_read_throughput,dram_utilization,dram_write_throughput,l2_read_throughput,l2_write_throughput,issued_ipc ./../bin/saxpy_cputime 10 10
------------------------------------------------------------

Successfully completed.

Resource usage summary:

    CPU time :                                   2.49 sec.
    Max Memory :                                 71 MB
    Average Memory :                             44.50 MB
    Total Requested Memory :                     -
    Delta Memory :                               -
    Max Swap :                                   -
    Max Processes :                              4
    Max Threads :                                13
    Run time :                                   15 sec.
    Turnaround time :                            15 sec.

The output (if any) is above this job summary.

