N = 1024
Average time of execution: 0.031356
Maximum time of execution: 0.194880
Mininum time of execution: 0.004000
Average Bandwidth: 0.668007
Maximum Bandwidth: 3.072000
Mininum Bandwidth: 0.063054

------------------------------------------------------------
Sender: LSF System <ibm003@juronc06>
Subject: Job 53847: <./../bin/saxpy_high 10 100> in cluster <cluster_lsf_hbp> Done

Job <./../bin/saxpy_high 10 100> was submitted from host <juronb1> by user <padc005> in cluster <cluster_lsf_hbp>.
Job was executed on host(s) <juronc06>, in queue <normal>, as user <padc005> in cluster <cluster_lsf_hbp>.
</gpfs/homeb/zam/padc005> was used as the home directory.
</gpfs/homeb/zam/padc005/test/saxpy/SAXPY/src> was used as the working directory.
Started at Mon May 15 12:08:08 2017
Results reported on Mon May 15 12:08:15 2017

Your job looked like:

------------------------------------------------------------
# LSBATCH: User input
./../bin/saxpy_high 10 100
------------------------------------------------------------

Successfully completed.

Resource usage summary:

    CPU time :                                   0.37 sec.
    Max Memory :                                 53 MB
    Average Memory :                             9.00 MB
    Total Requested Memory :                     -
    Delta Memory :                               -
    Max Swap :                                   -
    Max Processes :                              3
    Max Threads :                                4
    Run time :                                   3 sec.
    Turnaround time :                            7 sec.

The output (if any) is above this job summary.

