Sender: LSF System <ibm003@juronc03>
Subject: Job 8793: <./../bin/saxpy_many 15 10> in cluster <cluster_lsf_hbp> Done

Job <./../bin/saxpy_many 15 10> was submitted from host <juronb1> by user <padc005> in cluster <cluster_lsf_hbp>.
Job was executed on host(s) <juronc03>, in queue <normal>, as user <padc005> in cluster <cluster_lsf_hbp>.
</gpfs/homeb/zam/padc005> was used as the home directory.
</gpfs/homeb/zam/padc005/test/saxpy/SAXPY/src> was used as the working directory.
Started at Tue Jan  3 09:39:24 2017
Results reported on Tue Jan  3 09:39:29 2017

Your job looked like:

------------------------------------------------------------
# LSBATCH: User input
./../bin/saxpy_many 15 10
------------------------------------------------------------

Successfully completed.

Resource usage summary:

    CPU time :                                   0.14 sec.
    Max Memory :                                 50 MB
    Average Memory :                             11.00 MB
    Total Requested Memory :                     -
    Delta Memory :                               -
    Max Swap :                                   -
    Max Processes :                              3
    Max Threads :                                6
    Run time :                                   3 sec.
    Turnaround time :                            6 sec.

The output (if any) follows:

N = 32768
Max error: 0.000000
Max error: 0.000000
Max error: 0.000000
Max error: 0.000000
Max error: 0.000000
Max error: 0.000000
Max error: 0.000000
Max error: 0.000000
Max error: 0.000000
Max error: 0.000000
Average time of execution: 0.005878
Maximum time of execution: 0.013856
Mininum time of execution: 0.003872
Average Bandwidth: 75.156836
Maximum Bandwidth: 101.553720
Mininum Bandwidth: 28.378752
