Sender: LSF System <ibm003@juronc14>
Subject: Job 8763: <./../bin/saxpy_many 16 10> in cluster <cluster_lsf_hbp> Done

Job <./../bin/saxpy_many 16 10> was submitted from host <juronb1> by user <padc005> in cluster <cluster_lsf_hbp>.
Job was executed on host(s) <juronc14>, in queue <normal>, as user <padc005> in cluster <cluster_lsf_hbp>.
</gpfs/homeb/zam/padc005> was used as the home directory.
</gpfs/homeb/zam/padc005/test/saxpy/SAXPY/src> was used as the working directory.
Started at Tue Jan  3 07:10:07 2017
Results reported on Tue Jan  3 07:10:13 2017

Your job looked like:

------------------------------------------------------------
# LSBATCH: User input
./../bin/saxpy_many 16 10
------------------------------------------------------------

Successfully completed.

Resource usage summary:

    CPU time :                                   0.17 sec.
    Max Memory :                                 48 MB
    Average Memory :                             10.00 MB
    Total Requested Memory :                     -
    Delta Memory :                               -
    Max Swap :                                   -
    Max Processes :                              3
    Max Threads :                                6
    Run time :                                   4 sec.
    Turnaround time :                            7 sec.

The output (if any) follows:

N = 65536
Max error: 0.000000
Max error: 0.000000
Max error: 0.000000
Max error: 0.000000
Max error: 0.000000
Max error: 0.000000
Max error: 0.000000
Max error: 0.000000
Max error: 0.000000
Max error: 0.000000
Average time of execution: 0.005846
Maximum time of execution: 0.013248
Mininum time of execution: 0.004128
Average Bandwidth: 160.810286
Maximum Bandwidth: 190.511632
Mininum Bandwidth: 59.362316
