N = 131072
Average time of execution: 0.014040
Maximum time of execution: 0.213344
Mininum time of execution: 0.005024
Average Bandwidth: 233.075638
Maximum Bandwidth: 313.070048
Mininum Bandwidth: 7.372432

------------------------------------------------------------
Sender: LSF System <ibm003@juronc06>
Subject: Job 53861: <./../bin/saxpy_high 17 100> in cluster <cluster_lsf_hbp> Done

Job <./../bin/saxpy_high 17 100> was submitted from host <juronb1> by user <padc005> in cluster <cluster_lsf_hbp>.
Job was executed on host(s) <juronc06>, in queue <normal>, as user <padc005> in cluster <cluster_lsf_hbp>.
</gpfs/homeb/zam/padc005> was used as the home directory.
</gpfs/homeb/zam/padc005/test/saxpy/SAXPY/src> was used as the working directory.
Started at Mon May 15 12:08:09 2017
Results reported on Mon May 15 12:08:19 2017

Your job looked like:

------------------------------------------------------------
# LSBATCH: User input
./../bin/saxpy_high 17 100
------------------------------------------------------------

Successfully completed.

Resource usage summary:

    CPU time :                                   1.79 sec.
    Max Memory :                                 49 MB
    Average Memory :                             1.00 MB
    Total Requested Memory :                     -
    Delta Memory :                               -
    Max Swap :                                   -
    Max Processes :                              3
    Max Threads :                                6
    Run time :                                   10 sec.
    Turnaround time :                            11 sec.

The output (if any) is above this job summary.

