N = 1048576
Average time of execution: 0.039912
Maximum time of execution: 0.287488
Mininum time of execution: 0.026688
Average Bandwidth: 427.238268
Maximum Bandwidth: 471.482016
Mininum Bandwidth: 43.768476

------------------------------------------------------------
Sender: LSF System <ibm003@juronc15>
Subject: Job 53867: <./../bin/saxpy_high 20 100> in cluster <cluster_lsf_hbp> Done

Job <./../bin/saxpy_high 20 100> was submitted from host <juronb1> by user <padc005> in cluster <cluster_lsf_hbp>.
Job was executed on host(s) <juronc15>, in queue <normal>, as user <padc005> in cluster <cluster_lsf_hbp>.
</gpfs/homeb/zam/padc005> was used as the home directory.
</gpfs/homeb/zam/padc005/test/saxpy/SAXPY/src> was used as the working directory.
Started at Mon May 15 12:08:09 2017
Results reported on Mon May 15 12:08:20 2017

Your job looked like:

------------------------------------------------------------
# LSBATCH: User input
./../bin/saxpy_high 20 100
------------------------------------------------------------

Successfully completed.

Resource usage summary:

    CPU time :                                   8.09 sec.
    Max Memory :                                 49 MB
    Average Memory :                             18.50 MB
    Total Requested Memory :                     -
    Delta Memory :                               -
    Max Swap :                                   -
    Max Processes :                              3
    Max Threads :                                6
    Run time :                                   10 sec.
    Turnaround time :                            12 sec.

The output (if any) is above this job summary.

