N = 2097152
Average time of execution: 0.065069
Maximum time of execution: 0.199872
Mininum time of execution: 0.049632
Average Bandwidth: 454.211761
Maximum Bandwidth: 507.048352
Mininum Bandwidth: 125.909704

------------------------------------------------------------
Sender: LSF System <ibm003@juronc15>
Subject: Job 53869: <./../bin/saxpy_high 21 100> in cluster <cluster_lsf_hbp> Done

Job <./../bin/saxpy_high 21 100> was submitted from host <juronb1> by user <padc005> in cluster <cluster_lsf_hbp>.
Job was executed on host(s) <juronc15>, in queue <normal>, as user <padc005> in cluster <cluster_lsf_hbp>.
</gpfs/homeb/zam/padc005> was used as the home directory.
</gpfs/homeb/zam/padc005/test/saxpy/SAXPY/src> was used as the working directory.
Started at Mon May 15 12:08:09 2017
Results reported on Mon May 15 12:08:20 2017

Your job looked like:

------------------------------------------------------------
# LSBATCH: User input
./../bin/saxpy_high 21 100
------------------------------------------------------------

Successfully completed.

Resource usage summary:

    CPU time :                                   9.03 sec.
    Max Memory :                                 54 MB
    Average Memory :                             24.00 MB
    Total Requested Memory :                     -
    Delta Memory :                               -
    Max Swap :                                   -
    Max Processes :                              3
    Max Threads :                                6
    Run time :                                   11 sec.
    Turnaround time :                            12 sec.

The output (if any) is above this job summary.

