N = 4194304
Average time of execution: 0.103983
Maximum time of execution: 0.258944
Mininum time of execution: 0.095072
Average Bandwidth: 506.475261
Maximum Bandwidth: 529.405568
Mininum Bandwidth: 194.372704

------------------------------------------------------------
Sender: LSF System <ibm003@juronc15>
Subject: Job 53871: <./../bin/saxpy_high 22 100> in cluster <cluster_lsf_hbp> Done

Job <./../bin/saxpy_high 22 100> was submitted from host <juronb1> by user <padc005> in cluster <cluster_lsf_hbp>.
Job was executed on host(s) <juronc15>, in queue <normal>, as user <padc005> in cluster <cluster_lsf_hbp>.
</gpfs/homeb/zam/padc005> was used as the home directory.
</gpfs/homeb/zam/padc005/test/saxpy/SAXPY/src> was used as the working directory.
Started at Mon May 15 12:08:09 2017
Results reported on Mon May 15 12:08:40 2017

Your job looked like:

------------------------------------------------------------
# LSBATCH: User input
./../bin/saxpy_high 22 100
------------------------------------------------------------

Successfully completed.

Resource usage summary:

    CPU time :                                   28.85 sec.
    Max Memory :                                 60 MB
    Average Memory :                             41.75 MB
    Total Requested Memory :                     -
    Delta Memory :                               -
    Max Swap :                                   -
    Max Processes :                              3
    Max Threads :                                6
    Run time :                                   30 sec.
    Turnaround time :                            32 sec.

The output (if any) is above this job summary.

