N = 8388608
Average time of execution: 0.192939
Maximum time of execution: 0.393056
Mininum time of execution: 0.186912
Average Bandwidth: 526.603985
Maximum Bandwidth: 538.559808
Mininum Bandwidth: 256.104208

------------------------------------------------------------
Sender: LSF System <ibm003@juronc15>
Subject: Job 53873: <./../bin/saxpy_high 23 100> in cluster <cluster_lsf_hbp> Done

Job <./../bin/saxpy_high 23 100> was submitted from host <juronb1> by user <padc005> in cluster <cluster_lsf_hbp>.
Job was executed on host(s) <juronc15>, in queue <normal>, as user <padc005> in cluster <cluster_lsf_hbp>.
</gpfs/homeb/zam/padc005> was used as the home directory.
</gpfs/homeb/zam/padc005/test/saxpy/SAXPY/src> was used as the working directory.
Started at Mon May 15 12:08:09 2017
Results reported on Mon May 15 12:08:44 2017

Your job looked like:

------------------------------------------------------------
# LSBATCH: User input
./../bin/saxpy_high 23 100
------------------------------------------------------------

Successfully completed.

Resource usage summary:

    CPU time :                                   33.07 sec.
    Max Memory :                                 82 MB
    Average Memory :                             63.80 MB
    Total Requested Memory :                     -
    Delta Memory :                               -
    Max Swap :                                   -
    Max Processes :                              3
    Max Threads :                                6
    Run time :                                   35 sec.
    Turnaround time :                            36 sec.

The output (if any) is above this job summary.

