Sender: LSF System <ibm003@juronc06>
Subject: Job 8811: <./../bin/saxpy_many 24 10> in cluster <cluster_lsf_hbp> Done

Job <./../bin/saxpy_many 24 10> was submitted from host <juronb1> by user <padc005> in cluster <cluster_lsf_hbp>.
Job was executed on host(s) <juronc06>, in queue <normal>, as user <padc005> in cluster <cluster_lsf_hbp>.
</gpfs/homeb/zam/padc005> was used as the home directory.
</gpfs/homeb/zam/padc005/test/saxpy/SAXPY/src> was used as the working directory.
Started at Tue Jan  3 09:39:23 2017
Results reported on Tue Jan  3 09:39:30 2017

Your job looked like:

------------------------------------------------------------
# LSBATCH: User input
./../bin/saxpy_many 24 10
------------------------------------------------------------

Successfully completed.

Resource usage summary:

    CPU time :                                   4.54 sec.
    Max Memory :                                 1301 MB
    Average Memory :                             54.00 MB
    Total Requested Memory :                     -
    Delta Memory :                               -
    Max Swap :                                   -
    Max Processes :                              3
    Max Threads :                                6
    Run time :                                   6 sec.
    Turnaround time :                            7 sec.

The output (if any) follows:

N = 16777216
Max error: 0.000000
Max error: 0.000000
Max error: 0.000000
Max error: 0.000000
Max error: 0.000000
Max error: 0.000000
Max error: 0.000000
Max error: 0.000000
Max error: 0.000000
Max error: 0.000000
Average time of execution: 0.370173
Maximum time of execution: 0.372320
Mininum time of execution: 0.367488
Average Bandwidth: 543.878432
Maximum Bandwidth: 547.845376
Mininum Bandwidth: 540.735360
