Sender: LSF System <ibm003@juronc06>
Subject: Job 8781: <./../bin/saxpy_many 25 10> in cluster <cluster_lsf_hbp> Done

Job <./../bin/saxpy_many 25 10> was submitted from host <juronb1> by user <padc005> in cluster <cluster_lsf_hbp>.
Job was executed on host(s) <juronc06>, in queue <normal>, as user <padc005> in cluster <cluster_lsf_hbp>.
</gpfs/homeb/zam/padc005> was used as the home directory.
</gpfs/homeb/zam/padc005/test/saxpy/SAXPY/src> was used as the working directory.
Started at Tue Jan  3 07:10:07 2017
Results reported on Tue Jan  3 07:10:18 2017

Your job looked like:

------------------------------------------------------------
# LSBATCH: User input
./../bin/saxpy_many 25 10
------------------------------------------------------------

Successfully completed.

Resource usage summary:

    CPU time :                                   8.84 sec.
    Max Memory :                                 2578 MB
    Average Memory :                             1269.50 MB
    Total Requested Memory :                     -
    Delta Memory :                               -
    Max Swap :                                   -
    Max Processes :                              3
    Max Threads :                                6
    Run time :                                   10 sec.
    Turnaround time :                            12 sec.

The output (if any) follows:

N = 33554432
Max error: 0.000000
Max error: 0.000000
Max error: 0.000000
Max error: 0.000000
Max error: 0.000000
Max error: 0.000000
Max error: 0.000000
Max error: 0.000000
Max error: 0.000000
Max error: 0.000000
Average time of execution: 0.738810
Maximum time of execution: 0.749920
Mininum time of execution: 0.735264
Average Bandwidth: 545.019930
Maximum Bandwidth: 547.630784
Mininum Bandwidth: 536.928192
